#
# A fatal error has been detected by the Java Runtime Environment:
#
#  SIGSEGV (0xb) at pc=0x7389357f, pid=2628, tid=2041736000
#
# JRE version: Java(TM) SE Runtime Environment (7.0_51-b13) (build 1.7.0_51-b13)
# Java VM: Java HotSpot(TM) Server VM (24.51-b03 mixed mode linux-x86 )
# Problematic frame:
# C  0x7389357f
#
# Failed to write core dump. Core dumps have been disabled. To enable core dumping, try "ulimit -c unlimited" before starting Java again
#
# If you would like to submit a bug report, please visit:
#   http://bugreport.sun.com/bugreport/crash.jsp
# The crash happened outside the Java Virtual Machine in native code.
# See problematic frame for where to report the bug.
#

---------------  T H R E A D  ---------------

Current thread (0x7f9ca800):  JavaThread "JavaFX Application Thread" [_thread_in_native, id=2649, stack(0x79ad6000,0x79b27000)]

siginfo:si_signo=SIGSEGV: si_errno=0, si_code=1 (SEGV_MAPERR), si_addr=0x00000004

Registers:
EAX=0x00000000, EBX=0x00000000, ECX=0x73a536b0, EDX=0x740c4830
ESP=0x79b24f90, EBP=0x79b24fd8, ESI=0xfffffffe, EDI=0x770c8588
EIP=0x7389357f, EFLAGS=0x00210246, CR2=0x00000004

Top of Stack: (sp=0x79b24f90)
0x79b24f90:   770c8588 00000000 fffffffe 73a536b0
0x79b24fa0:   71cb3e14 73893543 ffffffff 00000010
0x79b24fb0:   79554ae0 72b16e00 00000000 794f2ff4
0x79b24fc0:   79b2507c 00000000 79b25008 794f2ff4
0x79b24fd0:   79b25188 794ff228 79b25068 78e6a771
0x79b24fe0:   7368e700 7953f04c 770c8538 00000000
0x79b24ff0:   794ff228 79554ae0 00000000 794f2ff4
0x79b25000:   71e1e2a8 79b2507c 79b25158 7829d556 

Instructions: (pc=0x7389357f)
0x7389355f:   3c 81 79 04 b0 72 b1 72 0f 85 c4 01 00 00 ba 30
0x7389356f:   48 0c 74 81 7a 04 60 68 b1 72 0f 85 c1 01 00 00
0x7389357f:   81 7b 04 c0 49 26 74 0f 85 c3 01 00 00 c7 41 04
0x7389358f:   10 72 b1 72 8b 59 08 89 73 3c 89 43 38 c7 41 04 

Register to memory mapping:

EAX=0x00000000 is an unknown value
EBX=0x00000000 is an unknown value
ECX=0x73a536b0 is an unknown value
EDX=0x740c4830 is an unknown value
ESP=0x79b24f90 is pointing into the stack for thread: 0x7f9ca800
EBP=0x79b24fd8 is pointing into the stack for thread: 0x7f9ca800
ESI=0xfffffffe is an unknown value
EDI=0x770c8588 is an unknown value


Stack: [0x79ad6000,0x79b27000],  sp=0x79b24f90,  free space=315k
Native frames: (J=compiled Java code, j=interpreted, Vv=VM code, C=native code)
C  0x7389357f
C  [libjfxwebkit.so+0xff6771]  JSValueCreateJSONString+0xf6e1
C  [libjfxwebkit.so+0x1017416]  JSValueCreateJSONString+0x30386
C  [libjfxwebkit.so+0x1dfd5e]  Java_com_sun_webpane_webkit_dom_EventListenerImpl_twkCreatePeer+0x6805e
C  [libjfxwebkit.so+0x1e01c5]  Java_com_sun_webpane_webkit_dom_EventListenerImpl_twkCreatePeer+0x684c5
C  [libjfxwebkit.so+0x1e02eb]  Java_com_sun_webpane_webkit_dom_EventListenerImpl_twkCreatePeer+0x685eb
C  [libjfxwebkit.so+0x6c7254]  Java_com_sun_webpane_webkit_dom_EventListenerImpl_twkCreatePeer+0x54f554
C  [libjfxwebkit.so+0x80bfa9]  Java_com_sun_webpane_webkit_network_URLLoader_twkWillSendRequest+0x1e629
C  [libjfxwebkit.so+0x80c011]  Java_com_sun_webpane_webkit_network_URLLoader_twkWillSendRequest+0x1e691
C  [libjfxwebkit.so+0x7b3a38]  Java_com_sun_webpane_webkit_Timer_twkFireTimerEvent+0x18
j  com.sun.webpane.webkit.Timer.twkFireTimerEvent()V+0
j  com.sun.webpane.webkit.Timer.fireTimerEvent(J)V+45
j  com.sun.webpane.webkit.Timer.notifyTick()V+25
j  javafx.scene.web.WebEngine$PulseTimer$2.pulse()V+3
j  com.sun.javafx.tk.Toolkit$5.run()Ljava/lang/Void;+4
j  com.sun.javafx.tk.Toolkit$5.run()Ljava/lang/Object;+1
v  ~StubRoutines::call_stub
V  [libjvm.so+0x480885]  JavaCalls::call_helper(JavaValue*, methodHandle*, JavaCallArguments*, Thread*)+0x315
V  [libjvm.so+0x6770c9]  os::os_exception_wrapper(void (*)(JavaValue*, methodHandle*, JavaCallArguments*, Thread*), JavaValue*, methodHandle*, JavaCallArguments*, Thread*)+0x19
V  [libjvm.so+0x47f4ff]  JavaCalls::call(JavaValue*, methodHandle, JavaCallArguments*, Thread*)+0x2f
V  [libjvm.so+0x505119]  JVM_DoPrivileged+0x249
C  [libjava.so+0x9ada]  Java_java_security_AccessController_doPrivileged__Ljava_security_PrivilegedAction_2Ljava_security_AccessControlContext_2+0x3a
j  java.security.AccessController.doPrivileged(Ljava/security/PrivilegedAction;Ljava/security/AccessControlContext;)Ljava/lang/Object;+0
j  com.sun.javafx.tk.Toolkit.runPulse(Lcom/sun/javafx/tk/TKPulseListener;Ljava/security/AccessControlContext;)V+24
j  com.sun.javafx.tk.Toolkit.firePulse()V+165
j  com.sun.javafx.tk.quantum.QuantumToolkit.pulse()V+100
j  com.sun.javafx.tk.quantum.QuantumToolkit$9.run()V+4
j  com.sun.glass.ui.InvokeLaterDispatcher$Future.run()V+4
v  ~StubRoutines::call_stub
V  [libjvm.so+0x480885]  JavaCalls::call_helper(JavaValue*, methodHandle*, JavaCallArguments*, Thread*)+0x315
V  [libjvm.so+0x6770c9]  os::os_exception_wrapper(void (*)(JavaValue*, methodHandle*, JavaCallArguments*, Thread*), JavaValue*, methodHandle*, JavaCallArguments*, Thread*)+0x19
V  [libjvm.so+0x47f4ff]  JavaCalls::call(JavaValue*, methodHandle, JavaCallArguments*, Thread*)+0x2f
V  [libjvm.so+0x4bcb05]  jni_invoke_nonstatic(JNIEnv_*, JavaValue*, _jobject*, JNICallType, _jmethodID*, JNI_ArgumentPusher*, Thread*)+0x2a5
V  [libjvm.so+0x4c1e1d]  jni_CallVoidMethodV+0xbd
C  [libglass.so+0xe6c9]  JNIEnv_::CallVoidMethod(_jobject*, _jmethodID*, ...)+0x29
C  [libglass.so+0xd747]  call_runnable(void*)+0x47

Java frames: (J=compiled Java code, j=interpreted, Vv=VM code)
j  com.sun.webpane.webkit.Timer.twkFireTimerEvent()V+0
j  com.sun.webpane.webkit.Timer.fireTimerEvent(J)V+45
j  com.sun.webpane.webkit.Timer.notifyTick()V+25
j  javafx.scene.web.WebEngine$PulseTimer$2.pulse()V+3
j  com.sun.javafx.tk.Toolkit$5.run()Ljava/lang/Void;+4
j  com.sun.javafx.tk.Toolkit$5.run()Ljava/lang/Object;+1
v  ~StubRoutines::call_stub
j  java.security.AccessController.doPrivileged(Ljava/security/PrivilegedAction;Ljava/security/AccessControlContext;)Ljava/lang/Object;+0
j  com.sun.javafx.tk.Toolkit.runPulse(Lcom/sun/javafx/tk/TKPulseListener;Ljava/security/AccessControlContext;)V+24
j  com.sun.javafx.tk.Toolkit.firePulse()V+165
j  com.sun.javafx.tk.quantum.QuantumToolkit.pulse()V+100
j  com.sun.javafx.tk.quantum.QuantumToolkit$9.run()V+4
j  com.sun.glass.ui.InvokeLaterDispatcher$Future.run()V+4
v  ~StubRoutines::call_stub
j  com.sun.glass.ui.gtk.GtkApplication._runLoop([Ljava/lang/String;Lcom/sun/glass/ui/Launchable;Z)V+0
j  com.sun.glass.ui.gtk.GtkApplication$3$1.run()V+38
j  java.lang.Thread.run()V+11
v  ~StubRoutines::call_stub

---------------  P R O C E S S  ---------------

Java Threads: ( => current thread )
  0x754cb000 JavaThread "Thread-11" daemon [_thread_blocked, id=2706, stack(0x7597d000,0x759ce000)]
  0x7374f400 JavaThread "Thread-10" daemon [_thread_blocked, id=2705, stack(0x7592c000,0x7597d000)]
  0x764cdc00 JavaThread "URL-Loader-20" daemon [_thread_blocked, id=2693, stack(0x74fab000,0x74ffc000)]
  0x75205800 JavaThread "URL-Loader-19" daemon [_thread_blocked, id=2692, stack(0x765af000,0x76600000)]
  0x757e8800 JavaThread "URL-Loader-18" daemon [_thread_blocked, id=2691, stack(0x7588a000,0x758db000)]
  0x7570a000 JavaThread "URL-Loader-17" daemon [_thread_in_native, id=2690, stack(0x758db000,0x7592c000)]
  0x764d8c00 JavaThread "URL-Loader-16" daemon [_thread_blocked, id=2673, stack(0x75dc9000,0x75e1a000)]
  0x766c4000 JavaThread "URL-Loader-15" daemon [_thread_blocked, id=2672, stack(0x75e1a000,0x75e6b000)]
  0x766c2000 JavaThread "URL-Loader-14" daemon [_thread_blocked, id=2671, stack(0x75e6b000,0x75ebc000)]
  0x766c0000 JavaThread "URL-Loader-13" daemon [_thread_blocked, id=2670, stack(0x75ebc000,0x75f0d000)]
  0x766be400 JavaThread "URL-Loader-12" daemon [_thread_blocked, id=2669, stack(0x75f0d000,0x75f5e000)]
  0x76014000 JavaThread "URL-Loader-11" daemon [_thread_blocked, id=2668, stack(0x75f5e000,0x75faf000)]
  0x766bc800 JavaThread "URL-Loader-10" daemon [_thread_in_native, id=2667, stack(0x75faf000,0x76000000)]
  0x764cec00 JavaThread "URL-Loader-9" daemon [_thread_in_native, id=2666, stack(0x76119000,0x7616a000)]
  0x7648e400 JavaThread "URL-Loader-8" daemon [_thread_blocked, id=2665, stack(0x7616a000,0x761bb000)]
  0x76486800 JavaThread "URL-Loader-7" daemon [_thread_blocked, id=2664, stack(0x761bb000,0x7620c000)]
  0x76484000 JavaThread "URL-Loader-6" daemon [_thread_blocked, id=2663, stack(0x7620c000,0x7625d000)]
  0x76476c00 JavaThread "URL-Loader-5" daemon [_thread_blocked, id=2662, stack(0x7625d000,0x762ae000)]
  0x76436000 JavaThread "URL-Loader-4" daemon [_thread_blocked, id=2661, stack(0x762ae000,0x762ff000)]
  0x76449400 JavaThread "URL-Loader-3" daemon [_thread_blocked, id=2660, stack(0x762ff000,0x76350000)]
  0x79700400 JavaThread "URL-Loader-2" daemon [_thread_in_native, id=2659, stack(0x7650d000,0x7655e000)]
  0x7d9af800 JavaThread "Keep-Alive-Timer" daemon [_thread_blocked, id=2657, stack(0x7655e000,0x765af000)]
  0x797b6000 JavaThread "URL-Loader-1" daemon [_thread_blocked, id=2654, stack(0x76f93000,0x76fe4000)]
  0x799fbc00 JavaThread "Prism Font Disposer" daemon [_thread_blocked, id=2653, stack(0x76fe4000,0x77035000)]
  0x79574800 JavaThread "Abandoned connection cleanup thread" daemon [_thread_blocked, id=2652, stack(0x77058000,0x770a9000)]
  0x79546400 JavaThread "Disposer" daemon [_thread_blocked, id=2650, stack(0x77cc9000,0x77d1a000)]
=>0x7f9ca800 JavaThread "JavaFX Application Thread" [_thread_in_native, id=2649, stack(0x79ad6000,0x79b27000)]
  0x7f9c9c00 JavaThread "Thread-3" daemon [_thread_blocked, id=2648, stack(0x79b27000,0x79b78000)]
  0x7f97e000 JavaThread "Disposer" daemon [_thread_blocked, id=2647, stack(0x7aedf000,0x7af30000)]
  0x7f979400 JavaThread "QuantumRenderer-0" daemon [_thread_blocked, id=2646, stack(0x7d203000,0x7d254000)]
  0x7d9b5c00 JavaThread "JavaFX-Launcher" [_thread_blocked, id=2645, stack(0x7d267000,0x7d2b8000)]
  0x7d9a5800 JavaThread "traceMsgQueueThread" daemon [_thread_blocked, id=2643, stack(0x7d2d8000,0x7d329000)]
  0x7d92a000 JavaThread "Service Thread" daemon [_thread_blocked, id=2641, stack(0x7d439000,0x7d48a000)]
  0x7d928000 JavaThread "C2 CompilerThread1" daemon [_thread_blocked, id=2640, stack(0x7d48a000,0x7d50b000)]
  0x7d926000 JavaThread "C2 CompilerThread0" daemon [_thread_blocked, id=2639, stack(0x7d50b000,0x7d58c000)]
  0x7d924800 JavaThread "Signal Dispatcher" daemon [_thread_blocked, id=2638, stack(0x7d58c000,0x7d5dd000)]
  0x7d914400 JavaThread "Finalizer" daemon [_thread_blocked, id=2637, stack(0x7d7dd000,0x7d82e000)]
  0x7d911c00 JavaThread "Reference Handler" daemon [_thread_blocked, id=2636, stack(0x7d82e000,0x7d87f000)]
  0xb6607800 JavaThread "main" [_thread_blocked, id=2631, stack(0xb67a3000,0xb67f4000)]

Other Threads:
  0x7d910400 VMThread [stack: 0x7d87f000,0x7d900000] [id=2635]
  0x7d92c000 WatcherThread [stack: 0x7d3b8000,0x7d439000] [id=2642]

VM state:not at safepoint (normal execution)

VM Mutex/Monitor currently owned by a thread: None

Heap
 PSYoungGen      total 108032K, used 79815K [0xa3880000, 0xaac80000, 0xb3540000)
  eden space 100352K, 73% used [0xa3880000,0xa803ba40,0xa9a80000)
  from space 7680K, 82% used [0xaa300000,0xaa936530,0xaaa80000)
  to   space 8704K, 0% used [0xa9a80000,0xa9a80000,0xaa300000)
 ParOldGen       total 32256K, used 15926K [0x83f40000, 0x85ec0000, 0xa3880000)
  object space 32256K, 49% used [0x83f40000,0x84ecdb40,0x85ec0000)
 PSPermGen       total 16384K, used 15734K [0x7ff40000, 0x80f40000, 0x83f40000)
  object space 16384K, 96% used [0x7ff40000,0x80e9d8a0,0x80f40000)

Card table byte_map: [0x7fda4000,0x7ff40000] byte_map_base: 0x7f9a4600

Polling page: 0xb772a000

Code Cache  [0xb3600000, 0xb3840000, 0xb6600000)
 total_blobs=877 nmethods=524 adapters=306 free_code_cache=47775Kb largest_free_block=48887808

Compilation events (10 events):
Event: 31.755 Thread 0x7d926000 nmethod 577 0xb3755288 code [0xb3755380, 0xb37553f0]
Event: 31.775 Thread 0x7d928000 nmethod 576 0xb3756e08 code [0xb3757040, 0xb37579f4]
Event: 31.833 Thread 0x7d926000  578             com.sun.javafx.geom.RectBounds::setBounds (33 bytes)
Event: 31.835 Thread 0x7d926000 nmethod 578 0xb3755088 code [0xb3755180, 0xb37551f0]
Event: 32.417 Thread 0x7d926000  579             javafx.scene.Node::getParent (22 bytes)
Event: 32.421 Thread 0x7d926000 nmethod 579 0xb3756b08 code [0xb3756c00, 0xb3756cfc]
Event: 32.908 Thread 0x7d928000  580  s          sun.net.www.MessageHeader::filterAndAddHeaders (331 bytes)
Event: 32.983 Thread 0x7d928000 nmethod 580 0xb375dc88 code [0xb375df20, 0xb375f1d4]
Event: 32.988 Thread 0x7d926000  581             sun.security.provider.ByteArrayAccess::i2bBig4 (111 bytes)
Event: 32.989 Thread 0x7d926000 nmethod 581 0xb3756908 code [0xb3756a00, 0xb3756a70]

GC Heap History (10 events):
Event: 14.746 GC heap before
{Heap before GC invocations=10 (full 0):
 PSYoungGen      total 32512K, used 24627K [0xa3880000, 0xa6e80000, 0xb3540000)
  eden space 24576K, 99% used [0xa3880000,0xa5071ff8,0xa5080000)
  from space 7936K, 1% used [0xa5080000,0xa509aec8,0xa5840000)
  to   space 7936K, 0% used [0xa66c0000,0xa66c0000,0xa6e80000)
 ParOldGen       total 32256K, used 15922K [0x83f40000, 0x85ec0000, 0xa3880000)
  object space 32256K, 49% used [0x83f40000,0x84eccb40,0x85ec0000)
 PSPermGen       total 16384K, used 14290K [0x7ff40000, 0x80f40000, 0x83f40000)
  object space 16384K, 87% used [0x7ff40000,0x80d34af0,0x80f40000)
Event: 14.748 GC heap after
Heap after GC invocations=10 (full 0):
 PSYoungGen      total 47360K, used 140K [0xa3880000, 0xa6e80000, 0xb3540000)
  eden space 39424K, 0% used [0xa3880000,0xa3880000,0xa5f00000)
  from space 7936K, 1% used [0xa66c0000,0xa66e3368,0xa6e80000)
  to   space 7936K, 0% used [0xa5f00000,0xa5f00000,0xa66c0000)
 ParOldGen       total 32256K, used 15922K [0x83f40000, 0x85ec0000, 0xa3880000)
  object space 32256K, 49% used [0x83f40000,0x84eccb40,0x85ec0000)
 PSPermGen       total 16384K, used 14290K [0x7ff40000, 0x80f40000, 0x83f40000)
  object space 16384K, 87% used [0x7ff40000,0x80d34af0,0x80f40000)
}
Event: 14.785 GC heap before
{Heap before GC invocations=11 (full 0):
 PSYoungGen      total 47360K, used 39554K [0xa3880000, 0xa6e80000, 0xb3540000)
  eden space 39424K, 99% used [0xa3880000,0xa5efd600,0xa5f00000)
  from space 7936K, 1% used [0xa66c0000,0xa66e3368,0xa6e80000)
  to   space 7936K, 0% used [0xa5f00000,0xa5f00000,0xa66c0000)
 ParOldGen       total 32256K, used 15922K [0x83f40000, 0x85ec0000, 0xa3880000)
  object space 32256K, 49% used [0x83f40000,0x84eccb40,0x85ec0000)
 PSPermGen       total 16384K, used 14290K [0x7ff40000, 0x80f40000, 0x83f40000)
  object space 16384K, 87% used [0x7ff40000,0x80d34af0,0x80f40000)
Event: 14.786 GC heap after
Heap after GC invocations=11 (full 0):
 PSYoungGen      total 47360K, used 163K [0xa3880000, 0xa85c0000, 0xb3540000)
  eden space 39424K, 0% used [0xa3880000,0xa3880000,0xa5f00000)
  from space 7936K, 2% used [0xa5f00000,0xa5f28f60,0xa66c0000)
  to   space 7936K, 0% used [0xa7e00000,0xa7e00000,0xa85c0000)
 ParOldGen       total 32256K, used 15922K [0x83f40000, 0x85ec0000, 0xa3880000)
  object space 32256K, 49% used [0x83f40000,0x84eccb40,0x85ec0000)
 PSPermGen       total 16384K, used 14290K [0x7ff40000, 0x80f40000, 0x83f40000)
  object space 16384K, 87% used [0x7ff40000,0x80d34af0,0x80f40000)
}
Event: 14.814 GC heap before
{Heap before GC invocations=12 (full 0):
 PSYoungGen      total 47360K, used 39574K [0xa3880000, 0xa85c0000, 0xb3540000)
  eden space 39424K, 99% used [0xa3880000,0xa5efc9f8,0xa5f00000)
  from space 7936K, 2% used [0xa5f00000,0xa5f28f60,0xa66c0000)
  to   space 7936K, 0% used [0xa7e00000,0xa7e00000,0xa85c0000)
 ParOldGen       total 32256K, used 15922K [0x83f40000, 0x85ec0000, 0xa3880000)
  object space 32256K, 49% used [0x83f40000,0x84eccb40,0x85ec0000)
 PSPermGen       total 16384K, used 14290K [0x7ff40000, 0x80f40000, 0x83f40000)
  object space 16384K, 87% used [0x7ff40000,0x80d34af0,0x80f40000)
Event: 14.815 GC heap after
Heap after GC invocations=12 (full 0):
 PSYoungGen      total 71168K, used 167K [0xa3880000, 0xa85c0000, 0xb3540000)
  eden space 63232K, 0% used [0xa3880000,0xa3880000,0xa7640000)
  from space 7936K, 2% used [0xa7e00000,0xa7e29d90,0xa85c0000)
  to   space 7936K, 0% used [0xa7640000,0xa7640000,0xa7e00000)
 ParOldGen       total 32256K, used 15926K [0x83f40000, 0x85ec0000, 0xa3880000)
  object space 32256K, 49% used [0x83f40000,0x84ecdb40,0x85ec0000)
 PSPermGen       total 16384K, used 14290K [0x7ff40000, 0x80f40000, 0x83f40000)
  object space 16384K, 87% used [0x7ff40000,0x80d34af0,0x80f40000)
}
Event: 14.874 GC heap before
{Heap before GC invocations=13 (full 0):
 PSYoungGen      total 71168K, used 63355K [0xa3880000, 0xa85c0000, 0xb3540000)
  eden space 63232K, 99% used [0xa3880000,0xa7634f10,0xa7640000)
  from space 7936K, 2% used [0xa7e00000,0xa7e29d90,0xa85c0000)
  to   space 7936K, 0% used [0xa7640000,0xa7640000,0xa7e00000)
 ParOldGen       total 32256K, used 15926K [0x83f40000, 0x85ec0000, 0xa3880000)
  object space 32256K, 49% used [0x83f40000,0x84ecdb40,0x85ec0000)
 PSPermGen       total 16384K, used 14290K [0x7ff40000, 0x80f40000, 0x83f40000)
  object space 16384K, 87% used [0x7ff40000,0x80d34af0,0x80f40000)
Event: 14.875 GC heap after
Heap after GC invocations=13 (full 0):
 PSYoungGen      total 71168K, used 210K [0xa3880000, 0xaaa80000, 0xb3540000)
  eden space 63232K, 0% used [0xa3880000,0xa3880000,0xa7640000)
  from space 7936K, 2% used [0xa7640000,0xa7674948,0xa7e00000)
  to   space 7680K, 0% used [0xaa300000,0xaa300000,0xaaa80000)
 ParOldGen       total 32256K, used 15926K [0x83f40000, 0x85ec0000, 0xa3880000)
  object space 32256K, 49% used [0x83f40000,0x84ecdb40,0x85ec0000)
 PSPermGen       total 16384K, used 14290K [0x7ff40000, 0x80f40000, 0x83f40000)
  object space 16384K, 87% used [0x7ff40000,0x80d34af0,0x80f40000)
}
Event: 18.176 GC heap before
{Heap before GC invocations=14 (full 0):
 PSYoungGen      total 71168K, used 63442K [0xa3880000, 0xaaa80000, 0xb3540000)
  eden space 63232K, 100% used [0xa3880000,0xa7640000,0xa7640000)
  from space 7936K, 2% used [0xa7640000,0xa7674948,0xa7e00000)
  to   space 7680K, 0% used [0xaa300000,0xaa300000,0xaaa80000)
 ParOldGen       total 32256K, used 15926K [0x83f40000, 0x85ec0000, 0xa3880000)
  object space 32256K, 49% used [0x83f40000,0x84ecdb40,0x85ec0000)
 PSPermGen       total 16384K, used 15456K [0x7ff40000, 0x80f40000, 0x83f40000)
  object space 16384K, 94% used [0x7ff40000,0x80e58068,0x80f40000)
Event: 18.187 GC heap after
Heap after GC invocations=14 (full 0):
 PSYoungGen      total 108032K, used 6361K [0xa3880000, 0xaac80000, 0xb3540000)
  eden space 100352K, 0% used [0xa3880000,0xa3880000,0xa9a80000)
  from space 7680K, 82% used [0xaa300000,0xaa936530,0xaaa80000)
  to   space 8704K, 0% used [0xa9a80000,0xa9a80000,0xaa300000)
 ParOldGen       total 32256K, used 15926K [0x83f40000, 0x85ec0000, 0xa3880000)
  object space 32256K, 49% used [0x83f40000,0x84ecdb40,0x85ec0000)
 PSPermGen       total 16384K, used 15456K [0x7ff40000, 0x80f40000, 0x83f40000)
  object space 16384K, 94% used [0x7ff40000,0x80e58068,0x80f40000)
}

Deoptimization events (10 events):
Event: 17.339 Thread 0x7f9ca800 Uncommon trap: reason=unreached action=reinterpret pc=0xb36c9d00 method=javafx.beans.property.ObjectPropertyBase.get()Ljava/lang/Object; @ 9
Event: 17.348 Thread 0x7f9ca800 Uncommon trap: reason=bimorphic action=maybe_recompile pc=0xb36847b8 method=java.io.FilterInputStream.read()I @ 4
Event: 17.348 Thread 0x7f9ca800 Uncommon trap: reason=bimorphic action=maybe_recompile pc=0xb36847b8 method=java.io.FilterInputStream.read()I @ 4
Event: 17.348 Thread 0x7f9ca800 Uncommon trap: reason=bimorphic action=maybe_recompile pc=0xb36847b8 method=java.io.FilterInputStream.read()I @ 4
Event: 17.348 Thread 0x7f9ca800 Uncommon trap: reason=bimorphic action=maybe_recompile pc=0xb36847b8 method=java.io.FilterInputStream.read()I @ 4
Event: 17.524 Thread 0x764cec00 Uncommon trap: reason=unreached action=reinterpret pc=0xb36fbd9c method=java.util.regex.Pattern.compile()V @ 249
Event: 18.356 Thread 0x7f9ca800 Uncommon trap: reason=unreached action=reinterpret pc=0xb36f7d24 method=java.util.WeakHashMap.expungeStaleEntries()V @ 9
Event: 18.675 Thread 0x76043c00 Uncommon trap: reason=unloaded action=reinterpret pc=0xb36618d0 method=com.sun.javafx.iio.png.PNGIDATChunkInputStream.read([BII)I @ 71
Event: 19.939 Thread 0x7f9ca800 Uncommon trap: reason=unreached action=reinterpret pc=0xb3712008 method=java.net.URL.<init>(Ljava/net/URL;Ljava/lang/String;Ljava/net/URLStreamHandler;)V @ 391
Event: 29.648 Thread 0x7f9ca800 Uncommon trap: reason=unreached action=reinterpret pc=0xb3712fa4 method=com.sun.javafx.geom.transform.AffineBase.doTransform([FI[FIII)V @ 2

Internal exceptions (10 events):
Event: 30.896 Thread 0x7f9ca800 Threw 0xa7113ba8 at /HUDSON/workspace/7u-2-build-linux-i586/jdk7u51/527/hotspot/src/share/vm/prims/jvm.cpp:1244
Event: 30.897 Thread 0x76436000 Threw 0xa4847e60 at /HUDSON/workspace/7u-2-build-linux-i586/jdk7u51/527/hotspot/src/share/vm/classfile/systemDictionary.cpp:185
Event: 30.897 Thread 0x76436000 Threw 0xa4848380 at /HUDSON/workspace/7u-2-build-linux-i586/jdk7u51/527/hotspot/src/share/vm/prims/jvm.cpp:1244
Event: 30.897 Thread 0x76436000 Threw 0xa48487c0 at /HUDSON/workspace/7u-2-build-linux-i586/jdk7u51/527/hotspot/src/share/vm/prims/jvm.cpp:1244
Event: 30.899 Thread 0x76436000 Threw 0xa48733c0 at /HUDSON/workspace/7u-2-build-linux-i586/jdk7u51/527/hotspot/src/share/vm/classfile/systemDictionary.cpp:185
Event: 30.899 Thread 0x76436000 Threw 0xa48738e0 at /HUDSON/workspace/7u-2-build-linux-i586/jdk7u51/527/hotspot/src/share/vm/prims/jvm.cpp:1244
Event: 30.899 Thread 0x76436000 Threw 0xa4873d20 at /HUDSON/workspace/7u-2-build-linux-i586/jdk7u51/527/hotspot/src/share/vm/prims/jvm.cpp:1244
Event: 31.597 Thread 0x7f9ca800 Threw 0xa73b5f10 at /HUDSON/workspace/7u-2-build-linux-i586/jdk7u51/527/hotspot/src/share/vm/prims/jvm.cpp:1244
Event: 31.597 Thread 0x7f9ca800 Threw 0xa73b7528 at /HUDSON/workspace/7u-2-build-linux-i586/jdk7u51/527/hotspot/src/share/vm/prims/jvm.cpp:1244
Event: 31.598 Thread 0x7f9ca800 Threw 0xa73b8d00 at /HUDSON/workspace/7u-2-build-linux-i586/jdk7u51/527/hotspot/src/share/vm/prims/jvm.cpp:1244

Events (10 events):
Event: 32.997 Executing VM operation: RevokeBias
Event: 32.997 Executing VM operation: RevokeBias done
Event: 32.998 Executing VM operation: RevokeBias
Event: 32.998 Executing VM operation: RevokeBias done
Event: 32.998 Executing VM operation: RevokeBias
Event: 32.998 Executing VM operation: RevokeBias done
Event: 32.999 Executing VM operation: RevokeBias
Event: 32.999 Executing VM operation: RevokeBias done
Event: 32.999 Executing VM operation: RevokeBias
Event: 32.999 Executing VM operation: RevokeBias done


Dynamic libraries:
08048000-08049000 r-xp 00000000 08:07 3157668    /home/oukhay/Téléchargements/jdk1.7.0_51/bin/java
08049000-0804a000 rw-p 00000000 08:07 3157668    /home/oukhay/Téléchargements/jdk1.7.0_51/bin/java
08e59000-093b0000 rw-p 00000000 00:00 0          [heap]
6fc00000-6fcd0000 rw-p 00000000 00:00 0 
6fcd0000-6fd00000 ---p 00000000 00:00 0 
6fd00000-6fd61000 rw-p 00000000 00:00 0 
6fd61000-6fe00000 ---p 00000000 00:00 0 
6fe00000-6fee4000 rw-p 00000000 00:00 0 
6fee4000-6ff00000 ---p 00000000 00:00 0 
6ffd1000-70145000 rwxp 00000000 00:00 0 
7018f000-70300000 rw-p 00000000 00:00 0 
70300000-703c2000 rw-p 00000000 00:00 0 
703c2000-70400000 ---p 00000000 00:00 0 
704b2000-705b8000 rw-p 00000000 00:00 0 
70673000-7072c000 rw-p 00000000 00:00 0 
707b4000-709b0000 rw-p 00000000 00:00 0 
709b0000-709c8000 rwxp 00000000 00:00 0 
709c8000-70a06000 rw-p 00000000 00:00 0 
70a25000-70a44000 rw-p 00000000 00:00 0 
70a63000-70aa1000 rw-p 00000000 00:00 0 
70aa1000-70aa5000 rwxp 00000000 00:00 0 
70b15000-70bbd000 rw-p 00000000 00:00 0 
70bbd000-70bd1000 rwxp 00000000 00:00 0 
70c0f000-70c2e000 rw-p 00000000 00:00 0 
70c4d000-70c8b000 rw-p 00000000 00:00 0 
70caa000-70cc9000 rw-p 00000000 00:00 0 
70cc9000-71100000 rw-p 00000000 00:00 0 
71100000-711fe000 rw-p 00000000 00:00 0 
711fe000-71200000 ---p 00000000 00:00 0 
71202000-71212000 rwxp 00000000 00:00 0 
71212000-71231000 rw-p 00000000 00:00 0 
71231000-71249000 rwxp 00000000 00:00 0 
71268000-7126c000 rwxp 00000000 00:00 0 
7126c000-7128b000 rw-p 00000000 00:00 0 
712aa000-712b6000 rwxp 00000000 00:00 0 
71313000-71317000 rwxp 00000000 00:00 0 
71317000-71336000 rw-p 00000000 00:00 0 
71355000-7135d000 rwxp 00000000 00:00 0 
7137c000-71384000 rwxp 00000000 00:00 0 
713a3000-713c2000 rw-p 00000000 00:00 0 
713e1000-714fc000 rw-p 00000000 00:00 0 
714fc000-71500000 ---p 00000000 00:00 0 
71500000-7153a000 rw-p 00000000 00:00 0 
7153a000-71600000 ---p 00000000 00:00 0 
71600000-717f1000 rw-p 00000000 00:00 0 
717f1000-71800000 ---p 00000000 00:00 0 
71800000-718fc000 rw-p 00000000 00:00 0 
718fc000-71900000 ---p 00000000 00:00 0 
71900000-719f8000 rw-p 00000000 00:00 0 
719f8000-71a00000 ---p 00000000 00:00 0 
71a00000-71adf000 rw-p 00000000 00:00 0 
71adf000-71b00000 ---p 00000000 00:00 0 
71b02000-71b32000 rwxp 00000000 00:00 0 
71b51000-71b61000 rwxp 00000000 00:00 0 
71b80000-71b9f000 rw-p 00000000 00:00 0 
71b9f000-71ba3000 rwxp 00000000 00:00 0 
71be1000-71ced000 rw-p 00000000 00:00 0 
71ced000-71d00000 ---p 00000000 00:00 0 
71d00000-71dfc000 rw-p 00000000 00:00 0 
71dfc000-71e00000 ---p 00000000 00:00 0 
71e00000-71efe000 rw-p 00000000 00:00 0 
71efe000-71f00000 ---p 00000000 00:00 0 
71f01000-71f19000 rwxp 00000000 00:00 0 
71f19000-71f38000 rw-p 00000000 00:00 0 
71f38000-71f58000 rwxp 00000000 00:00 0 
71f77000-71f7f000 rwxp 00000000 00:00 0 
71f9e000-71fae000 rwxp 00000000 00:00 0 
71fae000-71fcd000 rw-p 00000000 00:00 0 
71fcd000-71fd1000 rwxp 00000000 00:00 0 
71ff0000-72000000 rwxp 00000000 00:00 0 
72000000-72100000 rw-p 00000000 00:00 0 
72102000-7210e000 rwxp 00000000 00:00 0 
7214c000-72170000 rwxp 00000000 00:00 0 
7218f000-721a3000 rwxp 00000000 00:00 0 
72200000-72400000 rw-p 00000000 00:00 0 
72400000-72800000 rw-s 2db7d000 00:05 11910      /dev/nvidia0
72800000-729e1000 rw-p 00000000 00:00 0 
729e1000-72a00000 ---p 00000000 00:00 0 
72a00000-72afe000 rw-p 00000000 00:00 0 
72afe000-72b00000 ---p 00000000 00:00 0 
72b00000-72b10000 rwxp 00000000 00:00 0 
72b10000-72b2f000 rw-p 00000000 00:00 0 
72b8c000-72bab000 rw-p 00000000 00:00 0 
72bab000-72bcf000 rwxp 00000000 00:00 0 
72bcf000-72bee000 rw-p 00000000 00:00 0 
72bee000-72bf2000 rwxp 00000000 00:00 0 
72c11000-72c41000 rwxp 00000000 00:00 0 
72c41000-72c60000 rw-p 00000000 00:00 0 
72c7f000-72c83000 rwxp 00000000 00:00 0 
72ca2000-72cba000 rwxp 00000000 00:00 0 
72cd9000-72ce1000 rwxp 00000000 00:00 0 
72d00000-72deb000 rw-p 00000000 00:00 0 
72deb000-72e00000 ---p 00000000 00:00 0 
72e00000-72efd000 rw-p 00000000 00:00 0 
72efd000-72f00000 ---p 00000000 00:00 0 
72f00000-72ffb000 rw-p 00000000 00:00 0 
72ffb000-73000000 ---p 00000000 00:00 0 
73001000-7301d000 rwxp 00000000 00:00 0 
7303c000-7305b000 rw-p 00000000 00:00 0 
73099000-730e1000 rwxp 00000000 00:00 0 
730e1000-73200000 rw-p 00000000 00:00 0 
73200000-73214000 rwxp 00000000 00:00 0 
73233000-73237000 rwxp 00000000 00:00 0 
73237000-73256000 rw-p 00000000 00:00 0 
73256000-7325a000 rwxp 00000000 00:00 0 
73298000-732d8000 rwxp 00000000 00:00 0 
732f7000-73316000 rw-p 00000000 00:00 0 
733b1000-733d9000 rwxp 00000000 00:00 0 
733f8000-73400000 rwxp 00000000 00:00 0 
73400000-734ff000 rw-p 00000000 00:00 0 
734ff000-73500000 ---p 00000000 00:00 0 
73500000-735fe000 rw-p 00000000 00:00 0 
735fe000-73600000 ---p 00000000 00:00 0 
73601000-73605000 rwxp 00000000 00:00 0 
73624000-73644000 rwxp 00000000 00:00 0 
73663000-73673000 rwxp 00000000 00:00 0 
73676000-73692000 rwxp 00000000 00:00 0 
736b1000-736d0000 rw-p 00000000 00:00 0 
736d0000-73700000 rwxp 00000000 00:00 0 
73700000-737ff000 rw-p 00000000 00:00 0 
737ff000-73800000 ---p 00000000 00:00 0 
73800000-73810000 rwxp 00000000 00:00 0 
7382f000-73847000 rwxp 00000000 00:00 0 
73847000-73866000 rw-p 00000000 00:00 0 
73866000-7389a000 rwxp 00000000 00:00 0 
7389a000-738b9000 rw-p 00000000 00:00 0 
738b9000-738e1000 rwxp 00000000 00:00 0 
738e4000-73900000 rwxp 00000000 00:00 0 
73900000-73a00000 rw-p 00000000 00:00 0 
73a01000-73a11000 rwxp 00000000 00:00 0 
73a11000-73a30000 rw-p 00000000 00:00 0 
73a30000-73a4c000 rwxp 00000000 00:00 0 
73a4c000-73a6b000 rw-p 00000000 00:00 0 
73a6b000-73acb000 rwxp 00000000 00:00 0 
73ad7000-73ada000 ---p 00000000 00:00 0 
73ada000-73b28000 rw-p 00000000 00:00 0 
73b28000-73c00000 rwxp 00000000 00:00 0 
73c00000-73d00000 rw-p 00000000 00:00 0 
73d00000-73d08000 rwxp 00000000 00:00 0 
73d0b000-73d49000 rw-p 00000000 00:00 0 
73d49000-73d65000 rwxp 00000000 00:00 0 
73d65000-73ee0000 rw-p 00000000 00:00 0 
73ee0000-73f00000 ---p 00000000 00:00 0 
73f02000-73f12000 rwxp 00000000 00:00 0 
73f12000-73f36000 rwxp 00000000 00:00 0 
73f36000-73f55000 rw-p 00000000 00:00 0 
73f55000-73fb9000 rwxp 00000000 00:00 0 
73fb9000-73ff7000 rw-p 00000000 00:00 0 
73ff7000-74007000 rwxp 00000000 00:00 0 
74009000-74015000 rwxp 00000000 00:00 0 
74015000-74053000 rw-p 00000000 00:00 0 
74053000-74057000 rwxp 00000000 00:00 0 
74057000-74076000 rw-p 00000000 00:00 0 
74076000-740ba000 rwxp 00000000 00:00 0 
740ba000-740f8000 rw-p 00000000 00:00 0 
740f8000-74100000 rwxp 00000000 00:00 0 
74100000-741f9000 rw-p 00000000 00:00 0 
741f9000-74200000 ---p 00000000 00:00 0 
74200000-74214000 rwxp 00000000 00:00 0 
74214000-742af000 rw-p 00000000 00:00 0 
742af000-742b2000 ---p 00000000 00:00 0 
742b2000-74300000 rw-p 00000000 00:00 0 
74300000-743ff000 rw-p 00000000 00:00 0 
743ff000-74400000 ---p 00000000 00:00 0 
74400000-74408000 rwxp 00000000 00:00 0 
74408000-74702000 rw-p 00000000 00:00 0 
74702000-74b02000 rw-s 2d612000 00:05 11910      /dev/nvidia0
74b02000-74c00000 rw-p 00000000 00:00 0 
74c00000-74ce9000 rw-p 00000000 00:00 0 
74ce9000-74d00000 ---p 00000000 00:00 0 
74d02000-74e00000 rw-p 00000000 00:00 0 
74e00000-74f00000 rw-p 00000000 00:00 0 
74f00000-74f0c000 rwxp 00000000 00:00 0 
74f0c000-74f8c000 rw-s 2e905000 00:05 11910      /dev/nvidia0
74f8c000-74fab000 rw-p 00000000 00:00 0 
74fab000-74fae000 ---p 00000000 00:00 0 
74fae000-74ffc000 rw-p 00000000 00:00 0          [stack:2693]
74ffc000-75000000 rwxp 00000000 00:00 0 
75000000-750f9000 rw-p 00000000 00:00 0 
750f9000-75100000 ---p 00000000 00:00 0 
75100000-75140000 rwxp 00000000 00:00 0 
75140000-7515f000 rw-p 00000000 00:00 0 
7515f000-75173000 rwxp 00000000 00:00 0 
75173000-751b1000 rw-p 00000000 00:00 0 
751b1000-751e1000 rwxp 00000000 00:00 0 
751e1000-752f9000 rw-p 00000000 00:00 0 
752f9000-75300000 ---p 00000000 00:00 0 
75300000-75400000 rw-p 00000000 00:00 0 
75400000-754cc000 rw-p 00000000 00:00 0 
754cc000-75500000 ---p 00000000 00:00 0 
75500000-755cc000 rw-p 00000000 00:00 0 
755cc000-75600000 ---p 00000000 00:00 0 
75602000-75606000 rwxp 00000000 00:00 0 
75609000-75619000 rwxp 00000000 00:00 0 
75619000-75638000 rw-p 00000000 00:00 0 
75638000-75700000 rw-p 00000000 00:00 0 
75700000-757fb000 rw-p 00000000 00:00 0 
757fb000-75800000 ---p 00000000 00:00 0 
75800000-75828000 rwxp 00000000 00:00 0 
75828000-75866000 rw-p 00000000 00:00 0 
75866000-7588a000 rwxp 00000000 00:00 0 
7588a000-7588d000 ---p 00000000 00:00 0 
7588d000-758db000 rw-p 00000000 00:00 0          [stack:2691]
758db000-758de000 ---p 00000000 00:00 0 
758de000-7592c000 rw-p 00000000 00:00 0          [stack:2690]
7592c000-7592f000 ---p 00000000 00:00 0 
7592f000-7597d000 rw-p 00000000 00:00 0          [stack:2705]
7597d000-75980000 ---p 00000000 00:00 0 
75980000-759ce000 rw-p 00000000 00:00 0          [stack:2706]
759ce000-75bce000 rw-s 2e37a000 00:05 11910      /dev/nvidia0
75bd0000-75bf0000 rwxp 00000000 00:00 0 
75bf0000-75c0f000 rw-p 00000000 00:00 0 
75c15000-75c2e000 rw-p 00000000 00:00 0 
75c2e000-75c8a000 rwxp 00000000 00:00 0 
75c8a000-75cc8000 rw-p 00000000 00:00 0 
75cc8000-75dc9000 rw-p 00000000 00:00 0 
75dc9000-75dcc000 ---p 00000000 00:00 0 
75dcc000-75e1a000 rw-p 00000000 00:00 0          [stack:2673]
75e1a000-75e1d000 ---p 00000000 00:00 0 
75e1d000-75e6b000 rw-p 00000000 00:00 0          [stack:2672]
75e6b000-75e6e000 ---p 00000000 00:00 0 
75e6e000-75ebc000 rw-p 00000000 00:00 0          [stack:2671]
75ebc000-75ebf000 ---p 00000000 00:00 0 
75ebf000-75f0d000 rw-p 00000000 00:00 0          [stack:2670]
75f0d000-75f10000 ---p 00000000 00:00 0 
75f10000-75f5e000 rw-p 00000000 00:00 0          [stack:2669]
75f5e000-75f61000 ---p 00000000 00:00 0 
75f61000-75faf000 rw-p 00000000 00:00 0          [stack:2668]
75faf000-75fb2000 ---p 00000000 00:00 0 
75fb2000-76000000 rw-p 00000000 00:00 0          [stack:2667]
76000000-760fc000 rw-p 00000000 00:00 0 
760fc000-76100000 ---p 00000000 00:00 0 
76103000-7610e000 r--s 0037c000 08:07 4068816    /home/oukhay/Téléchargements/jdk1.7.0_51/jre/lib/charsets.jar
7610e000-76119000 r--s 0037c000 08:07 4068816    /home/oukhay/Téléchargements/jdk1.7.0_51/jre/lib/charsets.jar
76119000-7611c000 ---p 00000000 00:00 0 
7611c000-7616a000 rw-p 00000000 00:00 0          [stack:2666]
7616a000-7616d000 ---p 00000000 00:00 0 
7616d000-761bb000 rw-p 00000000 00:00 0          [stack:2665]
761bb000-761be000 ---p 00000000 00:00 0 
761be000-7620c000 rw-p 00000000 00:00 0          [stack:2664]
7620c000-7620f000 ---p 00000000 00:00 0 
7620f000-7625d000 rw-p 00000000 00:00 0          [stack:2663]
7625d000-76260000 ---p 00000000 00:00 0 
76260000-762ae000 rw-p 00000000 00:00 0          [stack:2662]
762ae000-762b1000 ---p 00000000 00:00 0 
762b1000-762ff000 rw-p 00000000 00:00 0          [stack:2661]
762ff000-76302000 ---p 00000000 00:00 0 
76302000-76350000 rw-p 00000000 00:00 0          [stack:2660]
76350000-763ad000 rw-p 00000000 00:00 0 
763ad000-763e1000 rwxp 00000000 00:00 0 
763e1000-764fd000 rw-p 00000000 00:00 0 
764fd000-76500000 ---p 00000000 00:00 0 
76501000-7650d000 rwxp 00000000 00:00 0 
7650d000-76510000 ---p 00000000 00:00 0 
76510000-7655e000 rw-p 00000000 00:00 0          [stack:2659]
7655e000-76561000 ---p 00000000 00:00 0 
76561000-765af000 rw-p 00000000 00:00 0          [stack:2657]
765af000-765b2000 ---p 00000000 00:00 0 
765b2000-76600000 rw-p 00000000 00:00 0          [stack:2692]
76600000-766fb000 rw-p 00000000 00:00 0 
766fb000-76700000 ---p 00000000 00:00 0 
76702000-7677e000 rw-p 00000000 00:00 0 
7677e000-76c00000 rw-p 00000000 00:00 0 
76c00000-76cfe000 rw-p 00000000 00:00 0 
76cfe000-76d00000 ---p 00000000 00:00 0 
76d00000-76d02000 rw-p 00000000 00:00 0 
76d02000-76d06000 rwxp 00000000 00:00 0 
76d06000-76e00000 rw-p 00000000 00:00 0 
76e00000-76ef9000 rw-p 00000000 00:00 0 
76ef9000-76f00000 ---p 00000000 00:00 0 
76f00000-76f02000 r--s 00001000 08:07 4068566    /home/oukhay/Téléchargements/jdk1.7.0_51/jre/lib/ext/dnsns.jar
76f02000-76f21000 rw-p 00000000 00:00 0 
76f21000-76f54000 r-xp 00000000 08:07 4068626    /home/oukhay/Téléchargements/jdk1.7.0_51/jre/lib/i386/libsunec.so
76f54000-76f58000 rw-p 00032000 08:07 4068626    /home/oukhay/Téléchargements/jdk1.7.0_51/jre/lib/i386/libsunec.so
76f58000-76f5c000 rw-p 00000000 00:00 0 
76f5c000-76f91000 r-xp 00000000 08:07 1837266    /usr/lib/i386-linux-gnu/gtk-2.0/2.10.0/engines/libmurrine.so
76f91000-76f92000 r--p 00034000 08:07 1837266    /usr/lib/i386-linux-gnu/gtk-2.0/2.10.0/engines/libmurrine.so
76f92000-76f93000 rw-p 00035000 08:07 1837266    /usr/lib/i386-linux-gnu/gtk-2.0/2.10.0/engines/libmurrine.so
76f93000-76f96000 ---p 00000000 00:00 0 
76f96000-76fe4000 rw-p 00000000 00:00 0          [stack:2654]
76fe4000-76fe7000 ---p 00000000 00:00 0 
76fe7000-77035000 rw-p 00000000 00:00 0          [stack:2653]
77035000-7703a000 r-xp 00000000 08:07 787456     /lib/i386-linux-gnu/libnss_dns-2.17.so
7703a000-7703b000 r--p 00004000 08:07 787456     /lib/i386-linux-gnu/libnss_dns-2.17.so
7703b000-7703c000 rw-p 00005000 08:07 787456     /lib/i386-linux-gnu/libnss_dns-2.17.so
7703c000-7703e000 r-xp 00000000 08:07 786473     /lib/libnss_mdns4_minimal.so.2
7703e000-7703f000 r--p 00001000 08:07 786473     /lib/libnss_mdns4_minimal.so.2
7703f000-77040000 rw-p 00002000 08:07 786473     /lib/libnss_mdns4_minimal.so.2
77040000-77041000 rw-p 00000000 00:00 0 
77041000-77045000 r--s 000f7000 08:07 4068568    /home/oukhay/Téléchargements/jdk1.7.0_51/jre/lib/ext/localedata.jar
77045000-77049000 r--s 0002d000 08:07 4068567    /home/oukhay/Téléchargements/jdk1.7.0_51/jre/lib/ext/sunjce_provider.jar
77049000-77052000 r-xp 00000000 08:07 1837267    /usr/lib/i386-linux-gnu/gtk-2.0/2.10.0/engines/libpixmap.so
77052000-77053000 r--p 00008000 08:07 1837267    /usr/lib/i386-linux-gnu/gtk-2.0/2.10.0/engines/libpixmap.so
77053000-77054000 rw-p 00009000 08:07 1837267    /usr/lib/i386-linux-gnu/gtk-2.0/2.10.0/engines/libpixmap.so
77054000-77058000 r--s 0008a000 08:07 4068646    /home/oukhay/Téléchargements/jdk1.7.0_51/jre/lib/jsse.jar
77058000-7705b000 ---p 00000000 00:00 0 
7705b000-770a9000 rw-p 00000000 00:00 0          [stack:2652]
770a9000-774c8000 rw-p 00000000 00:00 0 
774c8000-774c9000 ---p 00000000 00:00 0 
774c9000-77cc9000 rw-p 00000000 00:00 0          [stack:2651]
77cc9000-77ccc000 ---p 00000000 00:00 0 
77ccc000-77d1a000 rw-p 00000000 00:00 0          [stack:2650]
77d1a000-77e6d000 r-xp 00000000 08:07 1711553    /usr/lib/i386-linux-gnu/libxml2.so.2.9.1
77e6d000-77e6e000 ---p 00153000 08:07 1711553    /usr/lib/i386-linux-gnu/libxml2.so.2.9.1
77e6e000-77e72000 r--p 00153000 08:07 1711553    /usr/lib/i386-linux-gnu/libxml2.so.2.9.1
77e72000-77e73000 rw-p 00157000 08:07 1711553    /usr/lib/i386-linux-gnu/libxml2.so.2.9.1
77e73000-77e74000 rw-p 00000000 00:00 0 
77e74000-7943e000 r-xp 00000000 08:07 4068616    /home/oukhay/Téléchargements/jdk1.7.0_51/jre/lib/i386/libjfxwebkit.so
7943e000-794f3000 r--p 015ca000 08:07 4068616    /home/oukhay/Téléchargements/jdk1.7.0_51/jre/lib/i386/libjfxwebkit.so
794f3000-794f9000 rw-p 0167f000 08:07 4068616    /home/oukhay/Téléchargements/jdk1.7.0_51/jre/lib/i386/libjfxwebkit.so
794f9000-79500000 rw-p 00000000 00:00 0 
79500000-79600000 rw-p 00000000 00:00 0 
79600000-79603000 r--s 00037000 08:07 4068571    /home/oukhay/Téléchargements/jdk1.7.0_51/jre/lib/ext/sunpkcs11.jar
79603000-79618000 r-xp 00000000 08:07 4068615    /home/oukhay/Téléchargements/jdk1.7.0_51/jre/lib/i386/libnet.so
79618000-79619000 rw-p 00014000 08:07 4068615    /home/oukhay/Téléchargements/jdk1.7.0_51/jre/lib/i386/libnet.so
79619000-7961b000 rw-p 00000000 00:00 0 
7961b000-7961c000 r--p 00000000 00:00 0 
7961c000-79638000 rwxp 00000000 00:00 0 
79638000-7965d000 r-xp 00000000 08:07 787430     /lib/i386-linux-gnu/liblzma.so.5.0.0
7965d000-7965e000 r--p 00024000 08:07 787430     /lib/i386-linux-gnu/liblzma.so.5.0.0
7965e000-7965f000 rw-p 00025000 08:07 787430     /lib/i386-linux-gnu/liblzma.so.5.0.0
7965f000-7969a000 r-xp 00000000 08:07 1711555    /usr/lib/i386-linux-gnu/libxslt.so.1.1.28
7969a000-7969b000 r--p 0003b000 08:07 1711555    /usr/lib/i386-linux-gnu/libxslt.so.1.1.28
7969b000-7969c000 rw-p 0003c000 08:07 1711555    /usr/lib/i386-linux-gnu/libxslt.so.1.1.28
7969c000-7969d000 r--s 00003000 08:07 4068569    /home/oukhay/Téléchargements/jdk1.7.0_51/jre/lib/ext/sunec.jar
7969d000-7969f000 r--s 00019000 08:07 4068864    /home/oukhay/Téléchargements/jdk1.7.0_51/jre/lib/jce.jar
7969f000-796ad000 r-xp 00000000 08:07 4068624    /home/oukhay/Téléchargements/jdk1.7.0_51/jre/lib/i386/libnio.so
796ad000-796ae000 rw-p 0000e000 08:07 4068624    /home/oukhay/Téléchargements/jdk1.7.0_51/jre/lib/i386/libnio.so
796ae000-796b2000 rwxp 00000000 00:00 0 
796b2000-796b4000 rw-p 00000000 00:00 0 
796b4000-796b5000 r--s 00000000 08:07 2236148    /var/cache/fontconfig/c05880de57d1f5e948fdfacc138775d9-le32d4.cache-4
796b5000-796bd000 r--s 00000000 08:07 2236141    /var/cache/fontconfig/945677eb7aeaf62f1d50efc3fb3ec7d8-le32d4.cache-4
796bd000-796bf000 r--s 00000000 08:07 2236143    /var/cache/fontconfig/99e8ed0e538f840c565b6ed5dad60d56-le32d4.cache-4
796bf000-796c3000 r--s 00000000 08:07 2236126    /var/cache/fontconfig/2cd17615ca594fa2959ae173292e504c-le32d4.cache-4
796c3000-796c4000 r--s 00000000 08:07 2236158    /var/cache/fontconfig/e7071f4a29fa870f4323321c154eba04-le32d4.cache-4
796c4000-796c5000 r--s 00000000 08:07 2236123    /var/cache/fontconfig/0d8c3b2ac0904cb8a57a757ad11a4a08-le32d4.cache-4
796c5000-796ca000 r--s 00000000 08:07 2236145    /var/cache/fontconfig/a755afe4a08bf5b97852ceb7400b47bc-le32d4.cache-4
796ca000-796d3000 r--s 00000000 08:07 2236136    /var/cache/fontconfig/6d41288fd70b0be22e8c3a91e032eec0-le32d4.cache-4
796d3000-796e2000 r--s 00000000 08:07 2236121    /var/cache/fontconfig/04aabc0a78ac019cf9454389977116d2-le32d4.cache-4
796e2000-796e3000 r--s 00000000 08:07 2236125    /var/cache/fontconfig/1ac9eb803944fde146138c791f5cc56a-le32d4.cache-4
796e3000-796e6000 r--s 00000000 08:07 2236129    /var/cache/fontconfig/385c0604a188198f04d133e54aba7fe7-le32d4.cache-4
796e6000-796e8000 r--s 00000000 08:07 2236138    /var/cache/fontconfig/767a8244fc0220cfb567a839d0392e0b-le32d4.cache-4
796e8000-796eb000 r--s 00000000 08:07 2236140    /var/cache/fontconfig/8801497958630a81b71ace7c5f9b32a8-le32d4.cache-4
796eb000-796f0000 r--s 00000000 08:07 2236127    /var/cache/fontconfig/3047814df9a2f067bd2d96a2b9c36e5a-le32d4.cache-4
796f0000-79700000 r--s 00000000 08:07 2236152    /var/cache/fontconfig/d52a8644073d54c13679302ca1180695-le32d4.cache-4
79700000-797f2000 rw-p 00000000 00:00 0 
797f2000-79800000 ---p 00000000 00:00 0 
79800000-798fc000 rw-p 00000000 00:00 0 
798fc000-79900000 ---p 00000000 00:00 0 
79900000-799fe000 rw-p 00000000 00:00 0 
799fe000-79a00000 ---p 00000000 00:00 0 
79a00000-79a07000 r--s 00000000 08:07 2236130    /var/cache/fontconfig/3f7329c5293ffd510edef78f73874cfd-le32d4.cache-4
79a07000-79a10000 r--s 00000000 08:07 2236153    /var/cache/fontconfig/d589a48862398ed80a3d6066f4f56f4c-le32d4.cache-4
79a10000-79a5d000 r-xp 00000000 08:07 4068621    /home/oukhay/Téléchargements/jdk1.7.0_51/jre/lib/i386/libjavafx-font.so
79a5d000-79a5e000 ---p 0004d000 08:07 4068621    /home/oukhay/Téléchargements/jdk1.7.0_51/jre/lib/i386/libjavafx-font.so
79a5e000-79a61000 r--p 0004d000 08:07 4068621    /home/oukhay/Téléchargements/jdk1.7.0_51/jre/lib/i386/libjavafx-font.so
79a61000-79a62000 rw-p 00050000 08:07 4068621    /home/oukhay/Téléchargements/jdk1.7.0_51/jre/lib/i386/libjavafx-font.so
79a62000-79ad6000 rw-p 00000000 00:00 0 
79ad6000-79ad9000 ---p 00000000 00:00 0 
79ad9000-79b27000 rw-p 00000000 00:00 0          [stack:2649]
79b27000-79b2a000 ---p 00000000 00:00 0 
79b2a000-79b78000 rw-p 00000000 00:00 0          [stack:2648]
79b78000-79b7e000 r-xp 00000000 08:07 1710664    /usr/lib/i386-linux-gnu/libdatrie.so.1.2.0
79b7e000-79b7f000 r--p 00006000 08:07 1710664    /usr/lib/i386-linux-gnu/libdatrie.so.1.2.0
79b7f000-79b80000 rw-p 00007000 08:07 1710664    /usr/lib/i386-linux-gnu/libdatrie.so.1.2.0
79b80000-79b98000 r-xp 00000000 08:07 1710918    /usr/lib/i386-linux-gnu/libgraphite2.so.3.0.1
79b98000-79b99000 ---p 00018000 08:07 1710918    /usr/lib/i386-linux-gnu/libgraphite2.so.3.0.1
79b99000-79b9a000 r--p 00018000 08:07 1710918    /usr/lib/i386-linux-gnu/libgraphite2.so.3.0.1
79b9a000-79b9b000 rw-p 00019000 08:07 1710918    /usr/lib/i386-linux-gnu/libgraphite2.so.3.0.1
79b9b000-79bda000 r-xp 00000000 08:07 787480     /lib/i386-linux-gnu/libpcre.so.3.13.1
79bda000-79bdb000 r--p 0003f000 08:07 787480     /lib/i386-linux-gnu/libpcre.so.3.13.1
79bdb000-79bdc000 rw-p 00040000 08:07 787480     /lib/i386-linux-gnu/libpcre.so.3.13.1
79bdc000-79be1000 r-xp 00000000 08:07 1710746    /usr/lib/i386-linux-gnu/libffi.so.6.0.1
79be1000-79be2000 r--p 00005000 08:07 1710746    /usr/lib/i386-linux-gnu/libffi.so.6.0.1
79be2000-79be3000 rw-p 00006000 08:07 1710746    /usr/lib/i386-linux-gnu/libffi.so.6.0.1
79be3000-79c08000 r-xp 00000000 08:07 787402     /lib/i386-linux-gnu/libexpat.so.1.6.0
79c08000-79c09000 ---p 00025000 08:07 787402     /lib/i386-linux-gnu/libexpat.so.1.6.0
79c09000-79c0b000 r--p 00025000 08:07 787402     /lib/i386-linux-gnu/libexpat.so.1.6.0
79c0b000-79c0c000 rw-p 00027000 08:07 787402     /lib/i386-linux-gnu/libexpat.so.1.6.0
79c0c000-79c14000 r-xp 00000000 08:07 1711425    /usr/lib/i386-linux-gnu/libthai.so.0.2.0
79c14000-79c15000 r--p 00007000 08:07 1711425    /usr/lib/i386-linux-gnu/libthai.so.0.2.0
79c15000-79c16000 rw-p 00008000 08:07 1711425    /usr/lib/i386-linux-gnu/libthai.so.0.2.0
79c16000-79c1e000 r-xp 00000000 08:07 1711531    /usr/lib/i386-linux-gnu/libxcb-render.so.0.0.0
79c1e000-79c1f000 r--p 00008000 08:07 1711531    /usr/lib/i386-linux-gnu/libxcb-render.so.0.0.0
79c1f000-79c20000 rw-p 00009000 08:07 1711531    /usr/lib/i386-linux-gnu/libxcb-render.so.0.0.0
79c20000-79c22000 r-xp 00000000 08:07 1711535    /usr/lib/i386-linux-gnu/libxcb-shm.so.0.0.0
79c22000-79c23000 r--p 00001000 08:07 1711535    /usr/lib/i386-linux-gnu/libxcb-shm.so.0.0.0
79c23000-79c24000 rw-p 00002000 08:07 1711535    /usr/lib/i386-linux-gnu/libxcb-shm.so.0.0.0
79c24000-79c4a000 r-xp 00000000 08:07 787492     /lib/i386-linux-gnu/libpng12.so.0.49.0
79c4a000-79c4b000 r--p 00025000 08:07 787492     /lib/i386-linux-gnu/libpng12.so.0.49.0
79c4b000-79c4c000 rw-p 00026000 08:07 787492     /lib/i386-linux-gnu/libpng12.so.0.49.0
79c4c000-79cf0000 r-xp 00000000 08:07 1711279    /usr/lib/i386-linux-gnu/libpixman-1.so.0.30.2
79cf0000-79cf5000 r--p 000a4000 08:07 1711279    /usr/lib/i386-linux-gnu/libpixman-1.so.0.30.2
79cf5000-79cf6000 rw-p 000a9000 08:07 1711279    /usr/lib/i386-linux-gnu/libpixman-1.so.0.30.2
79cf6000-79d47000 r-xp 00000000 08:07 1711042    /usr/lib/i386-linux-gnu/libharfbuzz.so.0.919.0
79d47000-79d48000 r--p 00051000 08:07 1711042    /usr/lib/i386-linux-gnu/libharfbuzz.so.0.919.0
79d48000-79d49000 rw-p 00052000 08:07 1711042    /usr/lib/i386-linux-gnu/libharfbuzz.so.0.919.0
79d49000-79d5c000 r-xp 00000000 08:07 787503     /lib/i386-linux-gnu/libresolv-2.17.so
79d5c000-79d5d000 r--p 00013000 08:07 787503     /lib/i386-linux-gnu/libresolv-2.17.so
79d5d000-79d5e000 rw-p 00014000 08:07 787503     /lib/i386-linux-gnu/libresolv-2.17.so
79d5e000-79d60000 rw-p 00000000 00:00 0 
79d60000-79d80000 r-xp 00000000 08:07 787507     /lib/i386-linux-gnu/libselinux.so.1
79d80000-79d81000 r--p 0001f000 08:07 787507     /lib/i386-linux-gnu/libselinux.so.1
79d81000-79d82000 rw-p 00020000 08:07 787507     /lib/i386-linux-gnu/libselinux.so.1
79d82000-79d9a000 r-xp 00000000 08:07 787538     /lib/i386-linux-gnu/libz.so.1.2.8
79d9a000-79d9b000 r--p 00017000 08:07 787538     /lib/i386-linux-gnu/libz.so.1.2.8
79d9b000-79d9c000 rw-p 00018000 08:07 787538     /lib/i386-linux-gnu/libz.so.1.2.8
79d9c000-79d9e000 r-xp 00000000 08:07 1710464    /usr/lib/i386-linux-gnu/libXdamage.so.1.1.0
79d9e000-79d9f000 r--p 00001000 08:07 1710464    /usr/lib/i386-linux-gnu/libXdamage.so.1.1.0
79d9f000-79da0000 rw-p 00002000 08:07 1710464    /usr/lib/i386-linux-gnu/libXdamage.so.1.1.0
79da0000-79da2000 r-xp 00000000 08:07 1710460    /usr/lib/i386-linux-gnu/libXcomposite.so.1.0.0
79da2000-79da3000 r--p 00001000 08:07 1710460    /usr/lib/i386-linux-gnu/libXcomposite.so.1.0.0
79da3000-79da4000 rw-p 00002000 08:07 1710460    /usr/lib/i386-linux-gnu/libXcomposite.so.1.0.0
79da4000-79dad000 r-xp 00000000 08:07 1710462    /usr/lib/i386-linux-gnu/libXcursor.so.1.0.2
79dad000-79dae000 r--p 00008000 08:07 1710462    /usr/lib/i386-linux-gnu/libXcursor.so.1.0.2
79dae000-79daf000 rw-p 00009000 08:07 1710462    /usr/lib/i386-linux-gnu/libXcursor.so.1.0.2
79daf000-79db8000 r-xp 00000000 08:07 1710488    /usr/lib/i386-linux-gnu/libXrandr.so.2.2.0
79db8000-79db9000 r--p 00008000 08:07 1710488    /usr/lib/i386-linux-gnu/libXrandr.so.2.2.0
79db9000-79dba000 rw-p 00009000 08:07 1710488    /usr/lib/i386-linux-gnu/libXrandr.so.2.2.0
79dba000-79dc9000 r-xp 00000000 08:07 1710478    /usr/lib/i386-linux-gnu/libXi.so.6.1.0
79dc9000-79dca000 r--p 0000e000 08:07 1710478    /usr/lib/i386-linux-gnu/libXi.so.6.1.0
79dca000-79dcb000 rw-p 0000f000 08:07 1710478    /usr/lib/i386-linux-gnu/libXi.so.6.1.0
79dcb000-79dcd000 r-xp 00000000 08:07 1710480    /usr/lib/i386-linux-gnu/libXinerama.so.1.0.0
79dcd000-79dce000 r--p 00001000 08:07 1710480    /usr/lib/i386-linux-gnu/libXinerama.so.1.0.0
79dce000-79dcf000 rw-p 00002000 08:07 1710480    /usr/lib/i386-linux-gnu/libXinerama.so.1.0.0
79dcf000-79dea000 r-xp 00000000 08:07 787407     /lib/i386-linux-gnu/libgcc_s.so.1
79dea000-79deb000 r--p 0001a000 08:07 787407     /lib/i386-linux-gnu/libgcc_s.so.1
79deb000-79dec000 rw-p 0001b000 08:07 787407     /lib/i386-linux-gnu/libgcc_s.so.1
79dec000-79ec9000 r-xp 00000000 08:07 1711407    /usr/lib/i386-linux-gnu/libstdc++.so.6.0.18
79ec9000-79ecd000 r--p 000dc000 08:07 1711407    /usr/lib/i386-linux-gnu/libstdc++.so.6.0.18
79ecd000-79ece000 rw-p 000e0000 08:07 1711407    /usr/lib/i386-linux-gnu/libstdc++.so.6.0.18
79ece000-79ed5000 rw-p 00000000 00:00 0 
79ed5000-79fd7000 r-xp 00000000 08:07 787411     /lib/i386-linux-gnu/libglib-2.0.so.0.3800.0
79fd7000-79fd8000 r--p 00101000 08:07 787411     /lib/i386-linux-gnu/libglib-2.0.so.0.3800.0
79fd8000-79fd9000 rw-p 00102000 08:07 787411     /lib/i386-linux-gnu/libglib-2.0.so.0.3800.0
79fd9000-7a029000 r-xp 00000000 08:07 1710902    /usr/lib/i386-linux-gnu/libgobject-2.0.so.0.3800.0
7a029000-7a02a000 r--p 0004f000 08:07 1710902    /usr/lib/i386-linux-gnu/libgobject-2.0.so.0.3800.0
7a02a000-7a02b000 rw-p 00050000 08:07 1710902    /usr/lib/i386-linux-gnu/libgobject-2.0.so.0.3800.0
7a02b000-7a063000 r-xp 00000000 08:07 1710780    /usr/lib/i386-linux-gnu/libfontconfig.so.1.7.0
7a063000-7a064000 r--p 00038000 08:07 1710780    /usr/lib/i386-linux-gnu/libfontconfig.so.1.7.0
7a064000-7a065000 rw-p 00039000 08:07 1710780    /usr/lib/i386-linux-gnu/libfontconfig.so.1.7.0
7a065000-7a0ff000 r-xp 00000000 08:07 1710806    /usr/lib/i386-linux-gnu/libfreetype.so.6.10.1
7a0ff000-7a103000 r--p 00099000 08:07 1710806    /usr/lib/i386-linux-gnu/libfreetype.so.6.10.1
7a103000-7a104000 rw-p 0009d000 08:07 1710806    /usr/lib/i386-linux-gnu/libfreetype.so.6.10.1
7a104000-7a14e000 r-xp 00000000 08:07 1711257    /usr/lib/i386-linux-gnu/libpango-1.0.so.0.3200.5
7a14e000-7a14f000 ---p 0004a000 08:07 1711257    /usr/lib/i386-linux-gnu/libpango-1.0.so.0.3200.5
7a14f000-7a150000 r--p 0004a000 08:07 1711257    /usr/lib/i386-linux-gnu/libpango-1.0.so.0.3200.5
7a150000-7a151000 rw-p 0004b000 08:07 1711257    /usr/lib/i386-linux-gnu/libpango-1.0.so.0.3200.5
7a151000-7a26e000 r-xp 00000000 08:07 1710596    /usr/lib/i386-linux-gnu/libcairo.so.2.11200.16
7a26e000-7a270000 r--p 0011d000 08:07 1710596    /usr/lib/i386-linux-gnu/libcairo.so.2.11200.16
7a270000-7a271000 rw-p 0011f000 08:07 1710596    /usr/lib/i386-linux-gnu/libcairo.so.2.11200.16
7a271000-7a272000 rw-p 00000000 00:00 0 
7a272000-7a3de000 r-xp 00000000 08:07 1710862    /usr/lib/i386-linux-gnu/libgio-2.0.so.0.3800.0
7a3de000-7a3df000 ---p 0016c000 08:07 1710862    /usr/lib/i386-linux-gnu/libgio-2.0.so.0.3800.0
7a3df000-7a3e1000 r--p 0016c000 08:07 1710862    /usr/lib/i386-linux-gnu/libgio-2.0.so.0.3800.0
7a3e1000-7a3e2000 rw-p 0016e000 08:07 1710862    /usr/lib/i386-linux-gnu/libgio-2.0.so.0.3800.0
7a3e2000-7a3e3000 rw-p 00000000 00:00 0 
7a3e3000-7a48e000 r-xp 00000000 08:07 1710841    /usr/lib/i386-linux-gnu/libgdk-x11-2.0.so.0.2400.20
7a48e000-7a490000 r--p 000ab000 08:07 1710841    /usr/lib/i386-linux-gnu/libgdk-x11-2.0.so.0.2400.20
7a490000-7a491000 rw-p 000ad000 08:07 1710841    /usr/lib/i386-linux-gnu/libgdk-x11-2.0.so.0.2400.20
7a491000-7a8f8000 r-xp 00000000 08:07 1711026    /usr/lib/i386-linux-gnu/libgtk-x11-2.0.so.0.2400.20
7a8f8000-7a8fc000 r--p 00466000 08:07 1711026    /usr/lib/i386-linux-gnu/libgtk-x11-2.0.so.0.2400.20
7a8fc000-7a8fe000 rw-p 0046a000 08:07 1711026    /usr/lib/i386-linux-gnu/libgtk-x11-2.0.so.0.2400.20
7a8fe000-7a900000 rw-p 00000000 00:00 0 
7a900000-7aa00000 rw-p 00000000 00:00 0 
7aa00000-7aa01000 r--s 00000000 08:07 2236155    /var/cache/fontconfig/dc05db6664285cc2f12bf69c139ae4c3-le32d4.cache-4
7aa01000-7aa02000 r--s 00000000 08:07 2236131    /var/cache/fontconfig/4794a0821666d79190d59a36cb4f44b5-le32d4.cache-4
7aa02000-7aa0b000 r-xp 00000000 08:07 1710490    /usr/lib/i386-linux-gnu/libXrender.so.1.3.0
7aa0b000-7aa0c000 r--p 00008000 08:07 1710490    /usr/lib/i386-linux-gnu/libXrender.so.1.3.0
7aa0c000-7aa0d000 rw-p 00009000 08:07 1710490    /usr/lib/i386-linux-gnu/libXrender.so.1.3.0
7aa0d000-7aa11000 r-xp 00000000 08:07 1710472    /usr/lib/i386-linux-gnu/libXfixes.so.3.1.0
7aa11000-7aa12000 r--p 00003000 08:07 1710472    /usr/lib/i386-linux-gnu/libXfixes.so.3.1.0
7aa12000-7aa13000 rw-p 00004000 08:07 1710472    /usr/lib/i386-linux-gnu/libXfixes.so.3.1.0
7aa13000-7aa18000 r-xp 00000000 08:07 1710496    /usr/lib/i386-linux-gnu/libXtst.so.6.1.0
7aa18000-7aa19000 r--p 00004000 08:07 1710496    /usr/lib/i386-linux-gnu/libXtst.so.6.1.0
7aa19000-7aa1a000 rw-p 00005000 08:07 1710496    /usr/lib/i386-linux-gnu/libXtst.so.6.1.0
7aa1a000-7aa3b000 r-xp 00000000 08:07 1710843    /usr/lib/i386-linux-gnu/libgdk_pixbuf-2.0.so.0.2800.1
7aa3b000-7aa3c000 r--p 00020000 08:07 1710843    /usr/lib/i386-linux-gnu/libgdk_pixbuf-2.0.so.0.2800.1
7aa3c000-7aa3d000 rw-p 00021000 08:07 1710843    /usr/lib/i386-linux-gnu/libgdk_pixbuf-2.0.so.0.2800.1
7aa3d000-7ac3d000 rw-s 2d90e000 00:05 11910      /dev/nvidia0
7ac3d000-7ad3d000 rw-s 2d807000 00:05 11910      /dev/nvidia0
7ad3d000-7ad44000 rw-s 2e3fd000 00:05 11910      /dev/nvidia0
7ad44000-7ad48000 rw-s 2e3f7000 00:05 11910      /dev/nvidia0
7ad48000-7ad88000 rw-s 2e907000 00:05 11910      /dev/nvidia0
7ad88000-7ada8000 rw-p 00000000 00:00 0 
7ada8000-7ae57000 rw-p 00000000 00:00 0 
7ae57000-7ae58000 r--s 00000000 08:07 2236133    /var/cache/fontconfig/56cf4f4769d0f4abc89a4895d7bd3ae1-le32d4.cache-4
7ae58000-7ae59000 r-xp 00000000 08:07 1711022    /usr/lib/i386-linux-gnu/libgthread-2.0.so.0.3800.0
7ae59000-7ae5a000 r--p 00000000 08:07 1711022    /usr/lib/i386-linux-gnu/libgthread-2.0.so.0.3800.0
7ae5a000-7ae5b000 rw-p 00001000 08:07 1711022    /usr/lib/i386-linux-gnu/libgthread-2.0.so.0.3800.0
7ae5b000-7ae5e000 r-xp 00000000 08:07 1710876    /usr/lib/i386-linux-gnu/libgmodule-2.0.so.0.3800.0
7ae5e000-7ae5f000 r--p 00002000 08:07 1710876    /usr/lib/i386-linux-gnu/libgmodule-2.0.so.0.3800.0
7ae5f000-7ae60000 rw-p 00003000 08:07 1710876    /usr/lib/i386-linux-gnu/libgmodule-2.0.so.0.3800.0
7ae60000-7ae6b000 r-xp 00000000 08:07 1711259    /usr/lib/i386-linux-gnu/libpangocairo-1.0.so.0.3200.5
7ae6b000-7ae6c000 r--p 0000a000 08:07 1711259    /usr/lib/i386-linux-gnu/libpangocairo-1.0.so.0.3200.5
7ae6c000-7ae6d000 rw-p 0000b000 08:07 1711259    /usr/lib/i386-linux-gnu/libpangocairo-1.0.so.0.3200.5
7ae6d000-7ae80000 r-xp 00000000 08:07 1711261    /usr/lib/i386-linux-gnu/libpangoft2-1.0.so.0.3200.5
7ae80000-7ae81000 r--p 00013000 08:07 1711261    /usr/lib/i386-linux-gnu/libpangoft2-1.0.so.0.3200.5
7ae81000-7ae82000 rw-p 00014000 08:07 1711261    /usr/lib/i386-linux-gnu/libpangoft2-1.0.so.0.3200.5
7ae82000-7aea0000 r-xp 00000000 08:07 1710543    /usr/lib/i386-linux-gnu/libatk-1.0.so.0.21009.1
7aea0000-7aea2000 r--p 0001d000 08:07 1710543    /usr/lib/i386-linux-gnu/libatk-1.0.so.0.21009.1
7aea2000-7aea3000 rw-p 0001f000 08:07 1710543    /usr/lib/i386-linux-gnu/libatk-1.0.so.0.21009.1
7aea3000-7aea4000 r--s 00000000 08:07 2236147    /var/cache/fontconfig/b9d506c9ac06c20b433354fa67a72993-le32d4.cache-4
7aea4000-7aea8000 r--s 00000000 08:07 2236146    /var/cache/fontconfig/b47c4e1ecd0709278f4910c18777a504-le32d4.cache-4
7aea8000-7aea9000 r--s 00000000 08:07 2236122    /var/cache/fontconfig/0c9eb80ebd1c36541ebe2852d3bb0c49-le32d4.cache-4
7aea9000-7aeab000 r--s 00000000 08:07 2236192    /var/cache/fontconfig/e13b20fdb08344e0e664864cc2ede53d-le32d4.cache-4
7aeab000-7aeae000 r--s 00000000 08:07 2236139    /var/cache/fontconfig/7ef2298fde41cc6eeb7af42e48b7d293-le32d4.cache-4
7aeae000-7aeaf000 r--s 00000000 08:07 3023874    /home/oukhay/.cache/fontconfig/0b30ef6e7d90ccfcc7232e9fca30d3f3-le32d4.cache-4
7aeaf000-7aeb9000 r--s 00250000 08:07 4068561    /home/oukhay/Téléchargements/jdk1.7.0_51/jre/lib/resources.jar
7aeb9000-7aebb000 rw-s 00000000 08:07 1179653    /tmp/glLlCEDF (deleted)
7aebb000-7aedd000 r-xp 00000000 08:07 4068617    /home/oukhay/Téléchargements/jdk1.7.0_51/jre/lib/i386/libglass.so
7aedd000-7aede000 r--p 00021000 08:07 4068617    /home/oukhay/Téléchargements/jdk1.7.0_51/jre/lib/i386/libglass.so
7aede000-7aedf000 rw-p 00022000 08:07 4068617    /home/oukhay/Téléchargements/jdk1.7.0_51/jre/lib/i386/libglass.so
7aedf000-7aee2000 ---p 00000000 00:00 0 
7aee2000-7afaf000 rw-p 00000000 00:00 0          [stack:2647]
7afaf000-7afb4000 r-xp 00000000 08:07 1710468    /usr/lib/i386-linux-gnu/libXdmcp.so.6.0.0
7afb4000-7afb5000 r--p 00004000 08:07 1710468    /usr/lib/i386-linux-gnu/libXdmcp.so.6.0.0
7afb5000-7afb6000 rw-p 00005000 08:07 1710468    /usr/lib/i386-linux-gnu/libXdmcp.so.6.0.0
7afb6000-7cf10000 r-xp 00000000 08:07 1714308    /usr/lib/nvidia-319/libnvidia-glcore.so.319.32
7cf10000-7cf6e000 rwxp 01f59000 08:07 1714308    /usr/lib/nvidia-319/libnvidia-glcore.so.319.32
7cf6e000-7cf80000 rwxp 00000000 00:00 0 
7cf80000-7cf91000 r-xp 00000000 08:07 1710470    /usr/lib/i386-linux-gnu/libXext.so.6.4.0
7cf91000-7cf92000 r--p 00010000 08:07 1710470    /usr/lib/i386-linux-gnu/libXext.so.6.4.0
7cf92000-7cf93000 rw-p 00011000 08:07 1710470    /usr/lib/i386-linux-gnu/libXext.so.6.4.0
7cf93000-7cfb2000 r-xp 00000000 08:07 1711547    /usr/lib/i386-linux-gnu/libxcb.so.1.1.0
7cfb2000-7cfb3000 r--p 0001f000 08:07 1711547    /usr/lib/i386-linux-gnu/libxcb.so.1.1.0
7cfb3000-7cfb4000 rw-p 00020000 08:07 1711547    /usr/lib/i386-linux-gnu/libxcb.so.1.1.0
7cfb4000-7d086000 r-xp 00000000 08:07 1714312    /usr/lib/nvidia-319/libGL.so.319.32
7d086000-7d0a7000 rwxp 000d1000 08:07 1714312    /usr/lib/nvidia-319/libGL.so.319.32
7d0a7000-7d0b6000 rwxp 00000000 00:00 0 
7d0b6000-7d1e6000 r-xp 00000000 08:07 1710449    /usr/lib/i386-linux-gnu/libX11.so.6.3.0
7d1e6000-7d1e7000 ---p 00130000 08:07 1710449    /usr/lib/i386-linux-gnu/libX11.so.6.3.0
7d1e7000-7d1e8000 r--p 00130000 08:07 1710449    /usr/lib/i386-linux-gnu/libX11.so.6.3.0
7d1e8000-7d1ea000 rw-p 00131000 08:07 1710449    /usr/lib/i386-linux-gnu/libX11.so.6.3.0
7d1ea000-7d1ec000 rw-p 00000000 00:00 0 
7d1ec000-7d1ee000 r-xs 00000000 08:07 1179653    /tmp/glLlCEDF (deleted)
7d1ee000-7d203000 rw-s 314dd000 00:05 11910      /dev/nvidia0
7d203000-7d206000 ---p 00000000 00:00 0 
7d206000-7d254000 rw-p 00000000 00:00 0          [stack:2646]
7d254000-7d267000 r--s 001a6000 08:07 4068711    /home/oukhay/Téléchargements/jdk1.7.0_51/jre/lib/plugin.jar
7d267000-7d26a000 ---p 00000000 00:00 0 
7d26a000-7d2b8000 rw-p 00000000 00:00 0          [stack:2645]
7d2b8000-7d2d3000 r-xp 00000000 08:07 4068607    /home/oukhay/Téléchargements/jdk1.7.0_51/jre/lib/i386/libdeploy.so
7d2d3000-7d2d4000 rw-p 0001b000 08:07 4068607    /home/oukhay/Téléchargements/jdk1.7.0_51/jre/lib/i386/libdeploy.so
7d2d4000-7d2d8000 rw-p 00000000 00:00 0 
7d2d8000-7d2db000 ---p 00000000 00:00 0 
7d2db000-7d329000 rw-p 00000000 00:00 0          [stack:2643]
7d329000-7d3b8000 r--s 00de3000 08:07 4068709    /home/oukhay/Téléchargements/jdk1.7.0_51/jre/lib/jfxrt.jar
7d3b8000-7d3b9000 ---p 00000000 00:00 0 
7d3b9000-7d439000 rw-p 00000000 00:00 0          [stack:2642]
7d439000-7d43c000 ---p 00000000 00:00 0 
7d43c000-7d48a000 rw-p 00000000 00:00 0          [stack:2641]
7d48a000-7d48d000 ---p 00000000 00:00 0 
7d48d000-7d50b000 rw-p 00000000 00:00 0          [stack:2640]
7d50b000-7d50e000 ---p 00000000 00:00 0 
7d50e000-7d58c000 rw-p 00000000 00:00 0          [stack:2639]
7d58c000-7d58f000 ---p 00000000 00:00 0 
7d58f000-7d5dd000 rw-p 00000000 00:00 0          [stack:2638]
7d5dd000-7d7dd000 r--p 00000000 08:07 1711782    /usr/lib/locale/locale-archive
7d7dd000-7d7e0000 ---p 00000000 00:00 0 
7d7e0000-7d82e000 rw-p 00000000 00:00 0          [stack:2637]
7d82e000-7d831000 ---p 00000000 00:00 0 
7d831000-7d87f000 rw-p 00000000 00:00 0          [stack:2636]
7d87f000-7d880000 ---p 00000000 00:00 0 
7d880000-7d900000 rw-p 00000000 00:00 0          [stack:2635]
7d900000-7d9fa000 rw-p 00000000 00:00 0 
7d9fa000-7da00000 ---p 00000000 00:00 0 
7da00000-7da01000 rw-p 00000000 00:00 0 
7da01000-7da02000 rw-s c0006000 00:05 11910      /dev/nvidia0
7da02000-7da03000 rw-s 2e3fb000 00:05 11910      /dev/nvidia0
7da03000-7da04000 rw-s d2c08000 00:05 11910      /dev/nvidia0
7da04000-7da06000 r-xp 00000000 08:07 1710455    /usr/lib/i386-linux-gnu/libXau.so.6.0.0
7da06000-7da07000 r--p 00001000 08:07 1710455    /usr/lib/i386-linux-gnu/libXau.so.6.0.0
7da07000-7da08000 rw-p 00002000 08:07 1710455    /usr/lib/i386-linux-gnu/libXau.so.6.0.0
7da08000-7da10000 r-xp 00000000 08:07 4068630    /home/oukhay/Téléchargements/jdk1.7.0_51/jre/lib/i386/libprism-es2.so
7da10000-7da11000 r--p 00007000 08:07 4068630    /home/oukhay/Téléchargements/jdk1.7.0_51/jre/lib/i386/libprism-es2.so
7da11000-7da12000 rw-p 00008000 08:07 4068630    /home/oukhay/Téléchargements/jdk1.7.0_51/jre/lib/i386/libprism-es2.so
7da12000-7da5d000 rw-p 00000000 00:00 0 
7da5d000-7dc1a000 r--s 039bf000 08:07 4068090    /home/oukhay/Téléchargements/jdk1.7.0_51/jre/lib/rt.jar
7dc1a000-7f900000 rw-p 00000000 00:00 0 
7f900000-7fa00000 rw-p 00000000 00:00 0 
7fa00000-7fa01000 rw-s d2641000 00:05 11910      /dev/nvidia0
7fa01000-7fa02000 rw-s 3165b000 00:05 11910      /dev/nvidia0
7fa02000-7fa03000 rw-s 2e34e000 00:05 11910      /dev/nvidia0
7fa03000-7fa0c000 r--s 000d4000 08:07 4068648    /home/oukhay/Téléchargements/jdk1.7.0_51/jre/lib/javaws.jar
7fa0c000-7fa24000 r--s 00439000 08:07 4068710    /home/oukhay/Téléchargements/jdk1.7.0_51/jre/lib/deploy.jar
7fa24000-7fa7f000 rw-p 00000000 00:00 0 
7fa7f000-7fa80000 ---p 00000000 00:00 0 
7fa80000-7fb00000 rw-p 00000000 00:00 0          [stack:2634]
7fb00000-7fbe3000 rw-p 00000000 00:00 0 
7fbe3000-7fc00000 ---p 00000000 00:00 0 
7fc00000-7fc04000 r-xp 00000000 08:07 1710502    /usr/lib/i386-linux-gnu/libXxf86vm.so.1.0.0
7fc04000-7fc05000 r--p 00004000 08:07 1710502    /usr/lib/i386-linux-gnu/libXxf86vm.so.1.0.0
7fc05000-7fc06000 rw-p 00005000 08:07 1710502    /usr/lib/i386-linux-gnu/libXxf86vm.so.1.0.0
7fc06000-7fc07000 ---p 00000000 00:00 0 
7fc07000-7fc8f000 rw-p 00000000 00:00 0          [stack:2633]
7fc8f000-7fca7000 rw-p 00000000 00:00 0 
7fca7000-7fcb7000 rw-p 00000000 00:00 0 
7fcb7000-7fda4000 rw-p 00000000 00:00 0 
7fda4000-7fdac000 rw-p 00000000 00:00 0 
7fdac000-7fdc4000 rw-p 00000000 00:00 0 
7fdc4000-7fdd4000 rw-p 00000000 00:00 0 
7fdd4000-7fec0000 rw-p 00000000 00:00 0 
7fec0000-7fefb000 rw-p 00000000 00:00 0 
7fefb000-7ff3f000 rw-p 00000000 00:00 0 
7ff3f000-80f40000 rw-p 00000000 00:00 0 
80f40000-83f40000 rw-p 00000000 00:00 0 
83f40000-85ec0000 rw-p 00000000 00:00 0 
85ec0000-a3880000 rw-p 00000000 00:00 0 
a3880000-aac80000 rw-p 00000000 00:00 0 
aac80000-b3540000 rw-p 00000000 00:00 0 
b3540000-b3549000 rw-p 00000000 00:00 0 
b3549000-b3600000 rw-p 00000000 00:00 0 
b3600000-b3840000 rwxp 00000000 00:00 0 
b3840000-b66f3000 rw-p 00000000 00:00 0 
b66f3000-b6700000 ---p 00000000 00:00 0 
b6700000-b6714000 rw-p 00000000 00:00 0 
b6714000-b672b000 r-xp 00000000 08:07 4068637    /home/oukhay/Téléchargements/jdk1.7.0_51/jre/lib/i386/libzip.so
b672b000-b672c000 rw-p 00017000 08:07 4068637    /home/oukhay/Téléchargements/jdk1.7.0_51/jre/lib/i386/libzip.so
b672c000-b6737000 r-xp 00000000 08:07 787458     /lib/i386-linux-gnu/libnss_files-2.17.so
b6737000-b6738000 r--p 0000a000 08:07 787458     /lib/i386-linux-gnu/libnss_files-2.17.so
b6738000-b6739000 rw-p 0000b000 08:07 787458     /lib/i386-linux-gnu/libnss_files-2.17.so
b6739000-b6743000 r-xp 00000000 08:07 787462     /lib/i386-linux-gnu/libnss_nis-2.17.so
b6743000-b6744000 r--p 00009000 08:07 787462     /lib/i386-linux-gnu/libnss_nis-2.17.so
b6744000-b6745000 rw-p 0000a000 08:07 787462     /lib/i386-linux-gnu/libnss_nis-2.17.so
b6745000-b675a000 r-xp 00000000 08:07 787452     /lib/i386-linux-gnu/libnsl-2.17.so
b675a000-b675b000 r--p 00014000 08:07 787452     /lib/i386-linux-gnu/libnsl-2.17.so
b675b000-b675c000 rw-p 00015000 08:07 787452     /lib/i386-linux-gnu/libnsl-2.17.so
b675c000-b675e000 rw-p 00000000 00:00 0 
b675e000-b675f000 rw-s d2060000 00:05 11910      /dev/nvidia0
b675f000-b6762000 r-xp 00000000 08:07 1714306    /usr/lib/nvidia-319/tls/libnvidia-tls.so.319.32
b6762000-b6763000 rw-p 00003000 08:07 1714306    /usr/lib/nvidia-319/tls/libnvidia-tls.so.319.32
b6763000-b676b000 r--s 000c3000 08:07 3544065    /home/oukhay/NetBeansProjects/JetSetMag/dist/run451293492/lib/mysql-connector-java-5.1.23-bin.jar
b676b000-b676d000 r--s 000f5000 08:07 3544061    /home/oukhay/NetBeansProjects/JetSetMag/dist/run451293492/JetSetMag.jar
b676d000-b676e000 r--p 002ca000 08:07 1711782    /usr/lib/locale/locale-archive
b676e000-b6776000 rw-s 00000000 08:07 1310740    /tmp/hsperfdata_oukhay/2628
b6776000-b6799000 r-xp 00000000 08:07 4068600    /home/oukhay/Téléchargements/jdk1.7.0_51/jre/lib/i386/libjava.so
b6799000-b679a000 rw-p 00022000 08:07 4068600    /home/oukhay/Téléchargements/jdk1.7.0_51/jre/lib/i386/libjava.so
b679a000-b67a1000 r-xp 00000000 08:07 787505     /lib/i386-linux-gnu/librt-2.17.so
b67a1000-b67a2000 r--p 00006000 08:07 787505     /lib/i386-linux-gnu/librt-2.17.so
b67a2000-b67a3000 rw-p 00007000 08:07 787505     /lib/i386-linux-gnu/librt-2.17.so
b67a3000-b67a6000 ---p 00000000 00:00 0 
b67a6000-b67f4000 rw-p 00000000 00:00 0          [stack:2631]
b67f4000-b6835000 r-xp 00000000 08:07 787433     /lib/i386-linux-gnu/libm-2.17.so
b6835000-b6836000 r--p 00040000 08:07 787433     /lib/i386-linux-gnu/libm-2.17.so
b6836000-b6837000 rw-p 00041000 08:07 787433     /lib/i386-linux-gnu/libm-2.17.so
b6837000-b70ae000 r-xp 00000000 08:07 4068636    /home/oukhay/Téléchargements/jdk1.7.0_51/jre/lib/i386/server/libjvm.so
b70ae000-b7112000 rw-p 00877000 08:07 4068636    /home/oukhay/Téléchargements/jdk1.7.0_51/jre/lib/i386/server/libjvm.so
b7112000-b7536000 rw-p 00000000 00:00 0 
b7536000-b76e4000 r-xp 00000000 08:07 787382     /lib/i386-linux-gnu/libc-2.17.so
b76e4000-b76e6000 r--p 001ae000 08:07 787382     /lib/i386-linux-gnu/libc-2.17.so
b76e6000-b76e7000 rw-p 001b0000 08:07 787382     /lib/i386-linux-gnu/libc-2.17.so
b76e7000-b76ea000 rw-p 00000000 00:00 0 
b76ea000-b76ed000 r-xp 00000000 08:07 787397     /lib/i386-linux-gnu/libdl-2.17.so
b76ed000-b76ee000 r--p 00002000 08:07 787397     /lib/i386-linux-gnu/libdl-2.17.so
b76ee000-b76ef000 rw-p 00003000 08:07 787397     /lib/i386-linux-gnu/libdl-2.17.so
b76ef000-b7702000 r-xp 00000000 08:07 3418865    /home/oukhay/Téléchargements/jdk1.7.0_51/lib/i386/jli/libjli.so
b7702000-b7703000 rw-p 00012000 08:07 3418865    /home/oukhay/Téléchargements/jdk1.7.0_51/lib/i386/jli/libjli.so
b7703000-b7704000 rw-p 00000000 00:00 0 
b7704000-b771b000 r-xp 00000000 08:07 787497     /lib/i386-linux-gnu/libpthread-2.17.so
b771b000-b771c000 r--p 00016000 08:07 787497     /lib/i386-linux-gnu/libpthread-2.17.so
b771c000-b771d000 rw-p 00017000 08:07 787497     /lib/i386-linux-gnu/libpthread-2.17.so
b771d000-b771f000 rw-p 00000000 00:00 0 
b771f000-b7720000 r--p 002c9000 08:07 1711782    /usr/lib/locale/locale-archive
b7720000-b7727000 r-xp 00000000 08:07 787454     /lib/i386-linux-gnu/libnss_compat-2.17.so
b7727000-b7728000 r--p 00006000 08:07 787454     /lib/i386-linux-gnu/libnss_compat-2.17.so
b7728000-b7729000 rw-p 00007000 08:07 787454     /lib/i386-linux-gnu/libnss_compat-2.17.so
b7729000-b772a000 rw-p 00000000 00:00 0 
b772a000-b772b000 r--p 00000000 00:00 0 
b772b000-b7736000 r-xp 00000000 08:07 4068582    /home/oukhay/Téléchargements/jdk1.7.0_51/jre/lib/i386/libverify.so
b7736000-b7737000 rw-p 0000b000 08:07 4068582    /home/oukhay/Téléchargements/jdk1.7.0_51/jre/lib/i386/libverify.so
b7737000-b7739000 rw-p 00000000 00:00 0 
b7739000-b773a000 r-xp 00000000 00:00 0          [vdso]
b773a000-b775a000 r-xp 00000000 08:07 787358     /lib/i386-linux-gnu/ld-2.17.so
b775a000-b775b000 r--p 0001f000 08:07 787358     /lib/i386-linux-gnu/ld-2.17.so
b775b000-b775c000 rw-p 00020000 08:07 787358     /lib/i386-linux-gnu/ld-2.17.so
bff1a000-bff3b000 rw-p 00000000 00:00 0          [stack]

VM Arguments:
jvm_args: -Dfile.encoding=UTF-8 
java_command: /home/oukhay/NetBeansProjects/JetSetMag/dist/run451293492/JetSetMag.jar
Launcher Type: SUN_STANDARD

Environment Variables:
PATH=/usr/local/sbin:/usr/local/bin:/usr/sbin:/usr/bin:/sbin:/bin:/usr/games:/usr/local/games
USERNAME=oukhay
LD_LIBRARY_PATH=/usr/lib/jvm/java-7-openjdk-i386/jre/lib/amd64:/usr/lib/jvm/java-7-openjdk-i386/jre/lib/i386:
SHELL=/bin/bash
DISPLAY=:0

Signal Handlers:
SIGSEGV: [libjvm.so+0x7dd5e0], sa_mask[0]=0x7ffbfeff, sa_flags=0x10000004
SIGBUS: [libjvm.so+0x7dd5e0], sa_mask[0]=0x7ffbfeff, sa_flags=0x10000004
SIGFPE: [libjvm.so+0x678d60], sa_mask[0]=0x7ffbfeff, sa_flags=0x10000004
SIGPIPE: SIG_IGN, sa_mask[0]=0x00001000, sa_flags=0x10000000
SIGXFSZ: [libjvm.so+0x678d60], sa_mask[0]=0x7ffbfeff, sa_flags=0x10000004
SIGILL: [libjvm.so+0x678d60], sa_mask[0]=0x7ffbfeff, sa_flags=0x10000004
SIGUSR1: SIG_DFL, sa_mask[0]=0x00000000, sa_flags=0x00000000
SIGUSR2: [libjvm.so+0x67a250], sa_mask[0]=0x00000004, sa_flags=0x10000004
SIGHUP: [libjvm.so+0x67b3a0], sa_mask[0]=0x7ffbfeff, sa_flags=0x10000004
SIGINT: SIG_IGN, sa_mask[0]=0x00000000, sa_flags=0x00000000
SIGTERM: [libjvm.so+0x67b3a0], sa_mask[0]=0x7ffbfeff, sa_flags=0x10000004
SIGQUIT: [libjvm.so+0x67b3a0], sa_mask[0]=0x7ffbfeff, sa_flags=0x10000004


---------------  S Y S T E M  ---------------

OS:wheezy/sid

uname:Linux 3.11.0-12-generic #19-Ubuntu SMP Wed Oct 9 16:12:00 UTC 2013 i686
libc:glibc 2.17 NPTL 2.17 
rlimit: STACK 8192k, CORE 0k, NPROC 24022, NOFILE 4096, AS infinity
load average:0.83 0.58 0.36

/proc/meminfo:
MemTotal:        3100380 kB
MemFree:         1296740 kB
Buffers:           61388 kB
Cached:           831748 kB
SwapCached:            0 kB
Active:          1010656 kB
Inactive:         688920 kB
Active(anon):     807564 kB
Inactive(anon):    12636 kB
Active(file):     203092 kB
Inactive(file):   676284 kB
Unevictable:           0 kB
Mlocked:               0 kB
HighTotal:       2229852 kB
HighFree:         568376 kB
LowTotal:         870528 kB
LowFree:          728364 kB
SwapTotal:       2928636 kB
SwapFree:        2928636 kB
Dirty:              3384 kB
Writeback:             0 kB
AnonPages:        806424 kB
Mapped:           150476 kB
Shmem:             13692 kB
Slab:              38876 kB
SReclaimable:      24696 kB
SUnreclaim:        14180 kB
KernelStack:        3232 kB
PageTables:         6692 kB
NFS_Unstable:          0 kB
Bounce:                0 kB
WritebackTmp:          0 kB
CommitLimit:     4478824 kB
Committed_AS:    2152360 kB
VmallocTotal:     122880 kB
VmallocUsed:       51620 kB
VmallocChunk:      57844 kB
HardwareCorrupted:     0 kB
AnonHugePages:         0 kB
HugePages_Total:       0
HugePages_Free:        0
HugePages_Rsvd:        0
HugePages_Surp:        0
Hugepagesize:       2048 kB
DirectMap4k:       57336 kB
DirectMap2M:      856064 kB


CPU:total 2 (2 cores per cpu, 1 threads per core) family 6 model 23 stepping 10, cmov, cx8, fxsr, mmx, sse, sse2, sse3, ssse3, tsc

/proc/cpuinfo:
processor	: 0
vendor_id	: GenuineIntel
cpu family	: 6
model		: 23
model name	: Pentium(R) Dual-Core CPU       T4200  @ 2.00GHz
stepping	: 10
microcode	: 0xa07
cpu MHz		: 2000.000
cache size	: 1024 KB
physical id	: 0
siblings	: 2
core id		: 0
cpu cores	: 2
apicid		: 0
initial apicid	: 0
fdiv_bug	: no
f00f_bug	: no
coma_bug	: no
fpu		: yes
fpu_exception	: yes
cpuid level	: 13
wp		: yes
flags		: fpu vme de pse tsc msr pae mce cx8 apic sep mtrr pge mca cmov pat pse36 clflush dts acpi mmx fxsr sse sse2 ss ht tm pbe nx lm constant_tsc arch_perfmon pebs bts aperfmperf pni dtes64 monitor ds_cpl est tm2 ssse3 cx16 xtpr pdcm xsave lahf_lm dtherm
bogomips	: 3990.23
clflush size	: 64
cache_alignment	: 64
address sizes	: 36 bits physical, 48 bits virtual
power management:

processor	: 1
vendor_id	: GenuineIntel
cpu family	: 6
model		: 23
model name	: Pentium(R) Dual-Core CPU       T4200  @ 2.00GHz
stepping	: 10
microcode	: 0xa07
cpu MHz		: 2000.000
cache size	: 1024 KB
physical id	: 0
siblings	: 2
core id		: 1
cpu cores	: 2
apicid		: 1
initial apicid	: 1
fdiv_bug	: no
f00f_bug	: no
coma_bug	: no
fpu		: yes
fpu_exception	: yes
cpuid level	: 13
wp		: yes
flags		: fpu vme de pse tsc msr pae mce cx8 apic sep mtrr pge mca cmov pat pse36 clflush dts acpi mmx fxsr sse sse2 ss ht tm pbe nx lm constant_tsc arch_perfmon pebs bts aperfmperf pni dtes64 monitor ds_cpl est tm2 ssse3 cx16 xtpr pdcm xsave lahf_lm dtherm
bogomips	: 3990.23
clflush size	: 64
cache_alignment	: 64
address sizes	: 36 bits physical, 48 bits virtual
power management:



Memory: 4k page, physical 3100380k(1296740k free), swap 2928636k(2928636k free)

vm_info: Java HotSpot(TM) Server VM (24.51-b03) for linux-x86 JRE (1.7.0_51-b13), built on Dec 18 2013 18:45:30 by "java_re" with gcc 4.3.0 20080428 (Red Hat 4.3.0-8)

time: Thu Feb 27 23:34:06 2014
elapsed time: 33 seconds

