#
# A fatal error has been detected by the Java Runtime Environment:
#
#  SIGSEGV (0xb) at pc=0x73412bdf, pid=5405, tid=2042354496
#
# JRE version: Java(TM) SE Runtime Environment (7.0_51-b13) (build 1.7.0_51-b13)
# Java VM: Java HotSpot(TM) Server VM (24.51-b03 mixed mode linux-x86 )
# Problematic frame:
# C  0x73412bdf
#
# Failed to write core dump. Core dumps have been disabled. To enable core dumping, try "ulimit -c unlimited" before starting Java again
#
# If you would like to submit a bug report, please visit:
#   http://bugreport.sun.com/bugreport/crash.jsp
# The crash happened outside the Java Virtual Machine in native code.
# See problematic frame for where to report the bug.
#

---------------  T H R E A D  ---------------

Current thread (0x7f9d6c00):  JavaThread "JavaFX Application Thread" [_thread_in_native, id=5425, stack(0x79b6d000,0x79bbe000)]

siginfo:si_signo=SIGSEGV: si_errno=0, si_code=1 (SEGV_MAPERR), si_addr=0x00000004

Registers:
EAX=0x00000000, EBX=0x00000000, ECX=0x738f66f0, EDX=0x740792b0
ESP=0x79bbc090, EBP=0x79bbc0d8, ESI=0xfffffffe, EDI=0x77119588
EIP=0x73412bdf, EFLAGS=0x00210246, CR2=0x00000004

Top of Stack: (sp=0x79bbc090)
0x79bbc090:   77119588 00000000 fffffffe 738f66f0
0x79bbc0a0:   733563b4 738f6770 fffffffb 73d1f3b0
0x79bbc0b0:   795b60f8 738de9c0 79bbc0f0 b36b9a98
0x79bbc0c0:   a4ea2fb8 b36b9a98 84cd18e8 794f2ff4
0x79bbc0d0:   79bbc288 794ff228 79bbc168 78e6a771
0x79bbc0e0:   746e07c0 795a0bfc 77119538 00000000
0x79bbc0f0:   794ff228 795b60f8 79bbc104 79bbc128
0x79bbc100:   b36b951a 00000000 79bbc108 8038b371 

Instructions: (pc=0x73412bdf)
0x73412bbf:   3c 81 79 04 f0 f5 6c 74 0f 85 c4 01 00 00 ba b0
0x73412bcf:   92 07 74 81 7a 04 e0 ec 6c 74 0f 85 c1 01 00 00
0x73412bdf:   81 7b 04 c0 49 53 75 0f 85 c3 01 00 00 c7 41 04
0x73412bef:   a0 f5 6c 74 8b 59 08 89 73 3c 89 43 38 c7 41 04 

Register to memory mapping:

EAX=0x00000000 is an unknown value
EBX=0x00000000 is an unknown value
ECX=0x738f66f0 is an unknown value
EDX=0x740792b0 is an unknown value
ESP=0x79bbc090 is pointing into the stack for thread: 0x7f9d6c00
EBP=0x79bbc0d8 is pointing into the stack for thread: 0x7f9d6c00
ESI=0xfffffffe is an unknown value
EDI=0x77119588 is an unknown value


Stack: [0x79b6d000,0x79bbe000],  sp=0x79bbc090,  free space=316k
Native frames: (J=compiled Java code, j=interpreted, Vv=VM code, C=native code)
C  0x73412bdf
C  [libjfxwebkit.so+0xff6771]  JSValueCreateJSONString+0xf6e1
C  [libjfxwebkit.so+0x1017416]  JSValueCreateJSONString+0x30386
C  [libjfxwebkit.so+0x1dfd5e]  Java_com_sun_webpane_webkit_dom_EventListenerImpl_twkCreatePeer+0x6805e
C  [libjfxwebkit.so+0x1e01c5]  Java_com_sun_webpane_webkit_dom_EventListenerImpl_twkCreatePeer+0x684c5
C  [libjfxwebkit.so+0x1e02eb]  Java_com_sun_webpane_webkit_dom_EventListenerImpl_twkCreatePeer+0x685eb
C  [libjfxwebkit.so+0x6c7254]  Java_com_sun_webpane_webkit_dom_EventListenerImpl_twkCreatePeer+0x54f554
C  [libjfxwebkit.so+0x80bfa9]  Java_com_sun_webpane_webkit_network_URLLoader_twkWillSendRequest+0x1e629
C  [libjfxwebkit.so+0x80c011]  Java_com_sun_webpane_webkit_network_URLLoader_twkWillSendRequest+0x1e691
C  [libjfxwebkit.so+0x7b3a38]  Java_com_sun_webpane_webkit_Timer_twkFireTimerEvent+0x18
j  com.sun.webpane.webkit.Timer.twkFireTimerEvent()V+0
j  com.sun.webpane.webkit.Timer.fireTimerEvent(J)V+45
j  com.sun.webpane.webkit.Timer.notifyTick()V+25
j  javafx.scene.web.WebEngine$PulseTimer$2.pulse()V+3
J  com.sun.javafx.tk.Toolkit$5.run()Ljava/lang/Object;
V  [libjvm.so+0x480885]  JavaCalls::call_helper(JavaValue*, methodHandle*, JavaCallArguments*, Thread*)+0x315
V  [libjvm.so+0x6770c9]  os::os_exception_wrapper(void (*)(JavaValue*, methodHandle*, JavaCallArguments*, Thread*), JavaValue*, methodHandle*, JavaCallArguments*, Thread*)+0x19
V  [libjvm.so+0x47f4ff]  JavaCalls::call(JavaValue*, methodHandle, JavaCallArguments*, Thread*)+0x2f
V  [libjvm.so+0x505119]  JVM_DoPrivileged+0x249
C  [libjava.so+0x9ada]  Java_java_security_AccessController_doPrivileged__Ljava_security_PrivilegedAction_2Ljava_security_AccessControlContext_2+0x3a
J  java.security.AccessController.doPrivileged(Ljava/security/PrivilegedAction;Ljava/security/AccessControlContext;)Ljava/lang/Object;

Java frames: (J=compiled Java code, j=interpreted, Vv=VM code)
j  com.sun.webpane.webkit.Timer.twkFireTimerEvent()V+0
j  com.sun.webpane.webkit.Timer.fireTimerEvent(J)V+45
j  com.sun.webpane.webkit.Timer.notifyTick()V+25
j  javafx.scene.web.WebEngine$PulseTimer$2.pulse()V+3
J  com.sun.javafx.tk.Toolkit$5.run()Ljava/lang/Object;
v  ~StubRoutines::call_stub
J  java.security.AccessController.doPrivileged(Ljava/security/PrivilegedAction;Ljava/security/AccessControlContext;)Ljava/lang/Object;
J  com.sun.javafx.tk.Toolkit.firePulse()V
j  com.sun.javafx.tk.quantum.QuantumToolkit.pulse()V+100
j  com.sun.javafx.tk.quantum.QuantumToolkit$9.run()V+4
j  com.sun.glass.ui.InvokeLaterDispatcher$Future.run()V+4
v  ~StubRoutines::call_stub
j  com.sun.glass.ui.gtk.GtkApplication._runLoop([Ljava/lang/String;Lcom/sun/glass/ui/Launchable;Z)V+0
j  com.sun.glass.ui.gtk.GtkApplication$3$1.run()V+38
j  java.lang.Thread.run()V+11
v  ~StubRoutines::call_stub

---------------  P R O C E S S  ---------------

Java Threads: ( => current thread )
  0x76538400 JavaThread "URL-Loader-30" daemon [_thread_in_native, id=5572, stack(0x76185000,0x761d6000)]
  0x76537400 JavaThread "URL-Loader-29" daemon [_thread_in_native, id=5571, stack(0x75efd000,0x75f4e000)]
  0x76536c00 JavaThread "URL-Loader-28" daemon [_thread_in_native, id=5570, stack(0x764af000,0x76500000)]
  0x73561800 JavaThread "URL-Loader-27" daemon [_thread_in_native, id=5569, stack(0x7636b000,0x763bc000)]
  0x7317ac00 JavaThread "URL-Loader-26" daemon [_thread_in_native, id=5568, stack(0x766e1000,0x76732000)]
  0x7707fc00 JavaThread "URL-Loader-25" daemon [_thread_blocked, id=5561, stack(0x76f0d000,0x76f5e000)]
  0x76c60000 JavaThread "URL-Loader-24" daemon [_thread_blocked, id=5559, stack(0x760e3000,0x76134000)]
  0x76c63400 JavaThread "URL-Loader-23" daemon [_thread_blocked, id=5557, stack(0x76092000,0x760e3000)]
  0x76e42800 JavaThread "URL-Loader-22" daemon [_thread_blocked, id=5553, stack(0x75eac000,0x75efd000)]
  0x72d2a000 JavaThread "URL-Loader-21" daemon [_thread_blocked, id=5537, stack(0x75f4e000,0x75f9f000)]
  0x76c66800 JavaThread "URL-Loader-17" daemon [_thread_blocked, id=5450, stack(0x75ff0000,0x76041000)]
  0x76c65000 JavaThread "URL-Loader-16" daemon [_thread_blocked, id=5449, stack(0x76041000,0x76092000)]
  0x765d0000 JavaThread "URL-Loader-11" daemon [_thread_blocked, id=5444, stack(0x761d6000,0x76227000)]
  0x76571000 JavaThread "URL-Loader-10" daemon [_thread_blocked, id=5443, stack(0x76227000,0x76278000)]
  0x76566c00 JavaThread "URL-Loader-7" daemon [_thread_blocked, id=5440, stack(0x7631a000,0x7636b000)]
  0x76a9c800 JavaThread "Keep-Alive-Timer" daemon [_thread_blocked, id=5438, stack(0x763bc000,0x7640d000)]
  0x798c4400 JavaThread "URL-Loader-5" daemon [_thread_blocked, id=5435, stack(0x7640d000,0x7645e000)]
  0x76558c00 JavaThread "URL-Loader-4" daemon [_thread_blocked, id=5434, stack(0x7645e000,0x764af000)]
  0x76d41400 JavaThread "Prism Font Disposer" daemon [_thread_blocked, id=5429, stack(0x76f5e000,0x76faf000)]
  0x7702c800 JavaThread "Abandoned connection cleanup thread" daemon [_thread_blocked, id=5428, stack(0x76faf000,0x77000000)]
  0x7956d400 JavaThread "Disposer" daemon [_thread_blocked, id=5426, stack(0x79672000,0x796c3000)]
=>0x7f9d6c00 JavaThread "JavaFX Application Thread" [_thread_in_native, id=5425, stack(0x79b6d000,0x79bbe000)]
  0x7f9d4000 JavaThread "Thread-3" daemon [_thread_blocked, id=5424, stack(0x79bbe000,0x79c0f000)]
  0x7f982800 JavaThread "Disposer" daemon [_thread_blocked, id=5423, stack(0x7af77000,0x7afc8000)]
  0x7f990400 JavaThread "QuantumRenderer-0" daemon [_thread_blocked, id=5422, stack(0x7d2a5000,0x7d2f6000)]
  0x7d9a5c00 JavaThread "JavaFX-Launcher" [_thread_blocked, id=5421, stack(0x7d309000,0x7d35a000)]
  0x7d99c000 JavaThread "traceMsgQueueThread" daemon [_thread_blocked, id=5420, stack(0x7d37a000,0x7d3cb000)]
  0x7d92a000 JavaThread "Service Thread" daemon [_thread_blocked, id=5418, stack(0x7d4db000,0x7d52c000)]
  0x7d928000 JavaThread "C2 CompilerThread1" daemon [_thread_blocked, id=5417, stack(0x7d52c000,0x7d5ad000)]
  0x7d926000 JavaThread "C2 CompilerThread0" daemon [_thread_blocked, id=5416, stack(0x7d5ad000,0x7d62e000)]
  0x7d924800 JavaThread "Signal Dispatcher" daemon [_thread_blocked, id=5415, stack(0x7d62e000,0x7d67f000)]
  0x7d914400 JavaThread "Finalizer" daemon [_thread_blocked, id=5414, stack(0x7da0c000,0x7da5d000)]
  0x7d911c00 JavaThread "Reference Handler" daemon [_thread_blocked, id=5413, stack(0x7fa09000,0x7fa5a000)]
  0xb6707800 JavaThread "main" [_thread_blocked, id=5408, stack(0xb6838000,0xb6889000)]

Other Threads:
  0x7d910400 VMThread [stack: 0x7d87f000,0x7d900000] [id=5412]
  0x7d934000 WatcherThread [stack: 0x7d45a000,0x7d4db000] [id=5419]

VM state:not at safepoint (normal execution)

VM Mutex/Monitor currently owned by a thread: None

Heap
 PSYoungGen      total 162816K, used 23895K [0xa3900000, 0xaee40000, 0xb35c0000)
  eden space 154624K, 15% used [0xa3900000,0xa5021b70,0xad000000)
  from space 8192K, 2% used [0xadcc0000,0xadcf4160,0xae4c0000)
  to   space 13056K, 0% used [0xad000000,0xad000000,0xadcc0000)
 ParOldGen       total 53248K, used 32059K [0x83fc0000, 0x873c0000, 0xa3900000)
  object space 53248K, 60% used [0x83fc0000,0x85f0ef90,0x873c0000)
 PSPermGen       total 31488K, used 15800K [0x7ffc0000, 0x81e80000, 0x83fc0000)
  object space 31488K, 50% used [0x7ffc0000,0x80f2e3e8,0x81e80000)

Card table byte_map: [0x7fe24000,0x7ffc0000] byte_map_base: 0x7fa24200

Polling page: 0xb77bf000

Code Cache  [0xb36b6000, 0xb38f6000, 0xb66b6000)
 total_blobs=909 nmethods=552 adapters=310 free_code_cache=47770Kb largest_free_block=48889088

Compilation events (10 events):
Event: 46.177 Thread 0x7d926000 nmethod 601 0xb3810e88 code [0xb3810fa0, 0xb3811150]
Event: 46.178 Thread 0x7d928000 nmethod 602 0xb3810b08 code [0xb3810c20, 0xb3810dd0]
Event: 47.406 Thread 0x7d926000  603             java.util.AbstractCollection::isEmpty (13 bytes)
Event: 47.407 Thread 0x7d926000 nmethod 603 0xb3810908 code [0xb3810a00, 0xb3810a70]
Event: 47.550 Thread 0x7d928000  604             javafx.scene.Node::getParent (22 bytes)
Event: 47.552 Thread 0x7d928000 nmethod 604 0xb3810608 code [0xb3810700, 0xb38107fc]
Event: 48.036 Thread 0x7d926000  605             java.util.EnumMap::access$600 (5 bytes)
Event: 48.037 Thread 0x7d926000 nmethod 605 0xb3810448 code [0xb3810540, 0xb3810590]
Event: 48.728 Thread 0x7d926000  606             java.util.HashMap::initHashSeedAsNeeded (61 bytes)
Event: 48.730 Thread 0x7d926000 nmethod 606 0xb3810208 code [0xb3810300, 0xb381039c]

GC Heap History (10 events):
Event: 7.735 GC heap before
{Heap before GC invocations=7 (full 0):
 PSYoungGen      total 57600K, used 51761K [0xa3900000, 0xa7980000, 0xb35c0000)
  eden space 49920K, 99% used [0xa3900000,0xa69b8340,0xa69c0000)
  from space 7680K, 24% used [0xa7180000,0xa73541d8,0xa7900000)
  to   space 7936K, 0% used [0xa69c0000,0xa69c0000,0xa7180000)
 ParOldGen       total 32256K, used 14141K [0x83fc0000, 0x85f40000, 0xa3900000)
  object space 32256K, 43% used [0x83fc0000,0x84d8f7a0,0x85f40000)
 PSPermGen       total 16384K, used 14252K [0x7ffc0000, 0x80fc0000, 0x83fc0000)
  object space 16384K, 86% used [0x7ffc0000,0x80dab038,0x80fc0000)
Event: 7.746 GC heap after
Heap after GC invocations=7 (full 0):
 PSYoungGen      total 57856K, used 1322K [0xa3900000, 0xaaa00000, 0xb35c0000)
  eden space 49920K, 0% used [0xa3900000,0xa3900000,0xa69c0000)
  from space 7936K, 16% used [0xa69c0000,0xa6b0aa80,0xa7180000)
  to   space 7936K, 0% used [0xaa240000,0xaa240000,0xaaa00000)
 ParOldGen       total 32256K, used 14732K [0x83fc0000, 0x85f40000, 0xa3900000)
  object space 32256K, 45% used [0x83fc0000,0x84e23008,0x85f40000)
 PSPermGen       total 16384K, used 14252K [0x7ffc0000, 0x80fc0000, 0x83fc0000)
  object space 16384K, 86% used [0x7ffc0000,0x80dab038,0x80fc0000)
}
Event: 7.788 GC heap before
{Heap before GC invocations=8 (full 0):
 PSYoungGen      total 57856K, used 51158K [0xa3900000, 0xaaa00000, 0xb35c0000)
  eden space 49920K, 99% used [0xa3900000,0xa69ab030,0xa69c0000)
  from space 7936K, 16% used [0xa69c0000,0xa6b0aa80,0xa7180000)
  to   space 7936K, 0% used [0xaa240000,0xaa240000,0xaaa00000)
 ParOldGen       total 32256K, used 14732K [0x83fc0000, 0x85f40000, 0xa3900000)
  object space 32256K, 45% used [0x83fc0000,0x84e23008,0x85f40000)
 PSPermGen       total 16384K, used 14252K [0x7ffc0000, 0x80fc0000, 0x83fc0000)
  object space 16384K, 86% used [0x7ffc0000,0x80dab038,0x80fc0000)
Event: 7.794 GC heap after
Heap after GC invocations=8 (full 0):
 PSYoungGen      total 107520K, used 345K [0xa3900000, 0xaaa80000, 0xb35c0000)
  eden space 99584K, 0% used [0xa3900000,0xa3900000,0xa9a40000)
  from space 7936K, 4% used [0xaa240000,0xaa296748,0xaaa00000)
  to   space 8192K, 0% used [0xa9a40000,0xa9a40000,0xaa240000)
 ParOldGen       total 32256K, used 15759K [0x83fc0000, 0x85f40000, 0xa3900000)
  object space 32256K, 48% used [0x83fc0000,0x84f23c08,0x85f40000)
 PSPermGen       total 16384K, used 14252K [0x7ffc0000, 0x80fc0000, 0x83fc0000)
  object space 16384K, 86% used [0x7ffc0000,0x80dab038,0x80fc0000)
}
Event: 7.903 GC heap before
{Heap before GC invocations=9 (full 0):
 PSYoungGen      total 107520K, used 99897K [0xa3900000, 0xaaa80000, 0xb35c0000)
  eden space 99584K, 99% used [0xa3900000,0xa9a38060,0xa9a40000)
  from space 7936K, 4% used [0xaa240000,0xaa296748,0xaaa00000)
  to   space 8192K, 0% used [0xa9a40000,0xa9a40000,0xaa240000)
 ParOldGen       total 32256K, used 15759K [0x83fc0000, 0x85f40000, 0xa3900000)
  object space 32256K, 48% used [0x83fc0000,0x84f23c08,0x85f40000)
 PSPermGen       total 16384K, used 14252K [0x7ffc0000, 0x80fc0000, 0x83fc0000)
  object space 16384K, 86% used [0x7ffc0000,0x80dab038,0x80fc0000)
Event: 7.905 GC heap after
Heap after GC invocations=9 (full 0):
 PSYoungGen      total 107776K, used 213K [0xa3900000, 0xae4c0000, 0xb35c0000)
  eden space 99584K, 0% used [0xa3900000,0xa3900000,0xa9a40000)
  from space 8192K, 2% used [0xa9a40000,0xa9a755a8,0xaa240000)
  to   space 8192K, 0% used [0xadcc0000,0xadcc0000,0xae4c0000)
 ParOldGen       total 32256K, used 15957K [0x83fc0000, 0x85f40000, 0xa3900000)
  object space 32256K, 49% used [0x83fc0000,0x84f556d0,0x85f40000)
 PSPermGen       total 16384K, used 14252K [0x7ffc0000, 0x80fc0000, 0x83fc0000)
  object space 16384K, 86% used [0x7ffc0000,0x80dab038,0x80fc0000)
}
Event: 32.699 GC heap before
{Heap before GC invocations=10 (full 0):
 PSYoungGen      total 107776K, used 99797K [0xa3900000, 0xae4c0000, 0xb35c0000)
  eden space 99584K, 100% used [0xa3900000,0xa9a40000,0xa9a40000)
  from space 8192K, 2% used [0xa9a40000,0xa9a755a8,0xaa240000)
  to   space 8192K, 0% used [0xadcc0000,0xadcc0000,0xae4c0000)
 ParOldGen       total 32256K, used 15957K [0x83fc0000, 0x85f40000, 0xa3900000)
  object space 32256K, 49% used [0x83fc0000,0x84f556d0,0x85f40000)
 PSPermGen       total 16384K, used 15701K [0x7ffc0000, 0x80fc0000, 0x83fc0000)
  object space 16384K, 95% used [0x7ffc0000,0x80f15550,0x80fc0000)
Event: 32.723 GC heap after
Heap after GC invocations=10 (full 0):
 PSYoungGen      total 162816K, used 8180K [0xa3900000, 0xaee40000, 0xb35c0000)
  eden space 154624K, 0% used [0xa3900000,0xa3900000,0xad000000)
  from space 8192K, 99% used [0xadcc0000,0xae4bd3f0,0xae4c0000)
  to   space 13056K, 0% used [0xad000000,0xad000000,0xadcc0000)
 ParOldGen       total 32256K, used 25094K [0x83fc0000, 0x85f40000, 0xa3900000)
  object space 32256K, 77% used [0x83fc0000,0x85841b80,0x85f40000)
 PSPermGen       total 16384K, used 15701K [0x7ffc0000, 0x80fc0000, 0x83fc0000)
  object space 16384K, 95% used [0x7ffc0000,0x80f15550,0x80fc0000)
}
Event: 32.723 GC heap before
{Heap before GC invocations=11 (full 1):
 PSYoungGen      total 162816K, used 8180K [0xa3900000, 0xaee40000, 0xb35c0000)
  eden space 154624K, 0% used [0xa3900000,0xa3900000,0xad000000)
  from space 8192K, 99% used [0xadcc0000,0xae4bd3f0,0xae4c0000)
  to   space 13056K, 0% used [0xad000000,0xad000000,0xadcc0000)
 ParOldGen       total 32256K, used 25094K [0x83fc0000, 0x85f40000, 0xa3900000)
  object space 32256K, 77% used [0x83fc0000,0x85841b80,0x85f40000)
 PSPermGen       total 16384K, used 15701K [0x7ffc0000, 0x80fc0000, 0x83fc0000)
  object space 16384K, 95% used [0x7ffc0000,0x80f15550,0x80fc0000)
Event: 32.913 GC heap after
Heap after GC invocations=11 (full 1):
 PSYoungGen      total 162816K, used 208K [0xa3900000, 0xaee40000, 0xb35c0000)
  eden space 154624K, 0% used [0xa3900000,0xa3900000,0xad000000)
  from space 8192K, 2% used [0xadcc0000,0xadcf4160,0xae4c0000)
  to   space 13056K, 0% used [0xad000000,0xad000000,0xadcc0000)
 ParOldGen       total 53248K, used 32059K [0x83fc0000, 0x873c0000, 0xa3900000)
  object space 53248K, 60% used [0x83fc0000,0x85f0ef90,0x873c0000)
 PSPermGen       total 31488K, used 15692K [0x7ffc0000, 0x81e80000, 0x83fc0000)
  object space 31488K, 49% used [0x7ffc0000,0x80f13218,0x81e80000)
}

Deoptimization events (10 events):
Event: 11.618 Thread 0x7f9d6c00 Uncommon trap: reason=array_check action=maybe_recompile pc=0xb37c1abc method=java.util.Arrays.fill([Ljava/lang/Object;Ljava/lang/Object;)V @ 13
Event: 11.618 Thread 0x7f9d6c00 Uncommon trap: reason=array_check action=maybe_recompile pc=0xb37c1abc method=java.util.Arrays.fill([Ljava/lang/Object;Ljava/lang/Object;)V @ 13
Event: 11.618 Thread 0x7f9d6c00 Uncommon trap: reason=array_check action=maybe_recompile pc=0xb37c1abc method=java.util.Arrays.fill([Ljava/lang/Object;Ljava/lang/Object;)V @ 13
Event: 11.634 Thread 0x7f9d6c00 Uncommon trap: reason=array_check action=maybe_recompile pc=0xb37c1abc method=java.util.Arrays.fill([Ljava/lang/Object;Ljava/lang/Object;)V @ 13
Event: 11.878 Thread 0x765d0000 Uncommon trap: reason=unreached action=reinterpret pc=0xb37abe9c method=java.util.regex.Pattern.compile()V @ 249
Event: 12.655 Thread 0x7f9d6c00 Uncommon trap: reason=predicate action=maybe_recompile pc=0xb374eeac method=java.util.regex.Pattern$Curly.match(Ljava/util/regex/Matcher;ILjava/lang/CharSequence;)Z @ 12
Event: 17.842 Thread 0x7f9d6c00 Uncommon trap: reason=unreached action=reinterpret pc=0xb37c662c method=java.net.URL.<init>(Ljava/net/URL;Ljava/lang/String;Ljava/net/URLStreamHandler;)V @ 391
Event: 28.543 Thread 0x7f9d6c00 Uncommon trap: reason=unreached action=reinterpret pc=0xb37f42a4 method=com.sun.javafx.geom.transform.AffineBase.doTransform([FI[FIII)V @ 2
Event: 32.948 Thread 0x7d914400 Uncommon trap: reason=unreached action=reinterpret pc=0xb3725324 method=java.util.WeakHashMap.expungeStaleEntries()V @ 9
Event: 36.117 Thread 0x7f9d6c00 Uncommon trap: reason=unreached action=reinterpret pc=0xb37c0d24 method=java.util.WeakHashMap.expungeStaleEntries()V @ 9

Internal exceptions (10 events):
Event: 30.848 Thread 0x7707fc00 Threw 0xa9603d98 at /HUDSON/workspace/7u-2-build-linux-i586/jdk7u51/527/hotspot/src/share/vm/classfile/systemDictionary.cpp:185
Event: 30.848 Thread 0x7707fc00 Threw 0xa96042b8 at /HUDSON/workspace/7u-2-build-linux-i586/jdk7u51/527/hotspot/src/share/vm/prims/jvm.cpp:1244
Event: 30.848 Thread 0x7707fc00 Threw 0xa96046f8 at /HUDSON/workspace/7u-2-build-linux-i586/jdk7u51/527/hotspot/src/share/vm/prims/jvm.cpp:1244
Event: 30.848 Thread 0x76c63400 Threw 0xa81cb3a8 at /HUDSON/workspace/7u-2-build-linux-i586/jdk7u51/527/hotspot/src/share/vm/classfile/systemDictionary.cpp:185
Event: 30.848 Thread 0x76c63400 Threw 0xa81cb8c8 at /HUDSON/workspace/7u-2-build-linux-i586/jdk7u51/527/hotspot/src/share/vm/prims/jvm.cpp:1244
Event: 30.848 Thread 0x76c63400 Threw 0xa81cbd08 at /HUDSON/workspace/7u-2-build-linux-i586/jdk7u51/527/hotspot/src/share/vm/prims/jvm.cpp:1244
Event: 30.850 Thread 0x76c63400 Threw 0xa81f6908 at /HUDSON/workspace/7u-2-build-linux-i586/jdk7u51/527/hotspot/src/share/vm/classfile/systemDictionary.cpp:185
Event: 30.850 Thread 0x76c63400 Threw 0xa81f6e28 at /HUDSON/workspace/7u-2-build-linux-i586/jdk7u51/527/hotspot/src/share/vm/prims/jvm.cpp:1244
Event: 30.850 Thread 0x76c63400 Threw 0xa81f7268 at /HUDSON/workspace/7u-2-build-linux-i586/jdk7u51/527/hotspot/src/share/vm/prims/jvm.cpp:1244
Event: 32.948 Thread 0x7d914400 Threw 0xa3dac090 at /HUDSON/workspace/7u-2-build-linux-i586/jdk7u51/527/hotspot/src/share/vm/interpreter/linkResolver.cpp:883

Events (10 events):
Event: 47.337 loading class 0x797af630 done
Event: 47.338 loading class 0x797a3f10
Event: 47.338 loading class 0x797a3f10 done
Event: 47.339 loading class 0x76d33190
Event: 47.339 loading class 0x76d33190 done
Event: 48.677 Thread 0x7317ac00 Thread added: 0x7317ac00
Event: 48.722 Thread 0x73561800 Thread added: 0x73561800
Event: 48.734 Thread 0x76536c00 Thread added: 0x76536c00
Event: 48.736 Thread 0x76537400 Thread added: 0x76537400
Event: 48.737 Thread 0x76538400 Thread added: 0x76538400


Dynamic libraries:
08048000-08049000 r-xp 00000000 08:07 3157668    /home/oukhay/Téléchargements/jdk1.7.0_51/bin/java
08049000-0804a000 rw-p 00000000 08:07 3157668    /home/oukhay/Téléchargements/jdk1.7.0_51/bin/java
08cac000-0919d000 rw-p 00000000 00:00 0          [heap]
7108f000-71200000 rw-p 00000000 00:00 0 
71200000-71281000 rw-p 00000000 00:00 0 
71281000-71300000 ---p 00000000 00:00 0 
71400000-714ee000 rw-p 00000000 00:00 0 
714ee000-71500000 ---p 00000000 00:00 0 
7151d000-71691000 rwxp 00000000 00:00 0 
71800000-718d1000 rw-p 00000000 00:00 0 
718d1000-71900000 ---p 00000000 00:00 0 
719fe000-71b04000 rw-p 00000000 00:00 0 
71bbf000-71c67000 rw-p 00000000 00:00 0 
71d00000-71dcc000 rw-p 00000000 00:00 0 
71dcc000-71e00000 ---p 00000000 00:00 0 
71f00000-71fff000 rw-p 00000000 00:00 0 
71fff000-72000000 ---p 00000000 00:00 0 
72017000-72027000 rwxp 00000000 00:00 0 
72027000-72046000 rw-p 00000000 00:00 0 
72065000-720a3000 rw-p 00000000 00:00 0 
720a3000-7212a000 rw-p 00000000 00:00 0 
72158000-72200000 rw-p 00000000 00:00 0 
72200000-722fe000 rw-p 00000000 00:00 0 
722fe000-72300000 ---p 00000000 00:00 0 
72303000-7230f000 rwxp 00000000 00:00 0 
7232e000-72332000 rwxp 00000000 00:00 0 
72351000-72370000 rw-p 00000000 00:00 0 
72370000-72384000 rwxp 00000000 00:00 0 
72400000-724eb000 rw-p 00000000 00:00 0 
724eb000-72500000 ---p 00000000 00:00 0 
72500000-725ff000 rw-p 00000000 00:00 0 
725ff000-72600000 ---p 00000000 00:00 0 
72600000-72a00000 rw-s 1ade8000 00:05 11162      /dev/nvidia0
72a00000-72b00000 rw-p 00000000 00:00 0 
72b00000-72bfd000 rw-p 00000000 00:00 0 
72bfd000-72c00000 ---p 00000000 00:00 0 
72c01000-72c31000 rwxp 00000000 00:00 0 
72c50000-72c58000 rwxp 00000000 00:00 0 
72c58000-72c77000 rw-p 00000000 00:00 0 
72c77000-72c83000 rwxp 00000000 00:00 0 
72ca2000-72cae000 rwxp 00000000 00:00 0 
72ccd000-72ce1000 rwxp 00000000 00:00 0 
72ce1000-72f00000 rw-p 00000000 00:00 0 
72f00000-72fe4000 rw-p 00000000 00:00 0 
72fe4000-73000000 ---p 00000000 00:00 0 
73003000-7300f000 rwxp 00000000 00:00 0 
7306c000-7307c000 rwxp 00000000 00:00 0 
730f8000-73100000 rwxp 00000000 00:00 0 
73100000-731fa000 rw-p 00000000 00:00 0 
731fa000-73200000 ---p 00000000 00:00 0 
7329e000-732c2000 rwxp 00000000 00:00 0 
73300000-733fe000 rw-p 00000000 00:00 0 
733fe000-73400000 ---p 00000000 00:00 0 
73400000-7344c000 rwxp 00000000 00:00 0 
7346b000-7346f000 rwxp 00000000 00:00 0 
7346f000-7348e000 rw-p 00000000 00:00 0 
7348e000-73496000 rwxp 00000000 00:00 0 
734b5000-734bd000 rwxp 00000000 00:00 0 
734dc000-73500000 rwxp 00000000 00:00 0 
73500000-73600000 rw-p 00000000 00:00 0 
73603000-73613000 rwxp 00000000 00:00 0 
73613000-73632000 rw-p 00000000 00:00 0 
736cd000-736d9000 rwxp 00000000 00:00 0 
736f8000-73700000 rwxp 00000000 00:00 0 
73700000-73800000 rw-p 00000000 00:00 0 
73801000-73825000 rwxp 00000000 00:00 0 
73844000-7385c000 rwxp 00000000 00:00 0 
7387b000-7389a000 rw-p 00000000 00:00 0 
7389a000-738c2000 rwxp 00000000 00:00 0 
738c2000-73a00000 rw-p 00000000 00:00 0 
73a00000-73aff000 rw-p 00000000 00:00 0 
73aff000-73b00000 ---p 00000000 00:00 0 
73b01000-73b45000 rwxp 00000000 00:00 0 
73b45000-73b64000 rw-p 00000000 00:00 0 
73b64000-73b70000 rwxp 00000000 00:00 0 
73b70000-73b8f000 rw-p 00000000 00:00 0 
73b8f000-73b9b000 rwxp 00000000 00:00 0 
73b9b000-73bba000 rw-p 00000000 00:00 0 
73bba000-73bc2000 rwxp 00000000 00:00 0 
73bc2000-73d00000 rw-p 00000000 00:00 0 
73d00000-73d44000 rwxp 00000000 00:00 0 
73d44000-73d63000 rw-p 00000000 00:00 0 
73d63000-73dbb000 rwxp 00000000 00:00 0 
73dbb000-73dda000 rw-p 00000000 00:00 0 
73dda000-73dde000 rwxp 00000000 00:00 0 
73dde000-73dfd000 rw-p 00000000 00:00 0 
73dfd000-73e09000 rwxp 00000000 00:00 0 
73e09000-73e28000 rw-p 00000000 00:00 0 
73e28000-73f00000 rwxp 00000000 00:00 0 
73f00000-74000000 rw-p 00000000 00:00 0 
74002000-74042000 rwxp 00000000 00:00 0 
74042000-740be000 rw-p 00000000 00:00 0 
740be000-740c2000 rwxp 00000000 00:00 0 
740c2000-741e4000 rw-p 00000000 00:00 0 
741e4000-74200000 ---p 00000000 00:00 0 
74203000-7420b000 rwxp 00000000 00:00 0 
7420b000-7422a000 rw-p 00000000 00:00 0 
7422a000-7422e000 rwxp 00000000 00:00 0 
7422e000-7424d000 rw-p 00000000 00:00 0 
7424d000-74255000 rwxp 00000000 00:00 0 
74255000-742f0000 rw-p 00000000 00:00 0 
742f2000-74322000 rwxp 00000000 00:00 0 
74322000-7437f000 rw-p 00000000 00:00 0 
7437f000-7439b000 rwxp 00000000 00:00 0 
7439b000-743ba000 rw-p 00000000 00:00 0 
743ba000-743c6000 rwxp 00000000 00:00 0 
743c8000-743cc000 rwxp 00000000 00:00 0 
743cc000-743eb000 rw-p 00000000 00:00 0 
743eb000-743f3000 rwxp 00000000 00:00 0 
743f3000-74412000 rw-p 00000000 00:00 0 
74412000-74416000 rwxp 00000000 00:00 0 
74416000-74435000 rw-p 00000000 00:00 0 
74435000-74471000 rwxp 00000000 00:00 0 
74471000-74490000 rw-p 00000000 00:00 0 
74490000-74500000 rwxp 00000000 00:00 0 
74500000-745ff000 rw-p 00000000 00:00 0 
745ff000-74600000 ---p 00000000 00:00 0 
74601000-74619000 rwxp 00000000 00:00 0 
74619000-74638000 rw-p 00000000 00:00 0 
74638000-74640000 rwxp 00000000 00:00 0 
74640000-7467e000 rw-p 00000000 00:00 0 
7467e000-74696000 rwxp 00000000 00:00 0 
74696000-746b5000 rw-p 00000000 00:00 0 
746b5000-746b9000 rwxp 00000000 00:00 0 
746b9000-746d8000 rw-p 00000000 00:00 0 
746d8000-74700000 rwxp 00000000 00:00 0 
74700000-747c3000 rw-p 00000000 00:00 0 
747c3000-74800000 ---p 00000000 00:00 0 
74800000-748e8000 rw-p 00000000 00:00 0 
748e8000-74900000 ---p 00000000 00:00 0 
74900000-749d3000 rw-p 00000000 00:00 0 
749d3000-74a00000 ---p 00000000 00:00 0 
74a00000-74a04000 rwxp 00000000 00:00 0 
74a0a000-74a80000 rw-p 00000000 00:00 0 
74a80000-74e80000 rw-s 35d7a000 00:05 11162      /dev/nvidia0
74e80000-74f00000 rw-s 0acf7000 00:05 11162      /dev/nvidia0
74f00000-74ff9000 rw-p 00000000 00:00 0 
74ff9000-75000000 ---p 00000000 00:00 0 
75000000-750f8000 rw-p 00000000 00:00 0 
750f8000-75100000 ---p 00000000 00:00 0 
75100000-75200000 rw-p 00000000 00:00 0 
75200000-75210000 rwxp 00000000 00:00 0 
75210000-75242000 r-xp 00000000 08:07 4068605    /home/oukhay/Téléchargements/jdk1.7.0_51/jre/lib/i386/libjavafx-iio.so
75242000-75243000 r--p 00032000 08:07 4068605    /home/oukhay/Téléchargements/jdk1.7.0_51/jre/lib/i386/libjavafx-iio.so
75243000-75244000 rw-p 00033000 08:07 4068605    /home/oukhay/Téléchargements/jdk1.7.0_51/jre/lib/i386/libjavafx-iio.so
75244000-75284000 rwxp 00000000 00:00 0 
75284000-752a3000 rw-p 00000000 00:00 0 
752a3000-752b7000 rwxp 00000000 00:00 0 
752b7000-752d6000 rw-p 00000000 00:00 0 
752d6000-752fe000 rwxp 00000000 00:00 0 
752fe000-7531d000 rw-p 00000000 00:00 0 
7531d000-7532d000 rwxp 00000000 00:00 0 
7532d000-7534c000 rw-p 00000000 00:00 0 
7534c000-75370000 rwxp 00000000 00:00 0 
75370000-75438000 rw-p 00000000 00:00 0 
75438000-7543b000 ---p 00000000 00:00 0 
7543b000-75489000 rw-p 00000000 00:00 0 
75489000-7548c000 ---p 00000000 00:00 0 
7548c000-754da000 rw-p 00000000 00:00 0 
754da000-754dd000 ---p 00000000 00:00 0 
754dd000-7552b000 rw-p 00000000 00:00 0 
7552b000-7552f000 rwxp 00000000 00:00 0 
7552f000-7556d000 rw-p 00000000 00:00 0 
7556d000-75585000 rwxp 00000000 00:00 0 
75585000-755a4000 rw-p 00000000 00:00 0 
755a4000-75600000 rwxp 00000000 00:00 0 
75600000-756e5000 rw-p 00000000 00:00 0 
756e5000-75700000 ---p 00000000 00:00 0 
75700000-757fd000 rw-p 00000000 00:00 0 
757fd000-75800000 ---p 00000000 00:00 0 
75800000-75a00000 rw-s 32955000 00:05 11162      /dev/nvidia0
75a00000-75b00000 rw-p 00000000 00:00 0 
75b00000-75b14000 rwxp 00000000 00:00 0 
75b20000-75b5e000 rw-p 00000000 00:00 0 
75b5e000-75d00000 rw-p 00000000 00:00 0 
75d00000-75df5000 rw-p 00000000 00:00 0 
75df5000-75e00000 ---p 00000000 00:00 0 
75e01000-75e1d000 rwxp 00000000 00:00 0 
75e1d000-75e5b000 rw-p 00000000 00:00 0 
75e5b000-75e5e000 ---p 00000000 00:00 0 
75e5e000-75eac000 rw-p 00000000 00:00 0 
75eac000-75eaf000 ---p 00000000 00:00 0 
75eaf000-75efd000 rw-p 00000000 00:00 0          [stack:5553]
75efd000-75f00000 ---p 00000000 00:00 0 
75f00000-75f4e000 rw-p 00000000 00:00 0          [stack:5571]
75f4e000-75f51000 ---p 00000000 00:00 0 
75f51000-75f9f000 rw-p 00000000 00:00 0          [stack:5537]
75f9f000-75fa2000 ---p 00000000 00:00 0 
75fa2000-75ff0000 rw-p 00000000 00:00 0 
75ff0000-75ff3000 ---p 00000000 00:00 0 
75ff3000-76041000 rw-p 00000000 00:00 0          [stack:5450]
76041000-76044000 ---p 00000000 00:00 0 
76044000-76092000 rw-p 00000000 00:00 0          [stack:5449]
76092000-76095000 ---p 00000000 00:00 0 
76095000-760e3000 rw-p 00000000 00:00 0          [stack:5557]
760e3000-760e6000 ---p 00000000 00:00 0 
760e6000-76134000 rw-p 00000000 00:00 0          [stack:5559]
76134000-76137000 ---p 00000000 00:00 0 
76137000-76185000 rw-p 00000000 00:00 0 
76185000-76188000 ---p 00000000 00:00 0 
76188000-761d6000 rw-p 00000000 00:00 0          [stack:5572]
761d6000-761d9000 ---p 00000000 00:00 0 
761d9000-76227000 rw-p 00000000 00:00 0          [stack:5444]
76227000-7622a000 ---p 00000000 00:00 0 
7622a000-76278000 rw-p 00000000 00:00 0          [stack:5443]
76278000-7627b000 ---p 00000000 00:00 0 
7627b000-762c9000 rw-p 00000000 00:00 0 
762c9000-762cc000 ---p 00000000 00:00 0 
762cc000-7631a000 rw-p 00000000 00:00 0 
7631a000-7631d000 ---p 00000000 00:00 0 
7631d000-7636b000 rw-p 00000000 00:00 0          [stack:5440]
7636b000-7636e000 ---p 00000000 00:00 0 
7636e000-763bc000 rw-p 00000000 00:00 0          [stack:5569]
763bc000-763bf000 ---p 00000000 00:00 0 
763bf000-7640d000 rw-p 00000000 00:00 0          [stack:5438]
7640d000-76410000 ---p 00000000 00:00 0 
76410000-7645e000 rw-p 00000000 00:00 0          [stack:5435]
7645e000-76461000 ---p 00000000 00:00 0 
76461000-764af000 rw-p 00000000 00:00 0          [stack:5434]
764af000-764b2000 ---p 00000000 00:00 0 
764b2000-76500000 rw-p 00000000 00:00 0          [stack:5570]
76500000-76600000 rw-p 00000000 00:00 0 
76603000-76622000 rw-p 00000000 00:00 0 
76622000-76626000 rwxp 00000000 00:00 0 
76626000-76631000 r--s 0037c000 08:07 4068816    /home/oukhay/Téléchargements/jdk1.7.0_51/jre/lib/charsets.jar
76631000-7666f000 rw-p 00000000 00:00 0 
7666f000-766a3000 rwxp 00000000 00:00 0 
766a3000-766e1000 rw-p 00000000 00:00 0 
766e1000-766e4000 ---p 00000000 00:00 0 
766e4000-76a00000 rw-p 00000000 00:00 0          [stack:5568]
76a00000-76b00000 rw-p 00000000 00:00 0 
76b01000-76b03000 rw-p 00000000 00:00 0 
76b03000-76b0e000 r--s 0037c000 08:07 4068816    /home/oukhay/Téléchargements/jdk1.7.0_51/jre/lib/charsets.jar
76b0e000-76b12000 rwxp 00000000 00:00 0 
76b12000-76b8e000 rw-p 00000000 00:00 0 
76b8e000-76bc1000 r-xp 00000000 08:07 4068626    /home/oukhay/Téléchargements/jdk1.7.0_51/jre/lib/i386/libsunec.so
76bc1000-76bc5000 rw-p 00032000 08:07 4068626    /home/oukhay/Téléchargements/jdk1.7.0_51/jre/lib/i386/libsunec.so
76bc5000-76bc9000 rw-p 00000000 00:00 0 
76bc9000-76bfe000 r-xp 00000000 08:07 1837266    /usr/lib/i386-linux-gnu/gtk-2.0/2.10.0/engines/libmurrine.so
76bfe000-76bff000 r--p 00034000 08:07 1837266    /usr/lib/i386-linux-gnu/gtk-2.0/2.10.0/engines/libmurrine.so
76bff000-76c00000 rw-p 00035000 08:07 1837266    /usr/lib/i386-linux-gnu/gtk-2.0/2.10.0/engines/libmurrine.so
76c00000-76ce6000 rw-p 00000000 00:00 0 
76ce6000-76d00000 ---p 00000000 00:00 0 
76d00000-76df5000 rw-p 00000000 00:00 0 
76df5000-76e00000 ---p 00000000 00:00 0 
76e00000-76eef000 rw-p 00000000 00:00 0 
76eef000-76f00000 ---p 00000000 00:00 0 
76f00000-76f01000 rw-p 00000000 00:00 0 
76f01000-76f0d000 rwxp 00000000 00:00 0 
76f0d000-76f10000 ---p 00000000 00:00 0 
76f10000-76f5e000 rw-p 00000000 00:00 0          [stack:5561]
76f5e000-76f61000 ---p 00000000 00:00 0 
76f61000-76faf000 rw-p 00000000 00:00 0          [stack:5429]
76faf000-76fb2000 ---p 00000000 00:00 0 
76fb2000-77000000 rw-p 00000000 00:00 0          [stack:5428]
77000000-770fe000 rw-p 00000000 00:00 0 
770fe000-77100000 ---p 00000000 00:00 0 
77100000-77102000 r--s 00001000 08:07 4068566    /home/oukhay/Téléchargements/jdk1.7.0_51/jre/lib/ext/dnsns.jar
77102000-77112000 rwxp 00000000 00:00 0 
77112000-77117000 r-xp 00000000 08:07 787456     /lib/i386-linux-gnu/libnss_dns-2.17.so
77117000-77118000 r--p 00004000 08:07 787456     /lib/i386-linux-gnu/libnss_dns-2.17.so
77118000-77119000 rw-p 00005000 08:07 787456     /lib/i386-linux-gnu/libnss_dns-2.17.so
77119000-77519000 rw-p 00000000 00:00 0 
77519000-7751a000 ---p 00000000 00:00 0 
7751a000-77d1a000 rw-p 00000000 00:00 0          [stack:5427]
77d1a000-77e6d000 r-xp 00000000 08:07 1711553    /usr/lib/i386-linux-gnu/libxml2.so.2.9.1
77e6d000-77e6e000 ---p 00153000 08:07 1711553    /usr/lib/i386-linux-gnu/libxml2.so.2.9.1
77e6e000-77e72000 r--p 00153000 08:07 1711553    /usr/lib/i386-linux-gnu/libxml2.so.2.9.1
77e72000-77e73000 rw-p 00157000 08:07 1711553    /usr/lib/i386-linux-gnu/libxml2.so.2.9.1
77e73000-77e74000 rw-p 00000000 00:00 0 
77e74000-7943e000 r-xp 00000000 08:07 4068616    /home/oukhay/Téléchargements/jdk1.7.0_51/jre/lib/i386/libjfxwebkit.so
7943e000-794f3000 r--p 015ca000 08:07 4068616    /home/oukhay/Téléchargements/jdk1.7.0_51/jre/lib/i386/libjfxwebkit.so
794f3000-794f9000 rw-p 0167f000 08:07 4068616    /home/oukhay/Téléchargements/jdk1.7.0_51/jre/lib/i386/libjfxwebkit.so
794f9000-79500000 rw-p 00000000 00:00 0 
79500000-795f9000 rw-p 00000000 00:00 0 
795f9000-79600000 ---p 00000000 00:00 0 
79600000-79608000 rwxp 00000000 00:00 0 
79608000-7960c000 r--s 000f7000 08:07 4068568    /home/oukhay/Téléchargements/jdk1.7.0_51/jre/lib/ext/localedata.jar
7960c000-79610000 r--s 0002d000 08:07 4068567    /home/oukhay/Téléchargements/jdk1.7.0_51/jre/lib/ext/sunjce_provider.jar
79610000-79619000 r-xp 00000000 08:07 1837267    /usr/lib/i386-linux-gnu/gtk-2.0/2.10.0/engines/libpixmap.so
79619000-7961a000 r--p 00008000 08:07 1837267    /usr/lib/i386-linux-gnu/gtk-2.0/2.10.0/engines/libpixmap.so
7961a000-7961b000 rw-p 00009000 08:07 1837267    /usr/lib/i386-linux-gnu/gtk-2.0/2.10.0/engines/libpixmap.so
7961b000-7961e000 r--s 00037000 08:07 4068571    /home/oukhay/Téléchargements/jdk1.7.0_51/jre/lib/ext/sunpkcs11.jar
7961e000-79633000 r-xp 00000000 08:07 4068615    /home/oukhay/Téléchargements/jdk1.7.0_51/jre/lib/i386/libnet.so
79633000-79634000 rw-p 00014000 08:07 4068615    /home/oukhay/Téléchargements/jdk1.7.0_51/jre/lib/i386/libnet.so
79634000-79672000 rw-p 00000000 00:00 0 
79672000-79675000 ---p 00000000 00:00 0 
79675000-796c3000 rw-p 00000000 00:00 0          [stack:5426]
796c3000-796fe000 r-xp 00000000 08:07 1711555    /usr/lib/i386-linux-gnu/libxslt.so.1.1.28
796fe000-796ff000 r--p 0003b000 08:07 1711555    /usr/lib/i386-linux-gnu/libxslt.so.1.1.28
796ff000-79700000 rw-p 0003c000 08:07 1711555    /usr/lib/i386-linux-gnu/libxslt.so.1.1.28
79700000-797fb000 rw-p 00000000 00:00 0 
797fb000-79800000 ---p 00000000 00:00 0 
79800000-79900000 rw-p 00000000 00:00 0 
79900000-799f5000 rw-p 00000000 00:00 0 
799f5000-79a00000 ---p 00000000 00:00 0 
79a00000-79a01000 rw-p 00000000 00:00 0 
79a01000-79a02000 r--p 00000000 00:00 0 
79a02000-79a06000 r--s 0008a000 08:07 4068646    /home/oukhay/Téléchargements/jdk1.7.0_51/jre/lib/jsse.jar
79a06000-79a08000 r-xp 00000000 08:07 786473     /lib/libnss_mdns4_minimal.so.2
79a08000-79a09000 r--p 00001000 08:07 786473     /lib/libnss_mdns4_minimal.so.2
79a09000-79a0a000 rw-p 00002000 08:07 786473     /lib/libnss_mdns4_minimal.so.2
79a0a000-79a2f000 r-xp 00000000 08:07 787430     /lib/i386-linux-gnu/liblzma.so.5.0.0
79a2f000-79a30000 r--p 00024000 08:07 787430     /lib/i386-linux-gnu/liblzma.so.5.0.0
79a30000-79a31000 rw-p 00025000 08:07 787430     /lib/i386-linux-gnu/liblzma.so.5.0.0
79a31000-79a32000 r--s 00003000 08:07 4068569    /home/oukhay/Téléchargements/jdk1.7.0_51/jre/lib/ext/sunec.jar
79a32000-79a34000 r--s 00019000 08:07 4068864    /home/oukhay/Téléchargements/jdk1.7.0_51/jre/lib/jce.jar
79a34000-79a42000 r-xp 00000000 08:07 4068624    /home/oukhay/Téléchargements/jdk1.7.0_51/jre/lib/i386/libnio.so
79a42000-79a43000 rw-p 0000e000 08:07 4068624    /home/oukhay/Téléchargements/jdk1.7.0_51/jre/lib/i386/libnio.so
79a43000-79a47000 rwxp 00000000 00:00 0 
79a47000-79a49000 rw-p 00000000 00:00 0 
79a49000-79a4a000 r--s 00000000 08:07 2236148    /var/cache/fontconfig/c05880de57d1f5e948fdfacc138775d9-le32d4.cache-4
79a4a000-79a52000 r--s 00000000 08:07 2236141    /var/cache/fontconfig/945677eb7aeaf62f1d50efc3fb3ec7d8-le32d4.cache-4
79a52000-79a54000 r--s 00000000 08:07 2236143    /var/cache/fontconfig/99e8ed0e538f840c565b6ed5dad60d56-le32d4.cache-4
79a54000-79a58000 r--s 00000000 08:07 2236126    /var/cache/fontconfig/2cd17615ca594fa2959ae173292e504c-le32d4.cache-4
79a58000-79a59000 r--s 00000000 08:07 2236158    /var/cache/fontconfig/e7071f4a29fa870f4323321c154eba04-le32d4.cache-4
79a59000-79a5a000 r--s 00000000 08:07 2236123    /var/cache/fontconfig/0d8c3b2ac0904cb8a57a757ad11a4a08-le32d4.cache-4
79a5a000-79a5f000 r--s 00000000 08:07 2236145    /var/cache/fontconfig/a755afe4a08bf5b97852ceb7400b47bc-le32d4.cache-4
79a5f000-79a68000 r--s 00000000 08:07 2236136    /var/cache/fontconfig/6d41288fd70b0be22e8c3a91e032eec0-le32d4.cache-4
79a68000-79a77000 r--s 00000000 08:07 2236121    /var/cache/fontconfig/04aabc0a78ac019cf9454389977116d2-le32d4.cache-4
79a77000-79a78000 r--s 00000000 08:07 2236125    /var/cache/fontconfig/1ac9eb803944fde146138c791f5cc56a-le32d4.cache-4
79a78000-79a7b000 r--s 00000000 08:07 2236129    /var/cache/fontconfig/385c0604a188198f04d133e54aba7fe7-le32d4.cache-4
79a7b000-79a7e000 r--s 00000000 08:07 2236140    /var/cache/fontconfig/8801497958630a81b71ace7c5f9b32a8-le32d4.cache-4
79a7e000-79a83000 r--s 00000000 08:07 2236127    /var/cache/fontconfig/3047814df9a2f067bd2d96a2b9c36e5a-le32d4.cache-4
79a83000-79a87000 r--s 00000000 08:07 2236146    /var/cache/fontconfig/b47c4e1ecd0709278f4910c18777a504-le32d4.cache-4
79a87000-79a97000 r--s 00000000 08:07 2236152    /var/cache/fontconfig/d52a8644073d54c13679302ca1180695-le32d4.cache-4
79a97000-79a9e000 r--s 00000000 08:07 2236130    /var/cache/fontconfig/3f7329c5293ffd510edef78f73874cfd-le32d4.cache-4
79a9e000-79aa7000 r--s 00000000 08:07 2236153    /var/cache/fontconfig/d589a48862398ed80a3d6066f4f56f4c-le32d4.cache-4
79aa7000-79af4000 r-xp 00000000 08:07 4068621    /home/oukhay/Téléchargements/jdk1.7.0_51/jre/lib/i386/libjavafx-font.so
79af4000-79af5000 ---p 0004d000 08:07 4068621    /home/oukhay/Téléchargements/jdk1.7.0_51/jre/lib/i386/libjavafx-font.so
79af5000-79af8000 r--p 0004d000 08:07 4068621    /home/oukhay/Téléchargements/jdk1.7.0_51/jre/lib/i386/libjavafx-font.so
79af8000-79af9000 rw-p 00050000 08:07 4068621    /home/oukhay/Téléchargements/jdk1.7.0_51/jre/lib/i386/libjavafx-font.so
79af9000-79b6d000 rw-p 00000000 00:00 0 
79b6d000-79b70000 ---p 00000000 00:00 0 
79b70000-79bbe000 rw-p 00000000 00:00 0          [stack:5425]
79bbe000-79bc1000 ---p 00000000 00:00 0 
79bc1000-79c0f000 rw-p 00000000 00:00 0          [stack:5424]
79c0f000-79c15000 r-xp 00000000 08:07 1710664    /usr/lib/i386-linux-gnu/libdatrie.so.1.2.0
79c15000-79c16000 r--p 00006000 08:07 1710664    /usr/lib/i386-linux-gnu/libdatrie.so.1.2.0
79c16000-79c17000 rw-p 00007000 08:07 1710664    /usr/lib/i386-linux-gnu/libdatrie.so.1.2.0
79c17000-79c2f000 r-xp 00000000 08:07 1710918    /usr/lib/i386-linux-gnu/libgraphite2.so.3.0.1
79c2f000-79c30000 ---p 00018000 08:07 1710918    /usr/lib/i386-linux-gnu/libgraphite2.so.3.0.1
79c30000-79c31000 r--p 00018000 08:07 1710918    /usr/lib/i386-linux-gnu/libgraphite2.so.3.0.1
79c31000-79c32000 rw-p 00019000 08:07 1710918    /usr/lib/i386-linux-gnu/libgraphite2.so.3.0.1
79c32000-79c71000 r-xp 00000000 08:07 787480     /lib/i386-linux-gnu/libpcre.so.3.13.1
79c71000-79c72000 r--p 0003f000 08:07 787480     /lib/i386-linux-gnu/libpcre.so.3.13.1
79c72000-79c73000 rw-p 00040000 08:07 787480     /lib/i386-linux-gnu/libpcre.so.3.13.1
79c73000-79c78000 r-xp 00000000 08:07 1710746    /usr/lib/i386-linux-gnu/libffi.so.6.0.1
79c78000-79c79000 r--p 00005000 08:07 1710746    /usr/lib/i386-linux-gnu/libffi.so.6.0.1
79c79000-79c7a000 rw-p 00006000 08:07 1710746    /usr/lib/i386-linux-gnu/libffi.so.6.0.1
79c7a000-79c9f000 r-xp 00000000 08:07 787402     /lib/i386-linux-gnu/libexpat.so.1.6.0
79c9f000-79ca0000 ---p 00025000 08:07 787402     /lib/i386-linux-gnu/libexpat.so.1.6.0
79ca0000-79ca2000 r--p 00025000 08:07 787402     /lib/i386-linux-gnu/libexpat.so.1.6.0
79ca2000-79ca3000 rw-p 00027000 08:07 787402     /lib/i386-linux-gnu/libexpat.so.1.6.0
79ca3000-79cab000 r-xp 00000000 08:07 1711425    /usr/lib/i386-linux-gnu/libthai.so.0.2.0
79cab000-79cac000 r--p 00007000 08:07 1711425    /usr/lib/i386-linux-gnu/libthai.so.0.2.0
79cac000-79cad000 rw-p 00008000 08:07 1711425    /usr/lib/i386-linux-gnu/libthai.so.0.2.0
79cad000-79cb5000 r-xp 00000000 08:07 1711531    /usr/lib/i386-linux-gnu/libxcb-render.so.0.0.0
79cb5000-79cb6000 r--p 00008000 08:07 1711531    /usr/lib/i386-linux-gnu/libxcb-render.so.0.0.0
79cb6000-79cb7000 rw-p 00009000 08:07 1711531    /usr/lib/i386-linux-gnu/libxcb-render.so.0.0.0
79cb7000-79cb9000 r-xp 00000000 08:07 1711535    /usr/lib/i386-linux-gnu/libxcb-shm.so.0.0.0
79cb9000-79cba000 r--p 00001000 08:07 1711535    /usr/lib/i386-linux-gnu/libxcb-shm.so.0.0.0
79cba000-79cbb000 rw-p 00002000 08:07 1711535    /usr/lib/i386-linux-gnu/libxcb-shm.so.0.0.0
79cbb000-79ce1000 r-xp 00000000 08:07 787492     /lib/i386-linux-gnu/libpng12.so.0.49.0
79ce1000-79ce2000 r--p 00025000 08:07 787492     /lib/i386-linux-gnu/libpng12.so.0.49.0
79ce2000-79ce3000 rw-p 00026000 08:07 787492     /lib/i386-linux-gnu/libpng12.so.0.49.0
79ce3000-79d87000 r-xp 00000000 08:07 1711279    /usr/lib/i386-linux-gnu/libpixman-1.so.0.30.2
79d87000-79d8c000 r--p 000a4000 08:07 1711279    /usr/lib/i386-linux-gnu/libpixman-1.so.0.30.2
79d8c000-79d8d000 rw-p 000a9000 08:07 1711279    /usr/lib/i386-linux-gnu/libpixman-1.so.0.30.2
79d8d000-79dde000 r-xp 00000000 08:07 1711042    /usr/lib/i386-linux-gnu/libharfbuzz.so.0.919.0
79dde000-79ddf000 r--p 00051000 08:07 1711042    /usr/lib/i386-linux-gnu/libharfbuzz.so.0.919.0
79ddf000-79de0000 rw-p 00052000 08:07 1711042    /usr/lib/i386-linux-gnu/libharfbuzz.so.0.919.0
79de0000-79df3000 r-xp 00000000 08:07 787503     /lib/i386-linux-gnu/libresolv-2.17.so
79df3000-79df4000 r--p 00013000 08:07 787503     /lib/i386-linux-gnu/libresolv-2.17.so
79df4000-79df5000 rw-p 00014000 08:07 787503     /lib/i386-linux-gnu/libresolv-2.17.so
79df5000-79df7000 rw-p 00000000 00:00 0 
79df7000-79e17000 r-xp 00000000 08:07 787507     /lib/i386-linux-gnu/libselinux.so.1
79e17000-79e18000 r--p 0001f000 08:07 787507     /lib/i386-linux-gnu/libselinux.so.1
79e18000-79e19000 rw-p 00020000 08:07 787507     /lib/i386-linux-gnu/libselinux.so.1
79e19000-79e31000 r-xp 00000000 08:07 787538     /lib/i386-linux-gnu/libz.so.1.2.8
79e31000-79e32000 r--p 00017000 08:07 787538     /lib/i386-linux-gnu/libz.so.1.2.8
79e32000-79e33000 rw-p 00018000 08:07 787538     /lib/i386-linux-gnu/libz.so.1.2.8
79e33000-79e3c000 r-xp 00000000 08:07 1710462    /usr/lib/i386-linux-gnu/libXcursor.so.1.0.2
79e3c000-79e3d000 r--p 00008000 08:07 1710462    /usr/lib/i386-linux-gnu/libXcursor.so.1.0.2
79e3d000-79e3e000 rw-p 00009000 08:07 1710462    /usr/lib/i386-linux-gnu/libXcursor.so.1.0.2
79e3e000-79e47000 r-xp 00000000 08:07 1710488    /usr/lib/i386-linux-gnu/libXrandr.so.2.2.0
79e47000-79e48000 r--p 00008000 08:07 1710488    /usr/lib/i386-linux-gnu/libXrandr.so.2.2.0
79e48000-79e49000 rw-p 00009000 08:07 1710488    /usr/lib/i386-linux-gnu/libXrandr.so.2.2.0
79e49000-79e58000 r-xp 00000000 08:07 1710478    /usr/lib/i386-linux-gnu/libXi.so.6.1.0
79e58000-79e59000 r--p 0000e000 08:07 1710478    /usr/lib/i386-linux-gnu/libXi.so.6.1.0
79e59000-79e5a000 rw-p 0000f000 08:07 1710478    /usr/lib/i386-linux-gnu/libXi.so.6.1.0
79e5a000-79e75000 r-xp 00000000 08:07 787407     /lib/i386-linux-gnu/libgcc_s.so.1
79e75000-79e76000 r--p 0001a000 08:07 787407     /lib/i386-linux-gnu/libgcc_s.so.1
79e76000-79e77000 rw-p 0001b000 08:07 787407     /lib/i386-linux-gnu/libgcc_s.so.1
79e77000-79f54000 r-xp 00000000 08:07 1711407    /usr/lib/i386-linux-gnu/libstdc++.so.6.0.18
79f54000-79f58000 r--p 000dc000 08:07 1711407    /usr/lib/i386-linux-gnu/libstdc++.so.6.0.18
79f58000-79f59000 rw-p 000e0000 08:07 1711407    /usr/lib/i386-linux-gnu/libstdc++.so.6.0.18
79f59000-79f60000 rw-p 00000000 00:00 0 
79f60000-7a062000 r-xp 00000000 08:07 787411     /lib/i386-linux-gnu/libglib-2.0.so.0.3800.0
7a062000-7a063000 r--p 00101000 08:07 787411     /lib/i386-linux-gnu/libglib-2.0.so.0.3800.0
7a063000-7a064000 rw-p 00102000 08:07 787411     /lib/i386-linux-gnu/libglib-2.0.so.0.3800.0
7a064000-7a0b4000 r-xp 00000000 08:07 1710902    /usr/lib/i386-linux-gnu/libgobject-2.0.so.0.3800.0
7a0b4000-7a0b5000 r--p 0004f000 08:07 1710902    /usr/lib/i386-linux-gnu/libgobject-2.0.so.0.3800.0
7a0b5000-7a0b6000 rw-p 00050000 08:07 1710902    /usr/lib/i386-linux-gnu/libgobject-2.0.so.0.3800.0
7a0b6000-7a0ee000 r-xp 00000000 08:07 1710780    /usr/lib/i386-linux-gnu/libfontconfig.so.1.7.0
7a0ee000-7a0ef000 r--p 00038000 08:07 1710780    /usr/lib/i386-linux-gnu/libfontconfig.so.1.7.0
7a0ef000-7a0f0000 rw-p 00039000 08:07 1710780    /usr/lib/i386-linux-gnu/libfontconfig.so.1.7.0
7a0f0000-7a18a000 r-xp 00000000 08:07 1710806    /usr/lib/i386-linux-gnu/libfreetype.so.6.10.1
7a18a000-7a18e000 r--p 00099000 08:07 1710806    /usr/lib/i386-linux-gnu/libfreetype.so.6.10.1
7a18e000-7a18f000 rw-p 0009d000 08:07 1710806    /usr/lib/i386-linux-gnu/libfreetype.so.6.10.1
7a18f000-7a1d9000 r-xp 00000000 08:07 1711257    /usr/lib/i386-linux-gnu/libpango-1.0.so.0.3200.5
7a1d9000-7a1da000 ---p 0004a000 08:07 1711257    /usr/lib/i386-linux-gnu/libpango-1.0.so.0.3200.5
7a1da000-7a1db000 r--p 0004a000 08:07 1711257    /usr/lib/i386-linux-gnu/libpango-1.0.so.0.3200.5
7a1db000-7a1dc000 rw-p 0004b000 08:07 1711257    /usr/lib/i386-linux-gnu/libpango-1.0.so.0.3200.5
7a1dc000-7a2f9000 r-xp 00000000 08:07 1710596    /usr/lib/i386-linux-gnu/libcairo.so.2.11200.16
7a2f9000-7a2fb000 r--p 0011d000 08:07 1710596    /usr/lib/i386-linux-gnu/libcairo.so.2.11200.16
7a2fb000-7a2fc000 rw-p 0011f000 08:07 1710596    /usr/lib/i386-linux-gnu/libcairo.so.2.11200.16
7a2fc000-7a2fd000 rw-p 00000000 00:00 0 
7a2fd000-7a31e000 r-xp 00000000 08:07 1710843    /usr/lib/i386-linux-gnu/libgdk_pixbuf-2.0.so.0.2800.1
7a31e000-7a31f000 r--p 00020000 08:07 1710843    /usr/lib/i386-linux-gnu/libgdk_pixbuf-2.0.so.0.2800.1
7a31f000-7a320000 rw-p 00021000 08:07 1710843    /usr/lib/i386-linux-gnu/libgdk_pixbuf-2.0.so.0.2800.1
7a320000-7a48c000 r-xp 00000000 08:07 1710862    /usr/lib/i386-linux-gnu/libgio-2.0.so.0.3800.0
7a48c000-7a48d000 ---p 0016c000 08:07 1710862    /usr/lib/i386-linux-gnu/libgio-2.0.so.0.3800.0
7a48d000-7a48f000 r--p 0016c000 08:07 1710862    /usr/lib/i386-linux-gnu/libgio-2.0.so.0.3800.0
7a48f000-7a490000 rw-p 0016e000 08:07 1710862    /usr/lib/i386-linux-gnu/libgio-2.0.so.0.3800.0
7a490000-7a491000 rw-p 00000000 00:00 0 
7a491000-7a8f8000 r-xp 00000000 08:07 1711026    /usr/lib/i386-linux-gnu/libgtk-x11-2.0.so.0.2400.20
7a8f8000-7a8fc000 r--p 00466000 08:07 1711026    /usr/lib/i386-linux-gnu/libgtk-x11-2.0.so.0.2400.20
7a8fc000-7a8fe000 rw-p 0046a000 08:07 1711026    /usr/lib/i386-linux-gnu/libgtk-x11-2.0.so.0.2400.20
7a8fe000-7a900000 rw-p 00000000 00:00 0 
7a900000-7a9fb000 rw-p 00000000 00:00 0 
7a9fb000-7aa00000 ---p 00000000 00:00 0 
7aa00000-7aa02000 r--s 00000000 08:07 2236138    /var/cache/fontconfig/767a8244fc0220cfb567a839d0392e0b-le32d4.cache-4
7aa02000-7aa04000 r-xp 00000000 08:07 1710464    /usr/lib/i386-linux-gnu/libXdamage.so.1.1.0
7aa04000-7aa05000 r--p 00001000 08:07 1710464    /usr/lib/i386-linux-gnu/libXdamage.so.1.1.0
7aa05000-7aa06000 rw-p 00002000 08:07 1710464    /usr/lib/i386-linux-gnu/libXdamage.so.1.1.0
7aa06000-7aa08000 r-xp 00000000 08:07 1710460    /usr/lib/i386-linux-gnu/libXcomposite.so.1.0.0
7aa08000-7aa09000 r--p 00001000 08:07 1710460    /usr/lib/i386-linux-gnu/libXcomposite.so.1.0.0
7aa09000-7aa0a000 rw-p 00002000 08:07 1710460    /usr/lib/i386-linux-gnu/libXcomposite.so.1.0.0
7aa0a000-7aa13000 r-xp 00000000 08:07 1710490    /usr/lib/i386-linux-gnu/libXrender.so.1.3.0
7aa13000-7aa14000 r--p 00008000 08:07 1710490    /usr/lib/i386-linux-gnu/libXrender.so.1.3.0
7aa14000-7aa15000 rw-p 00009000 08:07 1710490    /usr/lib/i386-linux-gnu/libXrender.so.1.3.0
7aa15000-7aa19000 r-xp 00000000 08:07 1710472    /usr/lib/i386-linux-gnu/libXfixes.so.3.1.0
7aa19000-7aa1a000 r--p 00003000 08:07 1710472    /usr/lib/i386-linux-gnu/libXfixes.so.3.1.0
7aa1a000-7aa1b000 rw-p 00004000 08:07 1710472    /usr/lib/i386-linux-gnu/libXfixes.so.3.1.0
7aa1b000-7aa20000 r-xp 00000000 08:07 1710496    /usr/lib/i386-linux-gnu/libXtst.so.6.1.0
7aa20000-7aa21000 r--p 00004000 08:07 1710496    /usr/lib/i386-linux-gnu/libXtst.so.6.1.0
7aa21000-7aa22000 rw-p 00005000 08:07 1710496    /usr/lib/i386-linux-gnu/libXtst.so.6.1.0
7aa22000-7aacd000 r-xp 00000000 08:07 1710841    /usr/lib/i386-linux-gnu/libgdk-x11-2.0.so.0.2400.20
7aacd000-7aacf000 r--p 000ab000 08:07 1710841    /usr/lib/i386-linux-gnu/libgdk-x11-2.0.so.0.2400.20
7aacf000-7aad0000 rw-p 000ad000 08:07 1710841    /usr/lib/i386-linux-gnu/libgdk-x11-2.0.so.0.2400.20
7aad0000-7aad1000 rw-p 00000000 00:00 0 
7aad1000-7aad3000 r-xp 00000000 08:07 1710480    /usr/lib/i386-linux-gnu/libXinerama.so.1.0.0
7aad3000-7aad4000 r--p 00001000 08:07 1710480    /usr/lib/i386-linux-gnu/libXinerama.so.1.0.0
7aad4000-7aad5000 rw-p 00002000 08:07 1710480    /usr/lib/i386-linux-gnu/libXinerama.so.1.0.0
7aad5000-7acd5000 rw-s 36b56000 00:05 11162      /dev/nvidia0
7acd5000-7add5000 rw-s 32c95000 00:05 11162      /dev/nvidia0
7add5000-7addc000 rw-s 362d1000 00:05 11162      /dev/nvidia0
7addc000-7ade0000 rw-s 35193000 00:05 11162      /dev/nvidia0
7ade0000-7ae20000 rw-s 363a1000 00:05 11162      /dev/nvidia0
7ae20000-7ae40000 rw-p 00000000 00:00 0 
7ae40000-7aeef000 rw-p 00000000 00:00 0 
7aeef000-7aef0000 r--s 00000000 08:07 2236155    /var/cache/fontconfig/dc05db6664285cc2f12bf69c139ae4c3-le32d4.cache-4
7aef0000-7aef1000 r-xp 00000000 08:07 1711022    /usr/lib/i386-linux-gnu/libgthread-2.0.so.0.3800.0
7aef1000-7aef2000 r--p 00000000 08:07 1711022    /usr/lib/i386-linux-gnu/libgthread-2.0.so.0.3800.0
7aef2000-7aef3000 rw-p 00001000 08:07 1711022    /usr/lib/i386-linux-gnu/libgthread-2.0.so.0.3800.0
7aef3000-7aef6000 r-xp 00000000 08:07 1710876    /usr/lib/i386-linux-gnu/libgmodule-2.0.so.0.3800.0
7aef6000-7aef7000 r--p 00002000 08:07 1710876    /usr/lib/i386-linux-gnu/libgmodule-2.0.so.0.3800.0
7aef7000-7aef8000 rw-p 00003000 08:07 1710876    /usr/lib/i386-linux-gnu/libgmodule-2.0.so.0.3800.0
7aef8000-7af03000 r-xp 00000000 08:07 1711259    /usr/lib/i386-linux-gnu/libpangocairo-1.0.so.0.3200.5
7af03000-7af04000 r--p 0000a000 08:07 1711259    /usr/lib/i386-linux-gnu/libpangocairo-1.0.so.0.3200.5
7af04000-7af05000 rw-p 0000b000 08:07 1711259    /usr/lib/i386-linux-gnu/libpangocairo-1.0.so.0.3200.5
7af05000-7af18000 r-xp 00000000 08:07 1711261    /usr/lib/i386-linux-gnu/libpangoft2-1.0.so.0.3200.5
7af18000-7af19000 r--p 00013000 08:07 1711261    /usr/lib/i386-linux-gnu/libpangoft2-1.0.so.0.3200.5
7af19000-7af1a000 rw-p 00014000 08:07 1711261    /usr/lib/i386-linux-gnu/libpangoft2-1.0.so.0.3200.5
7af1a000-7af38000 r-xp 00000000 08:07 1710543    /usr/lib/i386-linux-gnu/libatk-1.0.so.0.21009.1
7af38000-7af3a000 r--p 0001d000 08:07 1710543    /usr/lib/i386-linux-gnu/libatk-1.0.so.0.21009.1
7af3a000-7af3b000 rw-p 0001f000 08:07 1710543    /usr/lib/i386-linux-gnu/libatk-1.0.so.0.21009.1
7af3b000-7af3c000 r--s 00000000 08:07 2236131    /var/cache/fontconfig/4794a0821666d79190d59a36cb4f44b5-le32d4.cache-4
7af3c000-7af3d000 r--s 00000000 08:07 2236133    /var/cache/fontconfig/56cf4f4769d0f4abc89a4895d7bd3ae1-le32d4.cache-4
7af3d000-7af3e000 r--s 00000000 08:07 2236147    /var/cache/fontconfig/b9d506c9ac06c20b433354fa67a72993-le32d4.cache-4
7af3e000-7af3f000 r--s 00000000 08:07 2236122    /var/cache/fontconfig/0c9eb80ebd1c36541ebe2852d3bb0c49-le32d4.cache-4
7af3f000-7af41000 r--s 00000000 08:07 2236192    /var/cache/fontconfig/e13b20fdb08344e0e664864cc2ede53d-le32d4.cache-4
7af41000-7af44000 r--s 00000000 08:07 2236139    /var/cache/fontconfig/7ef2298fde41cc6eeb7af42e48b7d293-le32d4.cache-4
7af44000-7af45000 r--s 00000000 08:07 3023874    /home/oukhay/.cache/fontconfig/0b30ef6e7d90ccfcc7232e9fca30d3f3-le32d4.cache-4
7af45000-7af4f000 r--s 00250000 08:07 4068561    /home/oukhay/Téléchargements/jdk1.7.0_51/jre/lib/resources.jar
7af4f000-7af51000 rw-s 00000000 08:07 1179661    /tmp/gl5W2jLl (deleted)
7af51000-7af53000 r-xs 00000000 08:07 1179661    /tmp/gl5W2jLl (deleted)
7af53000-7af75000 r-xp 00000000 08:07 4068617    /home/oukhay/Téléchargements/jdk1.7.0_51/jre/lib/i386/libglass.so
7af75000-7af76000 r--p 00021000 08:07 4068617    /home/oukhay/Téléchargements/jdk1.7.0_51/jre/lib/i386/libglass.so
7af76000-7af77000 rw-p 00022000 08:07 4068617    /home/oukhay/Téléchargements/jdk1.7.0_51/jre/lib/i386/libglass.so
7af77000-7af7a000 ---p 00000000 00:00 0 
7af7a000-7b047000 rw-p 00000000 00:00 0          [stack:5423]
7b047000-7b04c000 r-xp 00000000 08:07 1710468    /usr/lib/i386-linux-gnu/libXdmcp.so.6.0.0
7b04c000-7b04d000 r--p 00004000 08:07 1710468    /usr/lib/i386-linux-gnu/libXdmcp.so.6.0.0
7b04d000-7b04e000 rw-p 00005000 08:07 1710468    /usr/lib/i386-linux-gnu/libXdmcp.so.6.0.0
7b04e000-7b050000 r-xp 00000000 08:07 1710455    /usr/lib/i386-linux-gnu/libXau.so.6.0.0
7b050000-7b051000 r--p 00001000 08:07 1710455    /usr/lib/i386-linux-gnu/libXau.so.6.0.0
7b051000-7b052000 rw-p 00002000 08:07 1710455    /usr/lib/i386-linux-gnu/libXau.so.6.0.0
7b052000-7cfac000 r-xp 00000000 08:07 1714308    /usr/lib/nvidia-319/libnvidia-glcore.so.319.32
7cfac000-7d00a000 rwxp 01f59000 08:07 1714308    /usr/lib/nvidia-319/libnvidia-glcore.so.319.32
7d00a000-7d01c000 rwxp 00000000 00:00 0 
7d01c000-7d02d000 r-xp 00000000 08:07 1710470    /usr/lib/i386-linux-gnu/libXext.so.6.4.0
7d02d000-7d02e000 r--p 00010000 08:07 1710470    /usr/lib/i386-linux-gnu/libXext.so.6.4.0
7d02e000-7d02f000 rw-p 00011000 08:07 1710470    /usr/lib/i386-linux-gnu/libXext.so.6.4.0
7d02f000-7d04e000 r-xp 00000000 08:07 1711547    /usr/lib/i386-linux-gnu/libxcb.so.1.1.0
7d04e000-7d04f000 r--p 0001f000 08:07 1711547    /usr/lib/i386-linux-gnu/libxcb.so.1.1.0
7d04f000-7d050000 rw-p 00020000 08:07 1711547    /usr/lib/i386-linux-gnu/libxcb.so.1.1.0
7d050000-7d122000 r-xp 00000000 08:07 1714312    /usr/lib/nvidia-319/libGL.so.319.32
7d122000-7d143000 rwxp 000d1000 08:07 1714312    /usr/lib/nvidia-319/libGL.so.319.32
7d143000-7d152000 rwxp 00000000 00:00 0 
7d152000-7d156000 r-xp 00000000 08:07 1710502    /usr/lib/i386-linux-gnu/libXxf86vm.so.1.0.0
7d156000-7d157000 r--p 00004000 08:07 1710502    /usr/lib/i386-linux-gnu/libXxf86vm.so.1.0.0
7d157000-7d158000 rw-p 00005000 08:07 1710502    /usr/lib/i386-linux-gnu/libXxf86vm.so.1.0.0
7d158000-7d288000 r-xp 00000000 08:07 1710449    /usr/lib/i386-linux-gnu/libX11.so.6.3.0
7d288000-7d289000 ---p 00130000 08:07 1710449    /usr/lib/i386-linux-gnu/libX11.so.6.3.0
7d289000-7d28a000 r--p 00130000 08:07 1710449    /usr/lib/i386-linux-gnu/libX11.so.6.3.0
7d28a000-7d28c000 rw-p 00131000 08:07 1710449    /usr/lib/i386-linux-gnu/libX11.so.6.3.0
7d28c000-7d28e000 rw-p 00000000 00:00 0 
7d28e000-7d28f000 rw-s c0009000 00:05 11162      /dev/nvidia0
7d28f000-7d290000 rw-s 3545b000 00:05 11162      /dev/nvidia0
7d290000-7d2a5000 rw-s 31950000 00:05 11162      /dev/nvidia0
7d2a5000-7d2a8000 ---p 00000000 00:00 0 
7d2a8000-7d2f6000 rw-p 00000000 00:00 0          [stack:5422]
7d2f6000-7d309000 r--s 001a6000 08:07 4068711    /home/oukhay/Téléchargements/jdk1.7.0_51/jre/lib/plugin.jar
7d309000-7d30c000 ---p 00000000 00:00 0 
7d30c000-7d35a000 rw-p 00000000 00:00 0          [stack:5421]
7d35a000-7d375000 r-xp 00000000 08:07 4068607    /home/oukhay/Téléchargements/jdk1.7.0_51/jre/lib/i386/libdeploy.so
7d375000-7d376000 rw-p 0001b000 08:07 4068607    /home/oukhay/Téléchargements/jdk1.7.0_51/jre/lib/i386/libdeploy.so
7d376000-7d37a000 rw-p 00000000 00:00 0 
7d37a000-7d37d000 ---p 00000000 00:00 0 
7d37d000-7d3cb000 rw-p 00000000 00:00 0          [stack:5420]
7d3cb000-7d45a000 r--s 00de3000 08:07 4068709    /home/oukhay/Téléchargements/jdk1.7.0_51/jre/lib/jfxrt.jar
7d45a000-7d45b000 ---p 00000000 00:00 0 
7d45b000-7d4db000 rw-p 00000000 00:00 0          [stack:5419]
7d4db000-7d4de000 ---p 00000000 00:00 0 
7d4de000-7d52c000 rw-p 00000000 00:00 0          [stack:5418]
7d52c000-7d52f000 ---p 00000000 00:00 0 
7d52f000-7d5ad000 rw-p 00000000 00:00 0          [stack:5417]
7d5ad000-7d5b0000 ---p 00000000 00:00 0 
7d5b0000-7d62e000 rw-p 00000000 00:00 0          [stack:5416]
7d62e000-7d631000 ---p 00000000 00:00 0 
7d631000-7d67f000 rw-p 00000000 00:00 0          [stack:5415]
7d67f000-7d87f000 r--p 00000000 08:07 1711782    /usr/lib/locale/locale-archive
7d87f000-7d880000 ---p 00000000 00:00 0 
7d880000-7d900000 rw-p 00000000 00:00 0          [stack:5412]
7d900000-7da00000 rw-p 00000000 00:00 0 
7da00000-7da01000 rw-s d2c0a000 00:05 11162      /dev/nvidia0
7da01000-7da02000 rw-s d2641000 00:05 11162      /dev/nvidia0
7da02000-7da0a000 r-xp 00000000 08:07 4068630    /home/oukhay/Téléchargements/jdk1.7.0_51/jre/lib/i386/libprism-es2.so
7da0a000-7da0b000 r--p 00007000 08:07 4068630    /home/oukhay/Téléchargements/jdk1.7.0_51/jre/lib/i386/libprism-es2.so
7da0b000-7da0c000 rw-p 00008000 08:07 4068630    /home/oukhay/Téléchargements/jdk1.7.0_51/jre/lib/i386/libprism-es2.so
7da0c000-7da0f000 ---p 00000000 00:00 0 
7da0f000-7da5d000 rw-p 00000000 00:00 0          [stack:5414]
7da5d000-7dc1a000 r--s 039bf000 08:07 4068090    /home/oukhay/Téléchargements/jdk1.7.0_51/jre/lib/rt.jar
7dc1a000-7f900000 rw-p 00000000 00:00 0 
7f900000-7fa00000 rw-p 00000000 00:00 0 
7fa00000-7fa09000 r--s 000d4000 08:07 4068648    /home/oukhay/Téléchargements/jdk1.7.0_51/jre/lib/javaws.jar
7fa09000-7fa0c000 ---p 00000000 00:00 0 
7fa0c000-7fb00000 rw-p 00000000 00:00 0          [stack:5413]
7fb00000-7fbe3000 rw-p 00000000 00:00 0 
7fbe3000-7fc00000 ---p 00000000 00:00 0 
7fc00000-7fc01000 rw-s 30d10000 00:05 11162      /dev/nvidia0
7fc01000-7fc04000 r-xp 00000000 08:07 1714306    /usr/lib/nvidia-319/tls/libnvidia-tls.so.319.32
7fc04000-7fc05000 rw-p 00003000 08:07 1714306    /usr/lib/nvidia-319/tls/libnvidia-tls.so.319.32
7fc05000-7fc1d000 r--s 00439000 08:07 4068710    /home/oukhay/Téléchargements/jdk1.7.0_51/jre/lib/deploy.jar
7fc1d000-7fc25000 r--s 000c3000 08:07 3544075    /home/oukhay/NetBeansProjects/JetSetMag/dist/run569490906/lib/mysql-connector-java-5.1.23-bin.jar
7fc25000-7fc26000 ---p 00000000 00:00 0 
7fc26000-7fca6000 rw-p 00000000 00:00 0          [stack:5411]
7fca6000-7fca7000 ---p 00000000 00:00 0 
7fca7000-7fd41000 rw-p 00000000 00:00 0          [stack:5410]
7fd41000-7fe24000 rw-p 00000000 00:00 0 
7fe24000-7fe34000 rw-p 00000000 00:00 0 
7fe34000-7fe44000 rw-p 00000000 00:00 0 
7fe44000-7fe5e000 rw-p 00000000 00:00 0 
7fe5e000-7ff40000 rw-p 00000000 00:00 0 
7ff40000-7ff9c000 rw-p 00000000 00:00 0 
7ff9c000-7ffbf000 rw-p 00000000 00:00 0 
7ffbf000-81e80000 rw-p 00000000 00:00 0 
81e80000-83fc0000 rw-p 00000000 00:00 0 
83fc0000-873c0000 rw-p 00000000 00:00 0 
873c0000-a3900000 rw-p 00000000 00:00 0 
a3900000-aee40000 rw-p 00000000 00:00 0 
aee40000-b35c0000 rw-p 00000000 00:00 0 
b35c0000-b35c1000 rw-s 32b1e000 00:05 11162      /dev/nvidia0
b35c1000-b35c2000 rw-s d2060000 00:05 11162      /dev/nvidia0
b35c2000-b35e6000 rw-p 00000000 00:00 0 
b35e6000-b35f6000 rw-p 00000000 00:00 0 
b35f6000-b35ff000 rw-p 00000000 00:00 0 
b35ff000-b36b6000 rw-p 00000000 00:00 0 
b36b6000-b38f6000 rwxp 00000000 00:00 0 
b38f6000-b66b6000 rw-p 00000000 00:00 0 
b66b6000-b66c1000 r-xp 00000000 08:07 787458     /lib/i386-linux-gnu/libnss_files-2.17.so
b66c1000-b66c2000 r--p 0000a000 08:07 787458     /lib/i386-linux-gnu/libnss_files-2.17.so
b66c2000-b66c3000 rw-p 0000b000 08:07 787458     /lib/i386-linux-gnu/libnss_files-2.17.so
b66c3000-b66cd000 r-xp 00000000 08:07 787462     /lib/i386-linux-gnu/libnss_nis-2.17.so
b66cd000-b66ce000 r--p 00009000 08:07 787462     /lib/i386-linux-gnu/libnss_nis-2.17.so
b66ce000-b66cf000 rw-p 0000a000 08:07 787462     /lib/i386-linux-gnu/libnss_nis-2.17.so
b66cf000-b66e4000 r-xp 00000000 08:07 787452     /lib/i386-linux-gnu/libnsl-2.17.so
b66e4000-b66e5000 r--p 00014000 08:07 787452     /lib/i386-linux-gnu/libnsl-2.17.so
b66e5000-b66e6000 rw-p 00015000 08:07 787452     /lib/i386-linux-gnu/libnsl-2.17.so
b66e6000-b66e8000 rw-p 00000000 00:00 0 
b66e8000-b66ff000 r-xp 00000000 08:07 4068637    /home/oukhay/Téléchargements/jdk1.7.0_51/jre/lib/i386/libzip.so
b66ff000-b6700000 rw-p 00017000 08:07 4068637    /home/oukhay/Téléchargements/jdk1.7.0_51/jre/lib/i386/libzip.so
b6700000-b67f3000 rw-p 00000000 00:00 0 
b67f3000-b6800000 ---p 00000000 00:00 0 
b6800000-b6802000 r--s 000f5000 08:07 3544072    /home/oukhay/NetBeansProjects/JetSetMag/dist/run569490906/JetSetMag.jar
b6802000-b6803000 r--p 002ca000 08:07 1711782    /usr/lib/locale/locale-archive
b6803000-b680b000 rw-s 00000000 08:07 1310745    /tmp/hsperfdata_oukhay/5405
b680b000-b682e000 r-xp 00000000 08:07 4068600    /home/oukhay/Téléchargements/jdk1.7.0_51/jre/lib/i386/libjava.so
b682e000-b682f000 rw-p 00022000 08:07 4068600    /home/oukhay/Téléchargements/jdk1.7.0_51/jre/lib/i386/libjava.so
b682f000-b6836000 r-xp 00000000 08:07 787505     /lib/i386-linux-gnu/librt-2.17.so
b6836000-b6837000 r--p 00006000 08:07 787505     /lib/i386-linux-gnu/librt-2.17.so
b6837000-b6838000 rw-p 00007000 08:07 787505     /lib/i386-linux-gnu/librt-2.17.so
b6838000-b683b000 ---p 00000000 00:00 0 
b683b000-b6889000 rw-p 00000000 00:00 0          [stack:5408]
b6889000-b68ca000 r-xp 00000000 08:07 787433     /lib/i386-linux-gnu/libm-2.17.so
b68ca000-b68cb000 r--p 00040000 08:07 787433     /lib/i386-linux-gnu/libm-2.17.so
b68cb000-b68cc000 rw-p 00041000 08:07 787433     /lib/i386-linux-gnu/libm-2.17.so
b68cc000-b7143000 r-xp 00000000 08:07 4068636    /home/oukhay/Téléchargements/jdk1.7.0_51/jre/lib/i386/server/libjvm.so
b7143000-b71a7000 rw-p 00877000 08:07 4068636    /home/oukhay/Téléchargements/jdk1.7.0_51/jre/lib/i386/server/libjvm.so
b71a7000-b75cb000 rw-p 00000000 00:00 0 
b75cb000-b7779000 r-xp 00000000 08:07 787382     /lib/i386-linux-gnu/libc-2.17.so
b7779000-b777b000 r--p 001ae000 08:07 787382     /lib/i386-linux-gnu/libc-2.17.so
b777b000-b777c000 rw-p 001b0000 08:07 787382     /lib/i386-linux-gnu/libc-2.17.so
b777c000-b777f000 rw-p 00000000 00:00 0 
b777f000-b7782000 r-xp 00000000 08:07 787397     /lib/i386-linux-gnu/libdl-2.17.so
b7782000-b7783000 r--p 00002000 08:07 787397     /lib/i386-linux-gnu/libdl-2.17.so
b7783000-b7784000 rw-p 00003000 08:07 787397     /lib/i386-linux-gnu/libdl-2.17.so
b7784000-b7797000 r-xp 00000000 08:07 3418865    /home/oukhay/Téléchargements/jdk1.7.0_51/lib/i386/jli/libjli.so
b7797000-b7798000 rw-p 00012000 08:07 3418865    /home/oukhay/Téléchargements/jdk1.7.0_51/lib/i386/jli/libjli.so
b7798000-b7799000 rw-p 00000000 00:00 0 
b7799000-b77b0000 r-xp 00000000 08:07 787497     /lib/i386-linux-gnu/libpthread-2.17.so
b77b0000-b77b1000 r--p 00016000 08:07 787497     /lib/i386-linux-gnu/libpthread-2.17.so
b77b1000-b77b2000 rw-p 00017000 08:07 787497     /lib/i386-linux-gnu/libpthread-2.17.so
b77b2000-b77b4000 rw-p 00000000 00:00 0 
b77b4000-b77b5000 r--p 002c9000 08:07 1711782    /usr/lib/locale/locale-archive
b77b5000-b77bc000 r-xp 00000000 08:07 787454     /lib/i386-linux-gnu/libnss_compat-2.17.so
b77bc000-b77bd000 r--p 00006000 08:07 787454     /lib/i386-linux-gnu/libnss_compat-2.17.so
b77bd000-b77be000 rw-p 00007000 08:07 787454     /lib/i386-linux-gnu/libnss_compat-2.17.so
b77be000-b77bf000 rw-p 00000000 00:00 0 
b77bf000-b77c0000 r--p 00000000 00:00 0 
b77c0000-b77cb000 r-xp 00000000 08:07 4068582    /home/oukhay/Téléchargements/jdk1.7.0_51/jre/lib/i386/libverify.so
b77cb000-b77cc000 rw-p 0000b000 08:07 4068582    /home/oukhay/Téléchargements/jdk1.7.0_51/jre/lib/i386/libverify.so
b77cc000-b77ce000 rw-p 00000000 00:00 0 
b77ce000-b77cf000 r-xp 00000000 00:00 0          [vdso]
b77cf000-b77ef000 r-xp 00000000 08:07 787358     /lib/i386-linux-gnu/ld-2.17.so
b77ef000-b77f0000 r--p 0001f000 08:07 787358     /lib/i386-linux-gnu/ld-2.17.so
b77f0000-b77f1000 rw-p 00020000 08:07 787358     /lib/i386-linux-gnu/ld-2.17.so
bf91b000-bf93c000 rw-p 00000000 00:00 0          [stack]

VM Arguments:
jvm_args: -Dfile.encoding=UTF-8 
java_command: /home/oukhay/NetBeansProjects/JetSetMag/dist/run569490906/JetSetMag.jar
Launcher Type: SUN_STANDARD

Environment Variables:
PATH=/usr/local/sbin:/usr/local/bin:/usr/sbin:/usr/bin:/sbin:/bin:/usr/games:/usr/local/games
USERNAME=oukhay
LD_LIBRARY_PATH=/usr/lib/jvm/java-7-openjdk-i386/jre/lib/amd64:/usr/lib/jvm/java-7-openjdk-i386/jre/lib/i386:
SHELL=/bin/bash
DISPLAY=:0

Signal Handlers:
SIGSEGV: [libjvm.so+0x7dd5e0], sa_mask[0]=0x7ffbfeff, sa_flags=0x10000004
SIGBUS: [libjvm.so+0x7dd5e0], sa_mask[0]=0x7ffbfeff, sa_flags=0x10000004
SIGFPE: [libjvm.so+0x678d60], sa_mask[0]=0x7ffbfeff, sa_flags=0x10000004
SIGPIPE: SIG_IGN, sa_mask[0]=0x00001000, sa_flags=0x10000000
SIGXFSZ: [libjvm.so+0x678d60], sa_mask[0]=0x7ffbfeff, sa_flags=0x10000004
SIGILL: [libjvm.so+0x678d60], sa_mask[0]=0x7ffbfeff, sa_flags=0x10000004
SIGUSR1: SIG_DFL, sa_mask[0]=0x00000000, sa_flags=0x00000000
SIGUSR2: [libjvm.so+0x67a250], sa_mask[0]=0x00000004, sa_flags=0x10000004
SIGHUP: [libjvm.so+0x67b3a0], sa_mask[0]=0x7ffbfeff, sa_flags=0x10000004
SIGINT: SIG_IGN, sa_mask[0]=0x00000000, sa_flags=0x00000000
SIGTERM: [libjvm.so+0x67b3a0], sa_mask[0]=0x7ffbfeff, sa_flags=0x10000004
SIGQUIT: [libjvm.so+0x67b3a0], sa_mask[0]=0x7ffbfeff, sa_flags=0x10000004


---------------  S Y S T E M  ---------------

OS:wheezy/sid

uname:Linux 3.11.0-12-generic #19-Ubuntu SMP Wed Oct 9 16:12:00 UTC 2013 i686
libc:glibc 2.17 NPTL 2.17 
rlimit: STACK 8192k, CORE 0k, NPROC 24022, NOFILE 4096, AS infinity
load average:0.44 0.68 0.54

/proc/meminfo:
MemTotal:        3100380 kB
MemFree:          250256 kB
Buffers:           34160 kB
Cached:           717940 kB
SwapCached:          120 kB
Active:          2270160 kB
Inactive:         432756 kB
Active(anon):    1897348 kB
Inactive(anon):    79112 kB
Active(file):     372812 kB
Inactive(file):   353644 kB
Unevictable:           0 kB
Mlocked:               0 kB
HighTotal:       2229852 kB
HighFree:          28108 kB
LowTotal:         870528 kB
LowFree:          222148 kB
SwapTotal:       2928636 kB
SwapFree:        2928332 kB
Dirty:             21480 kB
Writeback:             0 kB
AnonPages:       1950736 kB
Mapped:           279228 kB
Shmem:             25600 kB
Slab:              48980 kB
SReclaimable:      30608 kB
SUnreclaim:        18372 kB
KernelStack:        4240 kB
PageTables:        17368 kB
NFS_Unstable:          0 kB
Bounce:                0 kB
WritebackTmp:          0 kB
CommitLimit:     4478824 kB
Committed_AS:    4748896 kB
VmallocTotal:     122880 kB
VmallocUsed:       51860 kB
VmallocChunk:      57620 kB
HardwareCorrupted:     0 kB
AnonHugePages:         0 kB
HugePages_Total:       0
HugePages_Free:        0
HugePages_Rsvd:        0
HugePages_Surp:        0
Hugepagesize:       2048 kB
DirectMap4k:      133112 kB
DirectMap2M:      780288 kB


CPU:total 2 (2 cores per cpu, 1 threads per core) family 6 model 23 stepping 10, cmov, cx8, fxsr, mmx, sse, sse2, sse3, ssse3, tsc

/proc/cpuinfo:
processor	: 0
vendor_id	: GenuineIntel
cpu family	: 6
model		: 23
model name	: Pentium(R) Dual-Core CPU       T4200  @ 2.00GHz
stepping	: 10
microcode	: 0xa07
cpu MHz		: 2000.000
cache size	: 1024 KB
physical id	: 0
siblings	: 2
core id		: 0
cpu cores	: 2
apicid		: 0
initial apicid	: 0
fdiv_bug	: no
f00f_bug	: no
coma_bug	: no
fpu		: yes
fpu_exception	: yes
cpuid level	: 13
wp		: yes
flags		: fpu vme de pse tsc msr pae mce cx8 apic sep mtrr pge mca cmov pat pse36 clflush dts acpi mmx fxsr sse sse2 ss ht tm pbe nx lm constant_tsc arch_perfmon pebs bts aperfmperf pni dtes64 monitor ds_cpl est tm2 ssse3 cx16 xtpr pdcm xsave lahf_lm dtherm
bogomips	: 3990.57
clflush size	: 64
cache_alignment	: 64
address sizes	: 36 bits physical, 48 bits virtual
power management:

processor	: 1
vendor_id	: GenuineIntel
cpu family	: 6
model		: 23
model name	: Pentium(R) Dual-Core CPU       T4200  @ 2.00GHz
stepping	: 10
microcode	: 0xa07
cpu MHz		: 2000.000
cache size	: 1024 KB
physical id	: 0
siblings	: 2
core id		: 1
cpu cores	: 2
apicid		: 1
initial apicid	: 1
fdiv_bug	: no
f00f_bug	: no
coma_bug	: no
fpu		: yes
fpu_exception	: yes
cpuid level	: 13
wp		: yes
flags		: fpu vme de pse tsc msr pae mce cx8 apic sep mtrr pge mca cmov pat pse36 clflush dts acpi mmx fxsr sse sse2 ss ht tm pbe nx lm constant_tsc arch_perfmon pebs bts aperfmperf pni dtes64 monitor ds_cpl est tm2 ssse3 cx16 xtpr pdcm xsave lahf_lm dtherm
bogomips	: 3990.57
clflush size	: 64
cache_alignment	: 64
address sizes	: 36 bits physical, 48 bits virtual
power management:



Memory: 4k page, physical 3100380k(250256k free), swap 2928636k(2928332k free)

vm_info: Java HotSpot(TM) Server VM (24.51-b03) for linux-x86 JRE (1.7.0_51-b13), built on Dec 18 2013 18:45:30 by "java_re" with gcc 4.3.0 20080428 (Red Hat 4.3.0-8)

time: Thu Feb 27 21:46:59 2014
elapsed time: 48 seconds

